

================================================================
== Vivado HLS Report for 'boxfilter200205'
================================================================
* Date:           Sun Mar 14 17:36:40 2021

* Version:        2019.2 (Build 2704478 on Wed Nov 06 22:10:23 MST 2019)
* Project:        fishery
* Solution:       solution1
* Product family: zynquplus
* Target device:  xczu9eg-ffvb1156-2-e


================================================================
== Performance Estimates
================================================================
+ Timing: 
    * Summary: 
    +--------+----------+----------+------------+
    |  Clock |  Target  | Estimated| Uncertainty|
    +--------+----------+----------+------------+
    |ap_clk  | 10.00 ns | 4.286 ns |   1.25 ns  |
    +--------+----------+----------+------------+

+ Latency: 
    * Summary: 
    +---------+---------+----------+----------+--------+--------+---------+
    |  Latency (cycles) |  Latency (absolute) |     Interval    | Pipeline|
    |   min   |   max   |    min   |    max   |   min  |   max  |   Type  |
    +---------+---------+----------+----------+--------+--------+---------+
    |   137283|   137283| 1.373 ms | 1.373 ms |  137283|  137283|   none  |
    +---------+---------+----------+----------+--------+--------+---------+

    + Detail: 
        * Instance: 
        N/A

        * Loop: 
        +----------+---------+---------+----------+-----------+-----------+--------+----------+
        |          |  Latency (cycles) | Iteration|  Initiation Interval  |  Trip  |          |
        | Loop Name|   min   |   max   |  Latency |  achieved |   target  |  Count | Pipelined|
        +----------+---------+---------+----------+-----------+-----------+--------+----------+
        |- Loop 1  |   137281|   137281|         3|          1|          1|  137280|    yes   |
        +----------+---------+---------+----------+-----------+-----------+--------+----------+



================================================================
== Utilization Estimates
================================================================
* Summary: 
+-----------------+---------+-------+--------+--------+-----+
|       Name      | BRAM_18K| DSP48E|   FF   |   LUT  | URAM|
+-----------------+---------+-------+--------+--------+-----+
|DSP              |        -|      -|       -|       -|    -|
|Expression       |        -|      -|       0|     684|    -|
|FIFO             |        -|      -|       -|       -|    -|
|Instance         |        -|      -|       0|    2164|    -|
|Memory           |       33|      -|       0|       0|    0|
|Multiplexer      |        -|      -|       -|     189|    -|
|Register         |        -|      -|     526|       -|    -|
+-----------------+---------+-------+--------+--------+-----+
|Total            |       33|      0|     526|    3037|    0|
+-----------------+---------+-------+--------+--------+-----+
|Available        |     1824|   2520|  548160|  274080|    0|
+-----------------+---------+-------+--------+--------+-----+
|Utilization (%)  |        1|      0|   ~0   |       1|    0|
+-----------------+---------+-------+--------+--------+-----+

+ Detail: 
    * Instance: 
    +--------------------------+----------------------+---------+-------+---+------+-----+
    |         Instance         |        Module        | BRAM_18K| DSP48E| FF|  LUT | URAM|
    +--------------------------+----------------------+---------+-------+---+------+-----+
    |net_holes_detectiIfE_U27  |net_holes_detectiIfE  |        0|      0|  0|  1082|    0|
    |net_holes_detectiIfE_U28  |net_holes_detectiIfE  |        0|      0|  0|  1082|    0|
    +--------------------------+----------------------+---------+-------+---+------+-----+
    |Total                     |                      |        0|      0|  0|  2164|    0|
    +--------------------------+----------------------+---------+-------+---+------+-----+

    * DSP48E: 
    N/A

    * Memory: 
    +------------------+----------------------+---------+---+----+-----+------+-----+------+-------------+
    |      Memory      |        Module        | BRAM_18K| FF| LUT| URAM| Words| Bits| Banks| W*Bits*Banks|
    +------------------+----------------------+---------+---+----+-----+------+-----+------+-------------+
    |imCum_val_0_V_U   |boxfilter200205_ibkb  |        1|  0|   0|    0|   480|   32|     1|        15360|
    |imCum_val_1_V_U   |boxfilter200205_ibkb  |        1|  0|   0|    0|   480|   32|     1|        15360|
    |imCum_val_2_V_U   |boxfilter200205_ibkb  |        1|  0|   0|    0|   480|   32|     1|        15360|
    |imCum_val_3_V_U   |boxfilter200205_ibkb  |        1|  0|   0|    0|   480|   32|     1|        15360|
    |imCum_val_4_V_U   |boxfilter200205_ibkb  |        1|  0|   0|    0|   480|   32|     1|        15360|
    |imCum_val_5_V_U   |boxfilter200205_ibkb  |        1|  0|   0|    0|   480|   32|     1|        15360|
    |imCum_val_6_V_U   |boxfilter200205_ibkb  |        1|  0|   0|    0|   480|   32|     1|        15360|
    |imCum_val_7_V_U   |boxfilter200205_ibkb  |        1|  0|   0|    0|   480|   32|     1|        15360|
    |imCum_val_8_V_U   |boxfilter200205_ibkb  |        1|  0|   0|    0|   480|   32|     1|        15360|
    |imCum_val_9_V_U   |boxfilter200205_ibkb  |        1|  0|   0|    0|   480|   32|     1|        15360|
    |imCum_val_10_V_U  |boxfilter200205_ibkb  |        1|  0|   0|    0|   480|   32|     1|        15360|
    |imCum_val_11_V_U  |boxfilter200205_ibkb  |        1|  0|   0|    0|   480|   32|     1|        15360|
    |imCum_val_12_V_U  |boxfilter200205_ibkb  |        1|  0|   0|    0|   480|   32|     1|        15360|
    |imCum_val_13_V_U  |boxfilter200205_ibkb  |        1|  0|   0|    0|   480|   32|     1|        15360|
    |imCum_val_14_V_U  |boxfilter200205_ibkb  |        1|  0|   0|    0|   480|   32|     1|        15360|
    |imCum_val_15_V_U  |boxfilter200205_ibkb  |        1|  0|   0|    0|   480|   32|     1|        15360|
    |imCum_val_16_V_U  |boxfilter200205_ibkb  |        1|  0|   0|    0|   480|   32|     1|        15360|
    |imCum_val_17_V_U  |boxfilter200205_ibkb  |        1|  0|   0|    0|   480|   32|     1|        15360|
    |imCum_val_18_V_U  |boxfilter200205_ibkb  |        1|  0|   0|    0|   480|   32|     1|        15360|
    |imCum_val_19_V_U  |boxfilter200205_ibkb  |        1|  0|   0|    0|   480|   32|     1|        15360|
    |imCum_val_20_V_U  |boxfilter200205_ibkb  |        1|  0|   0|    0|   480|   32|     1|        15360|
    |imCum_val_21_V_U  |boxfilter200205_ibkb  |        1|  0|   0|    0|   480|   32|     1|        15360|
    |imCum_val_22_V_U  |boxfilter200205_ibkb  |        1|  0|   0|    0|   480|   32|     1|        15360|
    |imCum_val_23_V_U  |boxfilter200205_ibkb  |        1|  0|   0|    0|   480|   32|     1|        15360|
    |imCum_val_24_V_U  |boxfilter200205_ibkb  |        1|  0|   0|    0|   480|   32|     1|        15360|
    |imCum_val_25_V_U  |boxfilter200205_ibkb  |        1|  0|   0|    0|   480|   32|     1|        15360|
    |imCum_val_26_V_U  |boxfilter200205_ibkb  |        1|  0|   0|    0|   480|   32|     1|        15360|
    |imCum_val_27_V_U  |boxfilter200205_ibkb  |        1|  0|   0|    0|   480|   32|     1|        15360|
    |imCum_val_28_V_U  |boxfilter200205_ibkb  |        1|  0|   0|    0|   480|   32|     1|        15360|
    |imCum_val_29_V_U  |boxfilter200205_ibkb  |        1|  0|   0|    0|   480|   32|     1|        15360|
    |imCum_val_30_V_U  |boxfilter200205_ibkb  |        1|  0|   0|    0|   480|   32|     1|        15360|
    |imCum_val_31_V_U  |boxfilter200205_ibkb  |        1|  0|   0|    0|   480|   32|     1|        15360|
    |imCum_val_32_V_U  |boxfilter200205_ibkb  |        1|  0|   0|    0|   480|   32|     1|        15360|
    +------------------+----------------------+---------+---+----+-----+------+-----+------+-------------+
    |Total             |                      |       33|  0|   0|    0| 15840| 1056|    33|       506880|
    +------------------+----------------------+---------+---+----+-----+------+-----+------+-------------+

    * FIFO: 
    N/A

    * Expression: 
    +----------------------------------+----------+-------+---+----+------------+------------+
    |           Variable Name          | Operation| DSP48E| FF| LUT| Bitwidth P0| Bitwidth P1|
    +----------------------------------+----------+-------+---+----+------------+------------+
    |add_ln109_fu_945_p2               |     +    |      0|  0|  25|          18|           1|
    |myx1_fu_1374_p2                   |     +    |      0|  0|  39|          32|           1|
    |myx_fu_1410_p2                    |     +    |      0|  0|  39|          32|           1|
    |temp3_V_fu_1306_p2                |     +    |      0|  0|  39|          32|          32|
    |x_fu_951_p2                       |     +    |      0|  0|  16|           9|           1|
    |y_fu_1135_p2                      |     +    |      0|  0|  16|           9|           1|
    |temp1_V_fu_1433_p2                |     -    |      0|  0|  39|          32|          32|
    |temp6_V_fu_1439_p2                |     -    |      0|  0|  39|          32|          32|
    |and_ln136_5_fu_1035_p2            |    and   |      0|  0|   2|           1|           1|
    |and_ln136_fu_927_p2               |    and   |      0|  0|   2|           1|           1|
    |and_ln146_fu_1363_p2              |    and   |      0|  0|   2|           1|           1|
    |ap_condition_60                   |    and   |      0|  0|   2|           1|           1|
    |ap_condition_646                  |    and   |      0|  0|   2|           1|           1|
    |ap_condition_688                  |    and   |      0|  0|   2|           1|           1|
    |ap_predicate_op240_read_state3    |    and   |      0|  0|   2|           1|           1|
    |ap_predicate_op300_write_state4   |    and   |      0|  0|   2|           1|           1|
    |ap_predicate_op304_write_state4   |    and   |      0|  0|   2|           1|           1|
    |ap_predicate_op309_write_state4   |    and   |      0|  0|   2|           1|           1|
    |icmp_ln109_fu_939_p2              |   icmp   |      0|  0|  20|          18|          18|
    |icmp_ln110_fu_957_p2              |   icmp   |      0|  0|  13|           9|           7|
    |icmp_ln113_5_fu_971_p2            |   icmp   |      0|  0|  13|           9|           1|
    |icmp_ln113_fu_887_p2              |   icmp   |      0|  0|  13|           9|           1|
    |icmp_ln122_5_fu_985_p2            |   icmp   |      0|  0|  13|           9|           9|
    |icmp_ln122_fu_893_p2              |   icmp   |      0|  0|  13|           9|           9|
    |icmp_ln136_5_fu_1029_p2           |   icmp   |      0|  0|  13|           9|           6|
    |icmp_ln136_fu_921_p2              |   icmp   |      0|  0|  13|           9|           6|
    |icmp_ln140402_fu_1055_p2          |   icmp   |      0|  0|  13|           9|           9|
    |icmp_ln140_fu_1049_p2             |   icmp   |      0|  0|  13|           9|           9|
    |icmp_ln146_fu_1358_p2             |   icmp   |      0|  0|  13|           9|           7|
    |icmp_ln879_5_fu_1404_p2           |   icmp   |      0|  0|  20|          32|           6|
    |icmp_ln879_fu_1368_p2             |   icmp   |      0|  0|  20|          32|           6|
    |icmp_ln891_10_fu_999_p2           |   icmp   |      0|  0|  13|           9|           6|
    |icmp_ln891_11_fu_915_p2           |   icmp   |      0|  0|  11|           5|           1|
    |icmp_ln891_12_fu_1023_p2          |   icmp   |      0|  0|  11|           5|           1|
    |icmp_ln891_fu_899_p2              |   icmp   |      0|  0|  13|           9|           6|
    |ap_block_pp0_stage0_01001         |    or    |      0|  0|   2|           1|           1|
    |ap_block_state1                   |    or    |      0|  0|   2|           1|           1|
    |ap_block_state3_pp0_stage0_iter1  |    or    |      0|  0|   2|           1|           1|
    |ap_block_state4_pp0_stage0_iter2  |    or    |      0|  0|   2|           1|           1|
    |or_ln133_5_fu_1069_p2             |    or    |      0|  0|   2|           1|           1|
    |or_ln133_fu_933_p2                |    or    |      0|  0|   2|           1|           1|
    |myx1_10_fu_1388_p3                |  select  |      0|  0|  32|           1|          32|
    |myx1_9_fu_1380_p3                 |  select  |      0|  0|  32|           1|           1|
    |myx_5_fu_1416_p3                  |  select  |      0|  0|  32|           1|           1|
    |select_ln109_fu_1083_p3           |  select  |      0|  0|   9|           1|           9|
    |select_ln1598_25_fu_977_p3        |  select  |      0|  0|   2|           1|           1|
    |select_ln1598_26_fu_991_p3        |  select  |      0|  0|   2|           1|           1|
    |select_ln1598_27_fu_1005_p3       |  select  |      0|  0|   2|           1|           1|
    |select_ln1598_28_fu_1041_p3       |  select  |      0|  0|   2|           1|           1|
    |select_ln1598_29_fu_1061_p3       |  select  |      0|  0|   2|           1|           1|
    |select_ln1598_30_fu_1075_p3       |  select  |      0|  0|   2|           1|           1|
    |select_ln1598_fu_963_p3           |  select  |      0|  0|   9|           1|           1|
    |temp_V_5_fu_1299_p3               |  select  |      0|  0|  32|           1|          32|
    |ap_enable_pp0                     |    xor   |      0|  0|   2|           1|           2|
    |ap_enable_reg_pp0_iter1           |    xor   |      0|  0|   2|           2|           1|
    +----------------------------------+----------+-------+---+----+------------+------------+
    |Total                             |          |      0|  0| 684|         427|         310|
    +----------------------------------+----------+-------+---+----+------------+------------+

    * Multiplexer: 
    +----------------------------------------+----+-----------+-----+-----------+
    |                  Name                  | LUT| Input Size| Bits| Total Bits|
    +----------------------------------------+----+-----------+-----+-----------+
    |N_V_V_blk_n                             |   9|          2|    1|          2|
    |N_V_V_din                               |  21|          4|   32|        128|
    |ONES_V_V_blk_n                          |   9|          2|    1|          2|
    |ap_NS_fsm                               |  21|          4|    1|          4|
    |ap_done                                 |   9|          2|    1|          2|
    |ap_enable_reg_pp0_iter1                 |   9|          2|    1|          2|
    |ap_enable_reg_pp0_iter2                 |   9|          2|    1|          2|
    |ap_sig_allocacmp_i_op_assign_10_load_1  |   9|          2|   32|         64|
    |i_op_assign_10_fu_140                   |   9|          2|   32|         64|
    |i_op_assign_9_fu_148                    |   9|          2|   32|         64|
    |i_op_assign_reg_848                     |   9|          2|    9|         18|
    |imCum_val_0_V_address1                  |  15|          3|    9|         27|
    |imCum_val_0_V_d1                        |  15|          3|   32|         96|
    |indvar_flatten_reg_837                  |   9|          2|   18|         36|
    |p_Val2_48_fu_152                        |   9|          2|   32|         64|
    |real_start                              |   9|          2|    1|          2|
    |y_0_i_reg_859                           |   9|          2|    9|         18|
    +----------------------------------------+----+-----------+-----+-----------+
    |Total                                   | 189|         40|  244|        595|
    +----------------------------------------+----+-----------+-----+-----------+

    * Register: 
    +-----------------------------------------+----+----+-----+-----------+
    |                   Name                  | FF | LUT| Bits| Const Bits|
    +-----------------------------------------+----+----+-----+-----------+
    |ap_CS_fsm                                |   3|   0|    3|          0|
    |ap_done_reg                              |   1|   0|    1|          0|
    |ap_enable_reg_pp0_iter0                  |   1|   0|    1|          0|
    |ap_enable_reg_pp0_iter1                  |   1|   0|    1|          0|
    |ap_enable_reg_pp0_iter2                  |   1|   0|    1|          0|
    |i_op_assign_10_fu_140                    |  32|   0|   32|          0|
    |i_op_assign_9_fu_148                     |  32|   0|   32|          0|
    |i_op_assign_reg_848                      |   9|   0|    9|          0|
    |imCum_val_0_V_addr_5_reg_1522            |   9|   0|    9|          0|
    |imCum_val_10_V_addr_reg_1582             |   9|   0|    9|          0|
    |imCum_val_11_V_addr_reg_1588             |   9|   0|    9|          0|
    |imCum_val_12_V_addr_reg_1594             |   9|   0|    9|          0|
    |imCum_val_13_V_addr_reg_1600             |   9|   0|    9|          0|
    |imCum_val_14_V_addr_reg_1606             |   9|   0|    9|          0|
    |imCum_val_15_V_addr_reg_1612             |   9|   0|    9|          0|
    |imCum_val_16_V_addr_reg_1618             |   9|   0|    9|          0|
    |imCum_val_17_V_addr_reg_1624             |   9|   0|    9|          0|
    |imCum_val_18_V_addr_reg_1630             |   9|   0|    9|          0|
    |imCum_val_19_V_addr_reg_1636             |   9|   0|    9|          0|
    |imCum_val_1_V_addr_reg_1528              |   9|   0|    9|          0|
    |imCum_val_20_V_addr_reg_1642             |   9|   0|    9|          0|
    |imCum_val_21_V_addr_reg_1648             |   9|   0|    9|          0|
    |imCum_val_22_V_addr_reg_1654             |   9|   0|    9|          0|
    |imCum_val_23_V_addr_reg_1660             |   9|   0|    9|          0|
    |imCum_val_24_V_addr_reg_1666             |   9|   0|    9|          0|
    |imCum_val_25_V_addr_reg_1672             |   9|   0|    9|          0|
    |imCum_val_26_V_addr_reg_1678             |   9|   0|    9|          0|
    |imCum_val_27_V_addr_reg_1684             |   9|   0|    9|          0|
    |imCum_val_28_V_addr_reg_1690             |   9|   0|    9|          0|
    |imCum_val_29_V_addr_reg_1696             |   9|   0|    9|          0|
    |imCum_val_2_V_addr_reg_1534              |   9|   0|    9|          0|
    |imCum_val_30_V_addr_reg_1702             |   9|   0|    9|          0|
    |imCum_val_31_V_addr_reg_1708             |   9|   0|    9|          0|
    |imCum_val_32_V_addr_reg_1714             |   9|   0|    9|          0|
    |imCum_val_3_V_addr_reg_1540              |   9|   0|    9|          0|
    |imCum_val_4_V_addr_reg_1546              |   9|   0|    9|          0|
    |imCum_val_5_V_addr_reg_1552              |   9|   0|    9|          0|
    |imCum_val_6_V_addr_reg_1558              |   9|   0|    9|          0|
    |imCum_val_7_V_addr_reg_1564              |   9|   0|    9|          0|
    |imCum_val_8_V_addr_reg_1570              |   9|   0|    9|          0|
    |imCum_val_9_V_addr_reg_1576              |   9|   0|    9|          0|
    |indvar_flatten_reg_837                   |  18|   0|   18|          0|
    |p_Val2_48_fu_152                         |  32|   0|   32|          0|
    |p_Val2_s_fu_144                          |  32|   0|   32|          0|
    |select_ln1598_25_reg_1491                |   1|   0|    1|          0|
    |select_ln1598_25_reg_1491_pp0_iter1_reg  |   1|   0|    1|          0|
    |select_ln1598_26_reg_1495                |   1|   0|    1|          0|
    |select_ln1598_27_reg_1500                |   1|   0|    1|          0|
    |select_ln1598_28_reg_1505                |   1|   0|    1|          0|
    |select_ln1598_28_reg_1505_pp0_iter1_reg  |   1|   0|    1|          0|
    |select_ln1598_29_reg_1509                |   1|   0|    1|          0|
    |select_ln1598_29_reg_1509_pp0_iter1_reg  |   1|   0|    1|          0|
    |select_ln1598_30_reg_1513                |   1|   0|    1|          0|
    |select_ln1598_30_reg_1513_pp0_iter1_reg  |   1|   0|    1|          0|
    |select_ln1598_reg_1485                   |   9|   0|    9|          0|
    |start_once_reg                           |   1|   0|    1|          0|
    |temp4_V_reg_1730                         |  32|   0|   32|          0|
    |trunc_ln203_10_reg_1720                  |   6|   0|    6|          0|
    |y_0_i_reg_859                            |   9|   0|    9|          0|
    +-----------------------------------------+----+----+-----+-----------+
    |Total                                    | 526|   0|  526|          0|
    +-----------------------------------------+----+----+-----+-----------+



================================================================
== Interface
================================================================
* Summary: 
+------------------+-----+-----+------------+-----------------+--------------+
|     RTL Ports    | Dir | Bits|  Protocol  |  Source Object  |    C Type    |
+------------------+-----+-----+------------+-----------------+--------------+
|ap_clk            |  in |    1| ap_ctrl_hs | boxfilter200205 | return value |
|ap_rst            |  in |    1| ap_ctrl_hs | boxfilter200205 | return value |
|ap_start          |  in |    1| ap_ctrl_hs | boxfilter200205 | return value |
|start_full_n      |  in |    1| ap_ctrl_hs | boxfilter200205 | return value |
|ap_done           | out |    1| ap_ctrl_hs | boxfilter200205 | return value |
|ap_continue       |  in |    1| ap_ctrl_hs | boxfilter200205 | return value |
|ap_idle           | out |    1| ap_ctrl_hs | boxfilter200205 | return value |
|ap_ready          | out |    1| ap_ctrl_hs | boxfilter200205 | return value |
|start_out         | out |    1| ap_ctrl_hs | boxfilter200205 | return value |
|start_write       | out |    1| ap_ctrl_hs | boxfilter200205 | return value |
|ONES_V_V_dout     |  in |   32|   ap_fifo  |     ONES_V_V    |    pointer   |
|ONES_V_V_empty_n  |  in |    1|   ap_fifo  |     ONES_V_V    |    pointer   |
|ONES_V_V_read     | out |    1|   ap_fifo  |     ONES_V_V    |    pointer   |
|N_V_V_din         | out |   32|   ap_fifo  |      N_V_V      |    pointer   |
|N_V_V_full_n      |  in |    1|   ap_fifo  |      N_V_V      |    pointer   |
|N_V_V_write       | out |    1|   ap_fifo  |      N_V_V      |    pointer   |
+------------------+-----+-----+------------+-----------------+--------------+

