

================================================================
== Vivado HLS Report for 'Duplicate270'
================================================================
* Date:           Sun Mar 14 17:37:29 2021

* Version:        2019.2 (Build 2704478 on Wed Nov 06 22:10:23 MST 2019)
* Project:        fishery
* Solution:       solution1
* Product family: zynquplus
* Target device:  xczu9eg-ffvb1156-2-e


================================================================
== Performance Estimates
================================================================
+ Timing: 
    * Summary: 
    +--------+----------+----------+------------+
    |  Clock |  Target  | Estimated| Uncertainty|
    +--------+----------+----------+------------+
    |ap_clk  | 10.00 ns | 3.676 ns |   1.25 ns  |
    +--------+----------+----------+------------+

+ Latency: 
    * Summary: 
    +---------+---------+-----------+----------+-----+--------+---------+
    |  Latency (cycles) |  Latency (absolute)  |   Interval   | Pipeline|
    |   min   |   max   |    min    |    max   | min |   max  |   Type  |
    +---------+---------+-----------+----------+-----+--------+---------+
    |        1|   130411| 10.000 ns | 1.304 ms |    1|  130411|   none  |
    +---------+---------+-----------+----------+-----+--------+---------+

    + Detail: 
        * Instance: 
        N/A

        * Loop: 
        +---------------+---------+---------+----------+-----------+-----------+---------+----------+
        |               |  Latency (cycles) | Iteration|  Initiation Interval  |   Trip  |          |
        |   Loop Name   |   min   |   max   |  Latency |  achieved |   target  |  Count  | Pipelined|
        +---------------+---------+---------+----------+-----------+-----------+---------+----------+
        |- loop_height  |        0|   130410|  3 ~ 483 |          -|          -| 0 ~ 270 |    no    |
        | + loop_width  |        0|      480|         2|          1|          1| 0 ~ 480 |    yes   |
        +---------------+---------+---------+----------+-----------+-----------+---------+----------+



================================================================
== Utilization Estimates
================================================================
* Summary: 
+-----------------+---------+-------+--------+--------+-----+
|       Name      | BRAM_18K| DSP48E|   FF   |   LUT  | URAM|
+-----------------+---------+-------+--------+--------+-----+
|DSP              |        -|      -|       -|       -|    -|
|Expression       |        -|      -|       0|     128|    -|
|FIFO             |        -|      -|       -|       -|    -|
|Instance         |        -|      -|       -|       -|    -|
|Memory           |        -|      -|       -|       -|    -|
|Multiplexer      |        -|      -|       -|     123|    -|
|Register         |        -|      -|     169|       -|    -|
+-----------------+---------+-------+--------+--------+-----+
|Total            |        0|      0|     169|     251|    0|
+-----------------+---------+-------+--------+--------+-----+
|Available        |     1824|   2520|  548160|  274080|    0|
+-----------------+---------+-------+--------+--------+-----+
|Utilization (%)  |        0|      0|   ~0   |   ~0   |    0|
+-----------------+---------+-------+--------+--------+-----+

+ Detail: 
    * Instance: 
    N/A

    * DSP48E: 
    N/A

    * Memory: 
    N/A

    * FIFO: 
    N/A

    * Expression: 
    +----------------------------------+----------+-------+---+----+------------+------------+
    |           Variable Name          | Operation| DSP48E| FF| LUT| Bitwidth P0| Bitwidth P1|
    +----------------------------------+----------+-------+---+----+------------+------------+
    |i_V_fu_131_p2                     |     +    |      0|  0|  39|          32|           1|
    |j_V_fu_142_p2                     |     +    |      0|  0|  39|          32|           1|
    |ap_block_pp0_stage0_01001         |    and   |      0|  0|   2|           1|           1|
    |icmp_ln1557_fu_126_p2             |   icmp   |      0|  0|  20|          32|          32|
    |icmp_ln1558_fu_137_p2             |   icmp   |      0|  0|  20|          32|          32|
    |ap_block_state1                   |    or    |      0|  0|   2|           1|           1|
    |ap_block_state4_pp0_stage0_iter1  |    or    |      0|  0|   2|           1|           1|
    |ap_enable_pp0                     |    xor   |      0|  0|   2|           1|           2|
    |ap_enable_reg_pp0_iter1           |    xor   |      0|  0|   2|           2|           1|
    +----------------------------------+----------+-------+---+----+------------+------------+
    |Total                             |          |      0|  0| 128|         134|          72|
    +----------------------------------+----------+-------+---+----+------------+------------+

    * Multiplexer: 
    +--------------------------+----+-----------+-----+-----------+
    |           Name           | LUT| Input Size| Bits| Total Bits|
    +--------------------------+----+-----------+-----+-----------+
    |ap_NS_fsm                 |  27|          5|    1|          5|
    |ap_done                   |   9|          2|    1|          2|
    |ap_enable_reg_pp0_iter1   |  15|          3|    1|          3|
    |dst1_data_stream_V_blk_n  |   9|          2|    1|          2|
    |dst2_data_stream_V_blk_n  |   9|          2|    1|          2|
    |real_start                |   9|          2|    1|          2|
    |src_cols_V_blk_n          |   9|          2|    1|          2|
    |src_data_stream_V_blk_n   |   9|          2|    1|          2|
    |src_rows_V_blk_n          |   9|          2|    1|          2|
    |t_V_8_reg_107             |   9|          2|   32|         64|
    |t_V_reg_96                |   9|          2|   32|         64|
    +--------------------------+----+-----------+-----+-----------+
    |Total                     | 123|         26|   73|        150|
    +--------------------------+----+-----------+-----+-----------+

    * Register: 
    +-------------------------+----+----+-----+-----------+
    |           Name          | FF | LUT| Bits| Const Bits|
    +-------------------------+----+----+-----+-----------+
    |ap_CS_fsm                |   4|   0|    4|          0|
    |ap_done_reg              |   1|   0|    1|          0|
    |ap_enable_reg_pp0_iter0  |   1|   0|    1|          0|
    |ap_enable_reg_pp0_iter1  |   1|   0|    1|          0|
    |cols_V_reg_153           |  32|   0|   32|          0|
    |i_V_reg_162              |  32|   0|   32|          0|
    |icmp_ln1558_reg_167      |   1|   0|    1|          0|
    |rows_V_reg_148           |  32|   0|   32|          0|
    |start_once_reg           |   1|   0|    1|          0|
    |t_V_8_reg_107            |  32|   0|   32|          0|
    |t_V_reg_96               |  32|   0|   32|          0|
    +-------------------------+----+----+-----+-----------+
    |Total                    | 169|   0|  169|          0|
    +-------------------------+----+----+-----+-----------+



================================================================
== Interface
================================================================
* Summary: 
+---------------------------+-----+-----+------------+--------------------+--------------+
|         RTL Ports         | Dir | Bits|  Protocol  |    Source Object   |    C Type    |
+---------------------------+-----+-----+------------+--------------------+--------------+
|ap_clk                     |  in |    1| ap_ctrl_hs |    Duplicate270    | return value |
|ap_rst                     |  in |    1| ap_ctrl_hs |    Duplicate270    | return value |
|ap_start                   |  in |    1| ap_ctrl_hs |    Duplicate270    | return value |
|start_full_n               |  in |    1| ap_ctrl_hs |    Duplicate270    | return value |
|ap_done                    | out |    1| ap_ctrl_hs |    Duplicate270    | return value |
|ap_continue                |  in |    1| ap_ctrl_hs |    Duplicate270    | return value |
|ap_idle                    | out |    1| ap_ctrl_hs |    Duplicate270    | return value |
|ap_ready                   | out |    1| ap_ctrl_hs |    Duplicate270    | return value |
|start_out                  | out |    1| ap_ctrl_hs |    Duplicate270    | return value |
|start_write                | out |    1| ap_ctrl_hs |    Duplicate270    | return value |
|src_rows_V_dout            |  in |   10|   ap_fifo  |     src_rows_V     |    pointer   |
|src_rows_V_empty_n         |  in |    1|   ap_fifo  |     src_rows_V     |    pointer   |
|src_rows_V_read            | out |    1|   ap_fifo  |     src_rows_V     |    pointer   |
|src_cols_V_dout            |  in |   10|   ap_fifo  |     src_cols_V     |    pointer   |
|src_cols_V_empty_n         |  in |    1|   ap_fifo  |     src_cols_V     |    pointer   |
|src_cols_V_read            | out |    1|   ap_fifo  |     src_cols_V     |    pointer   |
|src_data_stream_V_dout     |  in |   16|   ap_fifo  |  src_data_stream_V |    pointer   |
|src_data_stream_V_empty_n  |  in |    1|   ap_fifo  |  src_data_stream_V |    pointer   |
|src_data_stream_V_read     | out |    1|   ap_fifo  |  src_data_stream_V |    pointer   |
|dst1_data_stream_V_din     | out |   16|   ap_fifo  | dst1_data_stream_V |    pointer   |
|dst1_data_stream_V_full_n  |  in |    1|   ap_fifo  | dst1_data_stream_V |    pointer   |
|dst1_data_stream_V_write   | out |    1|   ap_fifo  | dst1_data_stream_V |    pointer   |
|dst2_data_stream_V_din     | out |   16|   ap_fifo  | dst2_data_stream_V |    pointer   |
|dst2_data_stream_V_full_n  |  in |    1|   ap_fifo  | dst2_data_stream_V |    pointer   |
|dst2_data_stream_V_write   | out |    1|   ap_fifo  | dst2_data_stream_V |    pointer   |
+---------------------------+-----+-----+------------+--------------------+--------------+

