

================================================================
== Vivado HLS Report for 'guidedfilter204'
================================================================
* Date:           Sun Mar 14 17:37:08 2021

* Version:        2019.2 (Build 2704478 on Wed Nov 06 22:10:23 MST 2019)
* Project:        fishery
* Solution:       solution1
* Product family: zynquplus
* Target device:  xczu9eg-ffvb1156-2-e


================================================================
== Performance Estimates
================================================================
+ Timing: 
    * Summary: 
    +--------+----------+----------+------------+
    |  Clock |  Target  | Estimated| Uncertainty|
    +--------+----------+----------+------------+
    |ap_clk  | 10.00 ns | 8.084 ns |   1.25 ns  |
    +--------+----------+----------+------------+

+ Latency: 
    * Summary: 
    +---------+---------+----------+----------+--------+--------+----------+
    |  Latency (cycles) |  Latency (absolute) |     Interval    | Pipeline |
    |   min   |   max   |    min   |    max   |   min  |   max  |   Type   |
    +---------+---------+----------+----------+--------+--------+----------+
    |   137443|   137443| 1.374 ms | 1.374 ms |  137284|  137284| dataflow |
    +---------+---------+----------+----------+--------+--------+----------+

    + Detail: 
        * Instance: 
        +-------------------------+----------------------+---------+---------+----------+----------+--------+--------+---------+
        |                         |                      |  Latency (cycles) |  Latency (absolute) |     Interval    | Pipeline|
        |         Instance        |        Module        |   min   |   max   |    min   |    max   |   min  |   max  |   Type  |
        +-------------------------+----------------------+---------+---------+----------+----------+--------+--------+---------+
        |compute_a_b208_U0        |compute_a_b208        |   129706|   129706| 1.297 ms | 1.297 ms |  129706|  129706|   none  |
        |compute_I_enhanced21_U0  |compute_I_enhanced21  |   129654|   129654| 1.297 ms | 1.297 ms |  129654|  129654|   none  |
        |boxfilter200205_U0       |boxfilter200205       |   137283|   137283| 1.373 ms | 1.373 ms |  137283|  137283|   none  |
        |boxfilter201206_U0       |boxfilter201206       |   137283|   137283| 1.373 ms | 1.373 ms |  137283|  137283|   none  |
        |boxfilter202207_U0       |boxfilter202207       |   137283|   137283| 1.373 ms | 1.373 ms |  137283|  137283|   none  |
        |boxfilter203209_U0       |boxfilter203209       |   137283|   137283| 1.373 ms | 1.373 ms |  137283|  137283|   none  |
        |boxfilter210_U0          |boxfilter210          |   137283|   137283| 1.373 ms | 1.373 ms |  137283|  137283|   none  |
        +-------------------------+----------------------+---------+---------+----------+----------+--------+--------+---------+

        * Loop: 
        N/A



================================================================
== Utilization Estimates
================================================================
* Summary: 
+-----------------+---------+-------+--------+--------+-----+
|       Name      | BRAM_18K| DSP48E|   FF   |   LUT  | URAM|
+-----------------+---------+-------+--------+--------+-----+
|DSP              |        -|      -|       -|       -|    -|
|Expression       |        -|      -|       0|      58|    -|
|FIFO             |        0|      -|      40|     352|    -|
|Instance         |      169|     12|   28338|   35614|    0|
|Memory           |        -|      -|       -|       -|    -|
|Multiplexer      |        -|      -|       -|      72|    -|
|Register         |        -|      -|      12|       -|    -|
+-----------------+---------+-------+--------+--------+-----+
|Total            |      169|     12|   28390|   36096|    0|
+-----------------+---------+-------+--------+--------+-----+
|Available        |     1824|   2520|  548160|  274080|    0|
+-----------------+---------+-------+--------+--------+-----+
|Utilization (%)  |        9|   ~0  |       5|      13|    0|
+-----------------+---------+-------+--------+--------+-----+

+ Detail: 
    * Instance: 
    +-------------------------+----------------------+---------+-------+-------+-------+-----+
    |         Instance        |        Module        | BRAM_18K| DSP48E|   FF  |  LUT  | URAM|
    +-------------------------+----------------------+---------+-------+-------+-------+-----+
    |boxfilter200205_U0       |boxfilter200205       |       33|      0|    526|   3037|    0|
    |boxfilter201206_U0       |boxfilter201206       |       33|      0|    525|   3028|    0|
    |boxfilter202207_U0       |boxfilter202207       |       33|      0|    525|   3028|    0|
    |boxfilter203209_U0       |boxfilter203209       |       33|      0|    525|   3028|    0|
    |boxfilter210_U0          |boxfilter210          |       33|      0|    525|   3028|    0|
    |compute_I_enhanced21_U0  |compute_I_enhanced21  |        0|      4|  10242|   8259|    0|
    |compute_a_b208_U0        |compute_a_b208        |        4|      8|  15470|  12206|    0|
    +-------------------------+----------------------+---------+-------+-------+-------+-----+
    |Total                    |                      |      169|     12|  28338|  35614|    0|
    +-------------------------+----------------------+---------+-------+-------+-------+-----+

    * DSP48E: 
    N/A

    * Memory: 
    N/A

    * FIFO: 
    +---------------+---------+---+----+-----+------+-----+---------+
    |      Name     | BRAM_18K| FF| LUT| URAM| Depth| Bits| Size:D*B|
    +---------------+---------+---+----+-----+------+-----+---------+
    |N_COPY_V_V_U   |        0|  5|   0|    -|     1|   32|       32|
    |N_V_V_U        |        0|  5|   0|    -|     1|   32|       32|
    |a_V_V_U        |        0|  5|   0|    -|     1|   32|       32|
    |b_V_V_U        |        0|  5|   0|    -|     1|   32|       32|
    |mean_A_V_V_U   |        0|  5|   0|    -|     1|   32|       32|
    |mean_B_V_V_U   |        0|  5|   0|    -|     1|   32|       32|
    |mean_II_V_V_U  |        0|  5|   0|    -|     1|   32|       32|
    |mean_I_V_V_U   |        0|  5|   0|    -|     1|   32|       32|
    +---------------+---------+---+----+-----+------+-----+---------+
    |Total          |        0| 40|   0|    0|     8|  256|      256|
    +---------------+---------+---+----+-----+------+-----+---------+

    * Expression: 
    +------------------------------------------+----------+-------+---+----+------------+------------+
    |               Variable Name              | Operation| DSP48E| FF| LUT| Bitwidth P0| Bitwidth P1|
    +------------------------------------------+----------+-------+---+----+------------+------------+
    |boxfilter200205_U0_ap_ready_count         |     +    |      0|  0|   9|           2|           1|
    |boxfilter201206_U0_ap_ready_count         |     +    |      0|  0|   9|           2|           1|
    |boxfilter202207_U0_ap_ready_count         |     +    |      0|  0|   9|           2|           1|
    |compute_I_enhanced21_U0_ap_ready_count    |     +    |      0|  0|   9|           2|           1|
    |ap_idle                                   |    and   |      0|  0|   2|           1|           1|
    |ap_sync_ready                             |    and   |      0|  0|   2|           1|           1|
    |boxfilter200205_U0_ap_start               |    and   |      0|  0|   2|           1|           1|
    |boxfilter201206_U0_ap_start               |    and   |      0|  0|   2|           1|           1|
    |boxfilter202207_U0_ap_start               |    and   |      0|  0|   2|           1|           1|
    |compute_I_enhanced21_U0_ap_start          |    and   |      0|  0|   2|           1|           1|
    |compute_a_b208_U0_start_full_n            |    and   |      0|  0|   2|           1|           1|
    |ap_sync_boxfilter200205_U0_ap_ready       |    or    |      0|  0|   2|           1|           1|
    |ap_sync_boxfilter201206_U0_ap_ready       |    or    |      0|  0|   2|           1|           1|
    |ap_sync_boxfilter202207_U0_ap_ready       |    or    |      0|  0|   2|           1|           1|
    |ap_sync_compute_I_enhanced21_U0_ap_ready  |    or    |      0|  0|   2|           1|           1|
    +------------------------------------------+----------+-------+---+----+------------+------------+
    |Total                                     |          |      0|  0|  58|          19|          15|
    +------------------------------------------+----------+-------+---+----+------------+------------+

    * Multiplexer: 
    +----------------------------------------------+----+-----------+-----+-----------+
    |                     Name                     | LUT| Input Size| Bits| Total Bits|
    +----------------------------------------------+----+-----------+-----+-----------+
    |ap_sync_reg_boxfilter200205_U0_ap_ready       |   9|          2|    1|          2|
    |ap_sync_reg_boxfilter201206_U0_ap_ready       |   9|          2|    1|          2|
    |ap_sync_reg_boxfilter202207_U0_ap_ready       |   9|          2|    1|          2|
    |ap_sync_reg_compute_I_enhanced21_U0_ap_ready  |   9|          2|    1|          2|
    |boxfilter200205_U0_ap_ready_count             |   9|          2|    2|          4|
    |boxfilter201206_U0_ap_ready_count             |   9|          2|    2|          4|
    |boxfilter202207_U0_ap_ready_count             |   9|          2|    2|          4|
    |compute_I_enhanced21_U0_ap_ready_count        |   9|          2|    2|          4|
    +----------------------------------------------+----+-----------+-----+-----------+
    |Total                                         |  72|         16|   12|         24|
    +----------------------------------------------+----+-----------+-----+-----------+

    * Register: 
    +----------------------------------------------+---+----+-----+-----------+
    |                     Name                     | FF| LUT| Bits| Const Bits|
    +----------------------------------------------+---+----+-----+-----------+
    |ap_sync_reg_boxfilter200205_U0_ap_ready       |  1|   0|    1|          0|
    |ap_sync_reg_boxfilter201206_U0_ap_ready       |  1|   0|    1|          0|
    |ap_sync_reg_boxfilter202207_U0_ap_ready       |  1|   0|    1|          0|
    |ap_sync_reg_compute_I_enhanced21_U0_ap_ready  |  1|   0|    1|          0|
    |boxfilter200205_U0_ap_ready_count             |  2|   0|    2|          0|
    |boxfilter201206_U0_ap_ready_count             |  2|   0|    2|          0|
    |boxfilter202207_U0_ap_ready_count             |  2|   0|    2|          0|
    |compute_I_enhanced21_U0_ap_ready_count        |  2|   0|    2|          0|
    +----------------------------------------------+---+----+-----+-----------+
    |Total                                         | 12|   0|   12|          0|
    +----------------------------------------------+---+----+-----+-----------+



================================================================
== Interface
================================================================
* Summary: 
+---------------------------------+-----+-----+------------+--------------------------+--------------+
|            RTL Ports            | Dir | Bits|  Protocol  |       Source Object      |    C Type    |
+---------------------------------+-----+-----+------------+--------------------------+--------------+
|I_enhanced_data_stream_V_din     | out |   16|   ap_fifo  | I_enhanced_data_stream_V |    pointer   |
|I_enhanced_data_stream_V_full_n  |  in |    1|   ap_fifo  | I_enhanced_data_stream_V |    pointer   |
|I_enhanced_data_stream_V_write   | out |    1|   ap_fifo  | I_enhanced_data_stream_V |    pointer   |
|ONES_V_V_dout                    |  in |   32|   ap_fifo  |         ONES_V_V         |    pointer   |
|ONES_V_V_empty_n                 |  in |    1|   ap_fifo  |         ONES_V_V         |    pointer   |
|ONES_V_V_read                    | out |    1|   ap_fifo  |         ONES_V_V         |    pointer   |
|I_V_V_dout                       |  in |   32|   ap_fifo  |           I_V_V          |    pointer   |
|I_V_V_empty_n                    |  in |    1|   ap_fifo  |           I_V_V          |    pointer   |
|I_V_V_read                       | out |    1|   ap_fifo  |           I_V_V          |    pointer   |
|I_2_V_V_dout                     |  in |   32|   ap_fifo  |          I_2_V_V         |    pointer   |
|I_2_V_V_empty_n                  |  in |    1|   ap_fifo  |          I_2_V_V         |    pointer   |
|I_2_V_V_read                     | out |    1|   ap_fifo  |          I_2_V_V         |    pointer   |
|I_COPY_V_V_dout                  |  in |   32|   ap_fifo  |        I_COPY_V_V        |    pointer   |
|I_COPY_V_V_empty_n               |  in |    1|   ap_fifo  |        I_COPY_V_V        |    pointer   |
|I_COPY_V_V_read                  | out |    1|   ap_fifo  |        I_COPY_V_V        |    pointer   |
|ap_clk                           |  in |    1| ap_ctrl_hs |      guidedfilter204     | return value |
|ap_rst                           |  in |    1| ap_ctrl_hs |      guidedfilter204     | return value |
|ap_start                         |  in |    1| ap_ctrl_hs |      guidedfilter204     | return value |
|ap_done                          | out |    1| ap_ctrl_hs |      guidedfilter204     | return value |
|ap_ready                         | out |    1| ap_ctrl_hs |      guidedfilter204     | return value |
|ap_idle                          | out |    1| ap_ctrl_hs |      guidedfilter204     | return value |
|ap_continue                      |  in |    1| ap_ctrl_hs |      guidedfilter204     | return value |
+---------------------------------+-----+-----+------------+--------------------------+--------------+

