

================================================================
== Vivado HLS Report for 'Block_codeRepl7839_p'
================================================================
* Date:           Sun Mar 14 17:32:34 2021

* Version:        2019.2 (Build 2704478 on Wed Nov 06 22:10:23 MST 2019)
* Project:        fishery
* Solution:       solution1
* Product family: zynquplus
* Target device:  xczu9eg-ffvb1156-2-e


================================================================
== Performance Estimates
================================================================
+ Timing: 
    * Summary: 
    +--------+----------+----------+------------+
    |  Clock |  Target  | Estimated| Uncertainty|
    +--------+----------+----------+------------+
    |ap_clk  | 10.00 ns | 1.838 ns |   1.25 ns  |
    +--------+----------+----------+------------+

+ Latency: 
    * Summary: 
    +---------+---------+----------+----------+-----+-----+---------+
    |  Latency (cycles) |  Latency (absolute) |  Interval | Pipeline|
    |   min   |   max   |    min   |    max   | min | max |   Type  |
    +---------+---------+----------+----------+-----+-----+---------+
    |        0|        0|   0 ns   |   0 ns   |    0|    0|   none  |
    +---------+---------+----------+----------+-----+-----+---------+

    + Detail: 
        * Instance: 
        N/A

        * Loop: 
        N/A

============================================================
+ Verbose Summary: Synthesis Manager
============================================================
InlineROM: 1
ExposeGlobal: 0
============================================================
+ Verbose Summary: CDFG Model
============================================================
IsTopModel: 0
ResetActiveHigh: 1
IsCombinational: 2
IsDatapathOnly: 0
HasWiredReturn: 1
HasMFsm: 0
HasVarLatency: 0
IsPipeline: 0
IsRtlPipelined: 0
IsInstanceOverlapped: 0
IsDontTouch: 0
HasImplIP: 0
IsGatedGlobalClock: 0


============================================================
+ Verbose Summary: Schedule
============================================================
* Number of FSM states : 1
* Pipeline : 0
* Dataflow Pipeline: 0

* FSM state transitions: 
1 --> 

* FSM state operations: 

State 1 <SV = 0> <Delay = 1.83>
ST_1 : Operation 2 [1/1] (0.00ns)   --->   "call void (...)* @_ssdm_op_SpecInterface(i10* %img_4_cols_V_out, [8 x i8]* @ap_fifo_str, i32 0, i32 0, [1 x i8]* @p_str, i32 0, i32 0, [1 x i8]* @p_str, [1 x i8]* @p_str, [1 x i8]* @p_str, i32 2, i32 2, i32 16, i32 16, [1 x i8]* @p_str, [1 x i8]* @p_str)"   --->   Operation 2 'specinterface' <Predicate = true> <Delay = 0.00>
ST_1 : Operation 3 [1/1] (0.00ns)   --->   "call void (...)* @_ssdm_op_SpecInterface(i10* %img_4_rows_V_out, [8 x i8]* @ap_fifo_str, i32 0, i32 0, [1 x i8]* @p_str, i32 0, i32 0, [1 x i8]* @p_str, [1 x i8]* @p_str, [1 x i8]* @p_str, i32 2, i32 2, i32 16, i32 16, [1 x i8]* @p_str, [1 x i8]* @p_str)"   --->   Operation 3 'specinterface' <Predicate = true> <Delay = 0.00>
ST_1 : Operation 4 [1/1] (0.00ns)   --->   "call void (...)* @_ssdm_op_SpecInterface(i10* %img_3_cols_V_out, [8 x i8]* @ap_fifo_str, i32 0, i32 0, [1 x i8]* @p_str, i32 0, i32 0, [1 x i8]* @p_str, [1 x i8]* @p_str, [1 x i8]* @p_str, i32 2, i32 2, i32 16, i32 16, [1 x i8]* @p_str, [1 x i8]* @p_str)"   --->   Operation 4 'specinterface' <Predicate = true> <Delay = 0.00>
ST_1 : Operation 5 [1/1] (0.00ns)   --->   "call void (...)* @_ssdm_op_SpecInterface(i10* %img_3_rows_V_out, [8 x i8]* @ap_fifo_str, i32 0, i32 0, [1 x i8]* @p_str, i32 0, i32 0, [1 x i8]* @p_str, [1 x i8]* @p_str, [1 x i8]* @p_str, i32 2, i32 2, i32 16, i32 16, [1 x i8]* @p_str, [1 x i8]* @p_str)"   --->   Operation 5 'specinterface' <Predicate = true> <Delay = 0.00>
ST_1 : Operation 6 [1/1] (0.00ns)   --->   "call void (...)* @_ssdm_op_SpecInterface(i10* %img_2_cols_V_out, [8 x i8]* @ap_fifo_str, i32 0, i32 0, [1 x i8]* @p_str, i32 0, i32 0, [1 x i8]* @p_str, [1 x i8]* @p_str, [1 x i8]* @p_str, i32 2, i32 2, i32 16, i32 16, [1 x i8]* @p_str, [1 x i8]* @p_str)"   --->   Operation 6 'specinterface' <Predicate = true> <Delay = 0.00>
ST_1 : Operation 7 [1/1] (0.00ns)   --->   "call void (...)* @_ssdm_op_SpecInterface(i10* %img_2_rows_V_out, [8 x i8]* @ap_fifo_str, i32 0, i32 0, [1 x i8]* @p_str, i32 0, i32 0, [1 x i8]* @p_str, [1 x i8]* @p_str, [1 x i8]* @p_str, i32 2, i32 2, i32 16, i32 16, [1 x i8]* @p_str, [1 x i8]* @p_str)"   --->   Operation 7 'specinterface' <Predicate = true> <Delay = 0.00>
ST_1 : Operation 8 [1/1] (0.00ns)   --->   "call void (...)* @_ssdm_op_SpecInterface(i10* %I_enhanced_cols_V_out, [8 x i8]* @ap_fifo_str, i32 0, i32 0, [1 x i8]* @p_str, i32 0, i32 0, [1 x i8]* @p_str, [1 x i8]* @p_str, [1 x i8]* @p_str, i32 2, i32 2, i32 16, i32 16, [1 x i8]* @p_str, [1 x i8]* @p_str)"   --->   Operation 8 'specinterface' <Predicate = true> <Delay = 0.00>
ST_1 : Operation 9 [1/1] (0.00ns)   --->   "call void (...)* @_ssdm_op_SpecInterface(i10* %I_enhanced_rows_V_out, [8 x i8]* @ap_fifo_str, i32 0, i32 0, [1 x i8]* @p_str, i32 0, i32 0, [1 x i8]* @p_str, [1 x i8]* @p_str, [1 x i8]* @p_str, i32 2, i32 2, i32 16, i32 16, [1 x i8]* @p_str, [1 x i8]* @p_str)"   --->   Operation 9 'specinterface' <Predicate = true> <Delay = 0.00>
ST_1 : Operation 10 [1/1] (1.83ns)   --->   "call void @_ssdm_op_Write.ap_fifo.i10P(i10* %I_enhanced_rows_V_out, i10 270)" [C:/Xilinx/Vivado/2019.2/common/technology/autopilot/hls/hls_video_core.h:656->C:/Xilinx/Vivado/2019.2/common/technology/autopilot/hls/hls_video_core.h:642->C:/Xilinx/Vivado/2019.2/common/technology/autopilot/hls/hls_video_core.h:643->fishery/C++/src/core.cpp:13->fishery/C++/src/core.cpp:47]   --->   Operation 10 'write' <Predicate = true> <Delay = 1.83> <Core = "FIFO">   --->   Core 32 'FIFO' <Latency = 0> <II = 1> <Delay = 1.83> <Storage> <Opcode : 'read' 'write' 'nbread' 'nbwrite'> <Ports = 0> <Width = 10> <Depth = 2> <FIFO>
ST_1 : Operation 11 [1/1] (1.83ns)   --->   "call void @_ssdm_op_Write.ap_fifo.i10P(i10* %I_enhanced_cols_V_out, i10 480)" [C:/Xilinx/Vivado/2019.2/common/technology/autopilot/hls/hls_video_core.h:657->C:/Xilinx/Vivado/2019.2/common/technology/autopilot/hls/hls_video_core.h:642->C:/Xilinx/Vivado/2019.2/common/technology/autopilot/hls/hls_video_core.h:643->fishery/C++/src/core.cpp:13->fishery/C++/src/core.cpp:47]   --->   Operation 11 'write' <Predicate = true> <Delay = 1.83> <Core = "FIFO">   --->   Core 32 'FIFO' <Latency = 0> <II = 1> <Delay = 1.83> <Storage> <Opcode : 'read' 'write' 'nbread' 'nbwrite'> <Ports = 0> <Width = 10> <Depth = 2> <FIFO>
ST_1 : Operation 12 [1/1] (1.83ns)   --->   "call void @_ssdm_op_Write.ap_fifo.i10P(i10* %img_2_rows_V_out, i10 270)" [C:/Xilinx/Vivado/2019.2/common/technology/autopilot/hls/hls_video_core.h:656->C:/Xilinx/Vivado/2019.2/common/technology/autopilot/hls/hls_video_core.h:642->C:/Xilinx/Vivado/2019.2/common/technology/autopilot/hls/hls_video_core.h:643->fishery/C++/src/core.cpp:26->fishery/C++/src/core.cpp:47]   --->   Operation 12 'write' <Predicate = true> <Delay = 1.83> <Core = "FIFO">   --->   Core 32 'FIFO' <Latency = 0> <II = 1> <Delay = 1.83> <Storage> <Opcode : 'read' 'write' 'nbread' 'nbwrite'> <Ports = 0> <Width = 10> <Depth = 2> <FIFO>
ST_1 : Operation 13 [1/1] (1.83ns)   --->   "call void @_ssdm_op_Write.ap_fifo.i10P(i10* %img_2_cols_V_out, i10 480)" [C:/Xilinx/Vivado/2019.2/common/technology/autopilot/hls/hls_video_core.h:657->C:/Xilinx/Vivado/2019.2/common/technology/autopilot/hls/hls_video_core.h:642->C:/Xilinx/Vivado/2019.2/common/technology/autopilot/hls/hls_video_core.h:643->fishery/C++/src/core.cpp:26->fishery/C++/src/core.cpp:47]   --->   Operation 13 'write' <Predicate = true> <Delay = 1.83> <Core = "FIFO">   --->   Core 32 'FIFO' <Latency = 0> <II = 1> <Delay = 1.83> <Storage> <Opcode : 'read' 'write' 'nbread' 'nbwrite'> <Ports = 0> <Width = 10> <Depth = 2> <FIFO>
ST_1 : Operation 14 [1/1] (1.83ns)   --->   "call void @_ssdm_op_Write.ap_fifo.i10P(i10* %img_3_rows_V_out, i10 270)" [C:/Xilinx/Vivado/2019.2/common/technology/autopilot/hls/hls_video_core.h:656->C:/Xilinx/Vivado/2019.2/common/technology/autopilot/hls/hls_video_core.h:642->C:/Xilinx/Vivado/2019.2/common/technology/autopilot/hls/hls_video_core.h:643->fishery/C++/src/core.cpp:28->fishery/C++/src/core.cpp:47]   --->   Operation 14 'write' <Predicate = true> <Delay = 1.83> <Core = "FIFO">   --->   Core 32 'FIFO' <Latency = 0> <II = 1> <Delay = 1.83> <Storage> <Opcode : 'read' 'write' 'nbread' 'nbwrite'> <Ports = 0> <Width = 10> <Depth = 2> <FIFO>
ST_1 : Operation 15 [1/1] (1.83ns)   --->   "call void @_ssdm_op_Write.ap_fifo.i10P(i10* %img_3_cols_V_out, i10 480)" [C:/Xilinx/Vivado/2019.2/common/technology/autopilot/hls/hls_video_core.h:657->C:/Xilinx/Vivado/2019.2/common/technology/autopilot/hls/hls_video_core.h:642->C:/Xilinx/Vivado/2019.2/common/technology/autopilot/hls/hls_video_core.h:643->fishery/C++/src/core.cpp:28->fishery/C++/src/core.cpp:47]   --->   Operation 15 'write' <Predicate = true> <Delay = 1.83> <Core = "FIFO">   --->   Core 32 'FIFO' <Latency = 0> <II = 1> <Delay = 1.83> <Storage> <Opcode : 'read' 'write' 'nbread' 'nbwrite'> <Ports = 0> <Width = 10> <Depth = 2> <FIFO>
ST_1 : Operation 16 [1/1] (1.83ns)   --->   "call void @_ssdm_op_Write.ap_fifo.i10P(i10* %img_4_rows_V_out, i10 270)" [C:/Xilinx/Vivado/2019.2/common/technology/autopilot/hls/hls_video_core.h:656->C:/Xilinx/Vivado/2019.2/common/technology/autopilot/hls/hls_video_core.h:642->C:/Xilinx/Vivado/2019.2/common/technology/autopilot/hls/hls_video_core.h:643->fishery/C++/src/core.cpp:29->fishery/C++/src/core.cpp:47]   --->   Operation 16 'write' <Predicate = true> <Delay = 1.83> <Core = "FIFO">   --->   Core 32 'FIFO' <Latency = 0> <II = 1> <Delay = 1.83> <Storage> <Opcode : 'read' 'write' 'nbread' 'nbwrite'> <Ports = 0> <Width = 10> <Depth = 2> <FIFO>
ST_1 : Operation 17 [1/1] (1.83ns)   --->   "call void @_ssdm_op_Write.ap_fifo.i10P(i10* %img_4_cols_V_out, i10 480)" [C:/Xilinx/Vivado/2019.2/common/technology/autopilot/hls/hls_video_core.h:657->C:/Xilinx/Vivado/2019.2/common/technology/autopilot/hls/hls_video_core.h:642->C:/Xilinx/Vivado/2019.2/common/technology/autopilot/hls/hls_video_core.h:643->fishery/C++/src/core.cpp:29->fishery/C++/src/core.cpp:47]   --->   Operation 17 'write' <Predicate = true> <Delay = 1.83> <Core = "FIFO">   --->   Core 32 'FIFO' <Latency = 0> <II = 1> <Delay = 1.83> <Storage> <Opcode : 'read' 'write' 'nbread' 'nbwrite'> <Ports = 0> <Width = 10> <Depth = 2> <FIFO>
ST_1 : Operation 18 [1/1] (0.00ns)   --->   "ret void"   --->   Operation 18 'ret' <Predicate = true> <Delay = 0.00>


============================================================
+ Verbose Summary: Timing violations
============================================================
Target clock period: 10ns, clock uncertainty: 1.25ns.

 <State 1>: 1.84ns
The critical path consists of the following:
	fifo write on port 'I_enhanced_rows_V_out' (C:/Xilinx/Vivado/2019.2/common/technology/autopilot/hls/hls_video_core.h:656->C:/Xilinx/Vivado/2019.2/common/technology/autopilot/hls/hls_video_core.h:642->C:/Xilinx/Vivado/2019.2/common/technology/autopilot/hls/hls_video_core.h:643->fishery/C++/src/core.cpp:13->fishery/C++/src/core.cpp:47) [17]  (1.84 ns)


============================================================
+ Verbose Summary: Binding
============================================================
N/A
* FSMD analyzer results:
  - Output states:
 - Input state : 
  - Chain level:
	State 1


============================================================
+ Verbose Summary: Datapath Resource usage 
============================================================
N/A
