

================================================================
== Vivado HLS Report for 'compute_I_enhanced21'
================================================================
* Date:           Sun Mar 14 17:33:01 2021

* Version:        2019.2 (Build 2704478 on Wed Nov 06 22:10:23 MST 2019)
* Project:        fishery
* Solution:       solution1
* Product family: zynquplus
* Target device:  xczu9eg-ffvb1156-2-e


================================================================
== Performance Estimates
================================================================
+ Timing: 
    * Summary: 
    +--------+----------+----------+------------+
    |  Clock |  Target  | Estimated| Uncertainty|
    +--------+----------+----------+------------+
    |ap_clk  | 10.00 ns | 7.019 ns |   1.25 ns  |
    +--------+----------+----------+------------+

+ Latency: 
    * Summary: 
    +---------+---------+----------+----------+--------+--------+---------+
    |  Latency (cycles) |  Latency (absolute) |     Interval    | Pipeline|
    |   min   |   max   |    min   |    max   |   min  |   max  |   Type  |
    +---------+---------+----------+----------+--------+--------+---------+
    |   129654|   129654| 1.297 ms | 1.297 ms |  129654|  129654|   none  |
    +---------+---------+----------+----------+--------+--------+---------+

    + Detail: 
        * Instance: 
        N/A

        * Loop: 
        +----------+---------+---------+----------+-----------+-----------+--------+----------+
        |          |  Latency (cycles) | Iteration|  Initiation Interval  |  Trip  |          |
        | Loop Name|   min   |   max   |  Latency |  achieved |   target  |  Count | Pipelined|
        +----------+---------+---------+----------+-----------+-----------+--------+----------+
        |- Loop 1  |   129652|   129652|        54|          1|          1|  129600|    yes   |
        +----------+---------+---------+----------+-----------+-----------+--------+----------+

============================================================
+ Verbose Summary: Synthesis Manager
============================================================
InlineROM: 1
ExposeGlobal: 0
============================================================
+ Verbose Summary: CDFG Model
============================================================
IsTopModel: 0
ResetActiveHigh: 1
IsCombinational: 2
IsDatapathOnly: 0
HasWiredReturn: 1
HasMFsm: 0
HasVarLatency: 1
IsPipeline: 0
IsRtlPipelined: 0
IsInstanceOverlapped: 0
IsDontTouch: 0
HasImplIP: 0
IsGatedGlobalClock: 0

+ Individual pipeline summary: 
  * Pipeline-0: initiation interval (II) = 1, depth = 54


============================================================
+ Verbose Summary: Schedule
============================================================
* Number of FSM states : 56
* Pipeline : 1
  Pipeline-0 : II = 1, D = 54, States = { 2 3 4 5 6 7 8 9 10 11 12 13 14 15 16 17 18 19 20 21 22 23 24 25 26 27 28 29 30 31 32 33 34 35 36 37 38 39 40 41 42 43 44 45 46 47 48 49 50 51 52 53 54 55 }
* Dataflow Pipeline: 0

* FSM state transitions: 
1 --> 2 
2 --> 56 3 
3 --> 4 
4 --> 5 
5 --> 6 
6 --> 7 
7 --> 8 
8 --> 9 
9 --> 10 
10 --> 11 
11 --> 12 
12 --> 13 
13 --> 14 
14 --> 15 
15 --> 16 
16 --> 17 
17 --> 18 
18 --> 19 
19 --> 20 
20 --> 21 
21 --> 22 
22 --> 23 
23 --> 24 
24 --> 25 
25 --> 26 
26 --> 27 
27 --> 28 
28 --> 29 
29 --> 30 
30 --> 31 
31 --> 32 
32 --> 33 
33 --> 34 
34 --> 35 
35 --> 36 
36 --> 37 
37 --> 38 
38 --> 39 
39 --> 40 
40 --> 41 
41 --> 42 
42 --> 43 
43 --> 44 
44 --> 45 
45 --> 46 
46 --> 47 
47 --> 48 
48 --> 49 
49 --> 50 
50 --> 51 
51 --> 52 
52 --> 53 
53 --> 54 
54 --> 55 
55 --> 2 
56 --> 

* FSM state operations: 

State 1 <SV = 0> <Delay = 0.65>
ST_1 : Operation 57 [1/1] (0.00ns)   --->   "call void (...)* @_ssdm_op_SpecInterface(i16* %I_enhanced_data_stream_V, [8 x i8]* @ap_fifo_str, i32 0, i32 0, [1 x i8]* @p_str, i32 0, i32 0, [1 x i8]* @p_str, [1 x i8]* @p_str, [1 x i8]* @p_str, i32 2, i32 2, i32 16, i32 16, [1 x i8]* @p_str, [1 x i8]* @p_str)"   --->   Operation 57 'specinterface' <Predicate = true> <Delay = 0.00>
ST_1 : Operation 58 [1/1] (0.00ns)   --->   "call void (...)* @_ssdm_op_SpecInterface(i32* @I_COPY_V_V, [8 x i8]* @ap_fifo_str, i32 0, i32 0, [1 x i8]* @p_str, i32 0, i32 0, [1 x i8]* @p_str, [1 x i8]* @p_str, [1 x i8]* @p_str, i32 2, i32 2, i32 16, i32 16, [1 x i8]* @p_str, [1 x i8]* @p_str)"   --->   Operation 58 'specinterface' <Predicate = true> <Delay = 0.00>
ST_1 : Operation 59 [1/1] (0.00ns)   --->   "call void (...)* @_ssdm_op_SpecInterface(i32* @N_COPY_V_V, [8 x i8]* @ap_fifo_str, i32 0, i32 0, [1 x i8]* @p_str, i32 0, i32 0, [1 x i8]* @p_str, [1 x i8]* @p_str, [1 x i8]* @p_str, i32 2, i32 2, i32 16, i32 16, [1 x i8]* @p_str, [1 x i8]* @p_str)"   --->   Operation 59 'specinterface' <Predicate = true> <Delay = 0.00>
ST_1 : Operation 60 [1/1] (0.00ns)   --->   "call void (...)* @_ssdm_op_SpecInterface(i32* @mean_A_V_V, [8 x i8]* @ap_fifo_str, i32 0, i32 0, [1 x i8]* @p_str, i32 0, i32 0, [1 x i8]* @p_str, [1 x i8]* @p_str, [1 x i8]* @p_str, i32 2, i32 2, i32 16, i32 16, [1 x i8]* @p_str, [1 x i8]* @p_str)"   --->   Operation 60 'specinterface' <Predicate = true> <Delay = 0.00>
ST_1 : Operation 61 [1/1] (0.00ns)   --->   "call void (...)* @_ssdm_op_SpecInterface(i32* @mean_B_V_V, [8 x i8]* @ap_fifo_str, i32 0, i32 0, [1 x i8]* @p_str, i32 0, i32 0, [1 x i8]* @p_str, [1 x i8]* @p_str, [1 x i8]* @p_str, i32 2, i32 2, i32 16, i32 16, [1 x i8]* @p_str, [1 x i8]* @p_str)"   --->   Operation 61 'specinterface' <Predicate = true> <Delay = 0.00>
ST_1 : Operation 62 [1/1] (0.65ns)   --->   "br label %.preheader.i" [fishery/C++/src/guidedfilter.cpp:45]   --->   Operation 62 'br' <Predicate = true> <Delay = 0.65>

State 2 <SV = 1> <Delay = 1.09>
ST_2 : Operation 63 [1/1] (0.00ns)   --->   "%indvar_flatten = phi i17 [ 0, %entry ], [ %add_ln887, %hls_label_0_begin ]" [fishery/C++/src/guidedfilter.cpp:45]   --->   Operation 63 'phi' 'indvar_flatten' <Predicate = true> <Delay = 0.00>
ST_2 : Operation 64 [1/1] (1.09ns)   --->   "%icmp_ln887 = icmp eq i17 %indvar_flatten, -1472" [fishery/C++/src/guidedfilter.cpp:45]   --->   Operation 64 'icmp' 'icmp_ln887' <Predicate = true> <Delay = 1.09> <Core = "Cmp">   --->   Core 25 'Cmp' <Latency = 0> <II = 1> <Delay = 1.10> <FuncUnit> <Opcode : 'icmp'> <InPorts = 2> <OutPorts = 1>
ST_2 : Operation 65 [1/1] (0.86ns)   --->   "%add_ln887 = add i17 %indvar_flatten, 1" [fishery/C++/src/guidedfilter.cpp:45]   --->   Operation 65 'add' 'add_ln887' <Predicate = true> <Delay = 0.86> <Core = "AddSub">   --->   Core 14 'AddSub' <Latency = 0> <II = 1> <Delay = 0.85> <FuncUnit> <Opcode : 'add' 'sub'> <InPorts = 2> <OutPorts = 1>
ST_2 : Operation 66 [1/1] (0.00ns)   --->   "br i1 %icmp_ln887, label %compute_I_enhanced211.exit, label %hls_label_0_begin" [fishery/C++/src/guidedfilter.cpp:45]   --->   Operation 66 'br' <Predicate = true> <Delay = 0.00>

State 3 <SV = 2> <Delay = 3.33>
ST_3 : Operation 67 [1/1] (1.83ns)   --->   "%tmp_V = call i32 @_ssdm_op_Read.ap_fifo.volatile.i32P(i32* @mean_A_V_V)" [fishery/C++/src/guidedfilter.cpp:49]   --->   Operation 67 'read' 'tmp_V' <Predicate = (!icmp_ln887)> <Delay = 1.83> <Core = "FIFO">   --->   Core 32 'FIFO' <Latency = 0> <II = 1> <Delay = 1.83> <Storage> <Opcode : 'read' 'write' 'nbread' 'nbwrite'> <Ports = 0> <Width = 16> <Depth = 2> <FIFO>
ST_3 : Operation 68 [1/1] (1.83ns)   --->   "%tmp_V_212 = call i32 @_ssdm_op_Read.ap_fifo.volatile.i32P(i32* @mean_B_V_V)" [fishery/C++/src/guidedfilter.cpp:50]   --->   Operation 68 'read' 'tmp_V_212' <Predicate = (!icmp_ln887)> <Delay = 1.83> <Core = "FIFO">   --->   Core 32 'FIFO' <Latency = 0> <II = 1> <Delay = 1.83> <Storage> <Opcode : 'read' 'write' 'nbread' 'nbwrite'> <Ports = 0> <Width = 16> <Depth = 2> <FIFO>
ST_3 : Operation 69 [1/1] (1.83ns)   --->   "%tmp_V_213 = call i32 @_ssdm_op_Read.ap_fifo.volatile.i32P(i32* @N_COPY_V_V)" [fishery/C++/src/guidedfilter.cpp:51]   --->   Operation 69 'read' 'tmp_V_213' <Predicate = (!icmp_ln887)> <Delay = 1.83> <Core = "FIFO">   --->   Core 32 'FIFO' <Latency = 0> <II = 1> <Delay = 1.83> <Storage> <Opcode : 'read' 'write' 'nbread' 'nbwrite'> <Ports = 0> <Width = 16> <Depth = 2> <FIFO>
ST_3 : Operation 70 [1/1] (1.83ns)   --->   "%tmp_V_214 = call i32 @_ssdm_op_Read.ap_fifo.volatile.i32P(i32* @I_COPY_V_V)" [fishery/C++/src/guidedfilter.cpp:51]   --->   Operation 70 'read' 'tmp_V_214' <Predicate = (!icmp_ln887)> <Delay = 1.83> <Core = "FIFO">   --->   Core 32 'FIFO' <Latency = 0> <II = 1> <Delay = 1.83> <Storage> <Opcode : 'read' 'write' 'nbread' 'nbwrite'> <Ports = 0> <Width = 16> <Depth = 2> <FIFO>
ST_3 : Operation 71 [1/1] (0.00ns)   --->   "%t_V = call i48 @_ssdm_op_BitConcatenate.i48.i32.i16(i32 %tmp_V, i16 0)" [fishery/C++/src/guidedfilter.cpp:53]   --->   Operation 71 'bitconcatenate' 't_V' <Predicate = (!icmp_ln887)> <Delay = 0.00>
ST_3 : Operation 72 [1/1] (0.00ns)   --->   "%sext_ln1148 = sext i32 %tmp_V_213 to i48" [fishery/C++/src/guidedfilter.cpp:53]   --->   Operation 72 'sext' 'sext_ln1148' <Predicate = (!icmp_ln887)> <Delay = 0.00>
ST_3 : Operation 73 [52/52] (1.49ns)   --->   "%sdiv_ln1148 = sdiv i48 %t_V, %sext_ln1148" [fishery/C++/src/guidedfilter.cpp:53]   --->   Operation 73 'sdiv' 'sdiv_ln1148' <Predicate = (!icmp_ln887)> <Delay = 1.49> <Core = "DivnS">   --->   Core 23 'DivnS' <Latency = 51> <II = 1> <Delay = 1.49> <FuncUnit> <Opcode : 'sdiv' 'srem' 'udiv' 'urem'> <InPorts = 2> <OutPorts = 1>
ST_3 : Operation 74 [1/1] (0.00ns)   --->   "%t_V_3 = call i48 @_ssdm_op_BitConcatenate.i48.i32.i16(i32 %tmp_V_212, i16 0)" [fishery/C++/src/guidedfilter.cpp:54]   --->   Operation 74 'bitconcatenate' 't_V_3' <Predicate = (!icmp_ln887)> <Delay = 0.00>
ST_3 : Operation 75 [52/52] (1.49ns)   --->   "%sdiv_ln1148_3 = sdiv i48 %t_V_3, %sext_ln1148" [fishery/C++/src/guidedfilter.cpp:54]   --->   Operation 75 'sdiv' 'sdiv_ln1148_3' <Predicate = (!icmp_ln887)> <Delay = 1.49> <Core = "DivnS">   --->   Core 23 'DivnS' <Latency = 51> <II = 1> <Delay = 1.49> <FuncUnit> <Opcode : 'sdiv' 'srem' 'udiv' 'urem'> <InPorts = 2> <OutPorts = 1>

State 4 <SV = 3> <Delay = 1.49>
ST_4 : Operation 76 [51/52] (1.49ns)   --->   "%sdiv_ln1148 = sdiv i48 %t_V, %sext_ln1148" [fishery/C++/src/guidedfilter.cpp:53]   --->   Operation 76 'sdiv' 'sdiv_ln1148' <Predicate = (!icmp_ln887)> <Delay = 1.49> <Core = "DivnS">   --->   Core 23 'DivnS' <Latency = 51> <II = 1> <Delay = 1.49> <FuncUnit> <Opcode : 'sdiv' 'srem' 'udiv' 'urem'> <InPorts = 2> <OutPorts = 1>
ST_4 : Operation 77 [51/52] (1.49ns)   --->   "%sdiv_ln1148_3 = sdiv i48 %t_V_3, %sext_ln1148" [fishery/C++/src/guidedfilter.cpp:54]   --->   Operation 77 'sdiv' 'sdiv_ln1148_3' <Predicate = (!icmp_ln887)> <Delay = 1.49> <Core = "DivnS">   --->   Core 23 'DivnS' <Latency = 51> <II = 1> <Delay = 1.49> <FuncUnit> <Opcode : 'sdiv' 'srem' 'udiv' 'urem'> <InPorts = 2> <OutPorts = 1>

State 5 <SV = 4> <Delay = 1.49>
ST_5 : Operation 78 [50/52] (1.49ns)   --->   "%sdiv_ln1148 = sdiv i48 %t_V, %sext_ln1148" [fishery/C++/src/guidedfilter.cpp:53]   --->   Operation 78 'sdiv' 'sdiv_ln1148' <Predicate = (!icmp_ln887)> <Delay = 1.49> <Core = "DivnS">   --->   Core 23 'DivnS' <Latency = 51> <II = 1> <Delay = 1.49> <FuncUnit> <Opcode : 'sdiv' 'srem' 'udiv' 'urem'> <InPorts = 2> <OutPorts = 1>
ST_5 : Operation 79 [50/52] (1.49ns)   --->   "%sdiv_ln1148_3 = sdiv i48 %t_V_3, %sext_ln1148" [fishery/C++/src/guidedfilter.cpp:54]   --->   Operation 79 'sdiv' 'sdiv_ln1148_3' <Predicate = (!icmp_ln887)> <Delay = 1.49> <Core = "DivnS">   --->   Core 23 'DivnS' <Latency = 51> <II = 1> <Delay = 1.49> <FuncUnit> <Opcode : 'sdiv' 'srem' 'udiv' 'urem'> <InPorts = 2> <OutPorts = 1>

State 6 <SV = 5> <Delay = 1.49>
ST_6 : Operation 80 [49/52] (1.49ns)   --->   "%sdiv_ln1148 = sdiv i48 %t_V, %sext_ln1148" [fishery/C++/src/guidedfilter.cpp:53]   --->   Operation 80 'sdiv' 'sdiv_ln1148' <Predicate = (!icmp_ln887)> <Delay = 1.49> <Core = "DivnS">   --->   Core 23 'DivnS' <Latency = 51> <II = 1> <Delay = 1.49> <FuncUnit> <Opcode : 'sdiv' 'srem' 'udiv' 'urem'> <InPorts = 2> <OutPorts = 1>
ST_6 : Operation 81 [49/52] (1.49ns)   --->   "%sdiv_ln1148_3 = sdiv i48 %t_V_3, %sext_ln1148" [fishery/C++/src/guidedfilter.cpp:54]   --->   Operation 81 'sdiv' 'sdiv_ln1148_3' <Predicate = (!icmp_ln887)> <Delay = 1.49> <Core = "DivnS">   --->   Core 23 'DivnS' <Latency = 51> <II = 1> <Delay = 1.49> <FuncUnit> <Opcode : 'sdiv' 'srem' 'udiv' 'urem'> <InPorts = 2> <OutPorts = 1>

State 7 <SV = 6> <Delay = 1.49>
ST_7 : Operation 82 [48/52] (1.49ns)   --->   "%sdiv_ln1148 = sdiv i48 %t_V, %sext_ln1148" [fishery/C++/src/guidedfilter.cpp:53]   --->   Operation 82 'sdiv' 'sdiv_ln1148' <Predicate = (!icmp_ln887)> <Delay = 1.49> <Core = "DivnS">   --->   Core 23 'DivnS' <Latency = 51> <II = 1> <Delay = 1.49> <FuncUnit> <Opcode : 'sdiv' 'srem' 'udiv' 'urem'> <InPorts = 2> <OutPorts = 1>
ST_7 : Operation 83 [48/52] (1.49ns)   --->   "%sdiv_ln1148_3 = sdiv i48 %t_V_3, %sext_ln1148" [fishery/C++/src/guidedfilter.cpp:54]   --->   Operation 83 'sdiv' 'sdiv_ln1148_3' <Predicate = (!icmp_ln887)> <Delay = 1.49> <Core = "DivnS">   --->   Core 23 'DivnS' <Latency = 51> <II = 1> <Delay = 1.49> <FuncUnit> <Opcode : 'sdiv' 'srem' 'udiv' 'urem'> <InPorts = 2> <OutPorts = 1>

State 8 <SV = 7> <Delay = 1.49>
ST_8 : Operation 84 [47/52] (1.49ns)   --->   "%sdiv_ln1148 = sdiv i48 %t_V, %sext_ln1148" [fishery/C++/src/guidedfilter.cpp:53]   --->   Operation 84 'sdiv' 'sdiv_ln1148' <Predicate = (!icmp_ln887)> <Delay = 1.49> <Core = "DivnS">   --->   Core 23 'DivnS' <Latency = 51> <II = 1> <Delay = 1.49> <FuncUnit> <Opcode : 'sdiv' 'srem' 'udiv' 'urem'> <InPorts = 2> <OutPorts = 1>
ST_8 : Operation 85 [47/52] (1.49ns)   --->   "%sdiv_ln1148_3 = sdiv i48 %t_V_3, %sext_ln1148" [fishery/C++/src/guidedfilter.cpp:54]   --->   Operation 85 'sdiv' 'sdiv_ln1148_3' <Predicate = (!icmp_ln887)> <Delay = 1.49> <Core = "DivnS">   --->   Core 23 'DivnS' <Latency = 51> <II = 1> <Delay = 1.49> <FuncUnit> <Opcode : 'sdiv' 'srem' 'udiv' 'urem'> <InPorts = 2> <OutPorts = 1>

State 9 <SV = 8> <Delay = 1.49>
ST_9 : Operation 86 [46/52] (1.49ns)   --->   "%sdiv_ln1148 = sdiv i48 %t_V, %sext_ln1148" [fishery/C++/src/guidedfilter.cpp:53]   --->   Operation 86 'sdiv' 'sdiv_ln1148' <Predicate = (!icmp_ln887)> <Delay = 1.49> <Core = "DivnS">   --->   Core 23 'DivnS' <Latency = 51> <II = 1> <Delay = 1.49> <FuncUnit> <Opcode : 'sdiv' 'srem' 'udiv' 'urem'> <InPorts = 2> <OutPorts = 1>
ST_9 : Operation 87 [46/52] (1.49ns)   --->   "%sdiv_ln1148_3 = sdiv i48 %t_V_3, %sext_ln1148" [fishery/C++/src/guidedfilter.cpp:54]   --->   Operation 87 'sdiv' 'sdiv_ln1148_3' <Predicate = (!icmp_ln887)> <Delay = 1.49> <Core = "DivnS">   --->   Core 23 'DivnS' <Latency = 51> <II = 1> <Delay = 1.49> <FuncUnit> <Opcode : 'sdiv' 'srem' 'udiv' 'urem'> <InPorts = 2> <OutPorts = 1>

State 10 <SV = 9> <Delay = 1.49>
ST_10 : Operation 88 [45/52] (1.49ns)   --->   "%sdiv_ln1148 = sdiv i48 %t_V, %sext_ln1148" [fishery/C++/src/guidedfilter.cpp:53]   --->   Operation 88 'sdiv' 'sdiv_ln1148' <Predicate = (!icmp_ln887)> <Delay = 1.49> <Core = "DivnS">   --->   Core 23 'DivnS' <Latency = 51> <II = 1> <Delay = 1.49> <FuncUnit> <Opcode : 'sdiv' 'srem' 'udiv' 'urem'> <InPorts = 2> <OutPorts = 1>
ST_10 : Operation 89 [45/52] (1.49ns)   --->   "%sdiv_ln1148_3 = sdiv i48 %t_V_3, %sext_ln1148" [fishery/C++/src/guidedfilter.cpp:54]   --->   Operation 89 'sdiv' 'sdiv_ln1148_3' <Predicate = (!icmp_ln887)> <Delay = 1.49> <Core = "DivnS">   --->   Core 23 'DivnS' <Latency = 51> <II = 1> <Delay = 1.49> <FuncUnit> <Opcode : 'sdiv' 'srem' 'udiv' 'urem'> <InPorts = 2> <OutPorts = 1>

State 11 <SV = 10> <Delay = 1.49>
ST_11 : Operation 90 [44/52] (1.49ns)   --->   "%sdiv_ln1148 = sdiv i48 %t_V, %sext_ln1148" [fishery/C++/src/guidedfilter.cpp:53]   --->   Operation 90 'sdiv' 'sdiv_ln1148' <Predicate = (!icmp_ln887)> <Delay = 1.49> <Core = "DivnS">   --->   Core 23 'DivnS' <Latency = 51> <II = 1> <Delay = 1.49> <FuncUnit> <Opcode : 'sdiv' 'srem' 'udiv' 'urem'> <InPorts = 2> <OutPorts = 1>
ST_11 : Operation 91 [44/52] (1.49ns)   --->   "%sdiv_ln1148_3 = sdiv i48 %t_V_3, %sext_ln1148" [fishery/C++/src/guidedfilter.cpp:54]   --->   Operation 91 'sdiv' 'sdiv_ln1148_3' <Predicate = (!icmp_ln887)> <Delay = 1.49> <Core = "DivnS">   --->   Core 23 'DivnS' <Latency = 51> <II = 1> <Delay = 1.49> <FuncUnit> <Opcode : 'sdiv' 'srem' 'udiv' 'urem'> <InPorts = 2> <OutPorts = 1>

State 12 <SV = 11> <Delay = 1.49>
ST_12 : Operation 92 [43/52] (1.49ns)   --->   "%sdiv_ln1148 = sdiv i48 %t_V, %sext_ln1148" [fishery/C++/src/guidedfilter.cpp:53]   --->   Operation 92 'sdiv' 'sdiv_ln1148' <Predicate = (!icmp_ln887)> <Delay = 1.49> <Core = "DivnS">   --->   Core 23 'DivnS' <Latency = 51> <II = 1> <Delay = 1.49> <FuncUnit> <Opcode : 'sdiv' 'srem' 'udiv' 'urem'> <InPorts = 2> <OutPorts = 1>
ST_12 : Operation 93 [43/52] (1.49ns)   --->   "%sdiv_ln1148_3 = sdiv i48 %t_V_3, %sext_ln1148" [fishery/C++/src/guidedfilter.cpp:54]   --->   Operation 93 'sdiv' 'sdiv_ln1148_3' <Predicate = (!icmp_ln887)> <Delay = 1.49> <Core = "DivnS">   --->   Core 23 'DivnS' <Latency = 51> <II = 1> <Delay = 1.49> <FuncUnit> <Opcode : 'sdiv' 'srem' 'udiv' 'urem'> <InPorts = 2> <OutPorts = 1>

State 13 <SV = 12> <Delay = 1.49>
ST_13 : Operation 94 [42/52] (1.49ns)   --->   "%sdiv_ln1148 = sdiv i48 %t_V, %sext_ln1148" [fishery/C++/src/guidedfilter.cpp:53]   --->   Operation 94 'sdiv' 'sdiv_ln1148' <Predicate = (!icmp_ln887)> <Delay = 1.49> <Core = "DivnS">   --->   Core 23 'DivnS' <Latency = 51> <II = 1> <Delay = 1.49> <FuncUnit> <Opcode : 'sdiv' 'srem' 'udiv' 'urem'> <InPorts = 2> <OutPorts = 1>
ST_13 : Operation 95 [42/52] (1.49ns)   --->   "%sdiv_ln1148_3 = sdiv i48 %t_V_3, %sext_ln1148" [fishery/C++/src/guidedfilter.cpp:54]   --->   Operation 95 'sdiv' 'sdiv_ln1148_3' <Predicate = (!icmp_ln887)> <Delay = 1.49> <Core = "DivnS">   --->   Core 23 'DivnS' <Latency = 51> <II = 1> <Delay = 1.49> <FuncUnit> <Opcode : 'sdiv' 'srem' 'udiv' 'urem'> <InPorts = 2> <OutPorts = 1>

State 14 <SV = 13> <Delay = 1.49>
ST_14 : Operation 96 [41/52] (1.49ns)   --->   "%sdiv_ln1148 = sdiv i48 %t_V, %sext_ln1148" [fishery/C++/src/guidedfilter.cpp:53]   --->   Operation 96 'sdiv' 'sdiv_ln1148' <Predicate = (!icmp_ln887)> <Delay = 1.49> <Core = "DivnS">   --->   Core 23 'DivnS' <Latency = 51> <II = 1> <Delay = 1.49> <FuncUnit> <Opcode : 'sdiv' 'srem' 'udiv' 'urem'> <InPorts = 2> <OutPorts = 1>
ST_14 : Operation 97 [41/52] (1.49ns)   --->   "%sdiv_ln1148_3 = sdiv i48 %t_V_3, %sext_ln1148" [fishery/C++/src/guidedfilter.cpp:54]   --->   Operation 97 'sdiv' 'sdiv_ln1148_3' <Predicate = (!icmp_ln887)> <Delay = 1.49> <Core = "DivnS">   --->   Core 23 'DivnS' <Latency = 51> <II = 1> <Delay = 1.49> <FuncUnit> <Opcode : 'sdiv' 'srem' 'udiv' 'urem'> <InPorts = 2> <OutPorts = 1>

State 15 <SV = 14> <Delay = 1.49>
ST_15 : Operation 98 [40/52] (1.49ns)   --->   "%sdiv_ln1148 = sdiv i48 %t_V, %sext_ln1148" [fishery/C++/src/guidedfilter.cpp:53]   --->   Operation 98 'sdiv' 'sdiv_ln1148' <Predicate = (!icmp_ln887)> <Delay = 1.49> <Core = "DivnS">   --->   Core 23 'DivnS' <Latency = 51> <II = 1> <Delay = 1.49> <FuncUnit> <Opcode : 'sdiv' 'srem' 'udiv' 'urem'> <InPorts = 2> <OutPorts = 1>
ST_15 : Operation 99 [40/52] (1.49ns)   --->   "%sdiv_ln1148_3 = sdiv i48 %t_V_3, %sext_ln1148" [fishery/C++/src/guidedfilter.cpp:54]   --->   Operation 99 'sdiv' 'sdiv_ln1148_3' <Predicate = (!icmp_ln887)> <Delay = 1.49> <Core = "DivnS">   --->   Core 23 'DivnS' <Latency = 51> <II = 1> <Delay = 1.49> <FuncUnit> <Opcode : 'sdiv' 'srem' 'udiv' 'urem'> <InPorts = 2> <OutPorts = 1>

State 16 <SV = 15> <Delay = 1.49>
ST_16 : Operation 100 [39/52] (1.49ns)   --->   "%sdiv_ln1148 = sdiv i48 %t_V, %sext_ln1148" [fishery/C++/src/guidedfilter.cpp:53]   --->   Operation 100 'sdiv' 'sdiv_ln1148' <Predicate = (!icmp_ln887)> <Delay = 1.49> <Core = "DivnS">   --->   Core 23 'DivnS' <Latency = 51> <II = 1> <Delay = 1.49> <FuncUnit> <Opcode : 'sdiv' 'srem' 'udiv' 'urem'> <InPorts = 2> <OutPorts = 1>
ST_16 : Operation 101 [39/52] (1.49ns)   --->   "%sdiv_ln1148_3 = sdiv i48 %t_V_3, %sext_ln1148" [fishery/C++/src/guidedfilter.cpp:54]   --->   Operation 101 'sdiv' 'sdiv_ln1148_3' <Predicate = (!icmp_ln887)> <Delay = 1.49> <Core = "DivnS">   --->   Core 23 'DivnS' <Latency = 51> <II = 1> <Delay = 1.49> <FuncUnit> <Opcode : 'sdiv' 'srem' 'udiv' 'urem'> <InPorts = 2> <OutPorts = 1>

State 17 <SV = 16> <Delay = 1.49>
ST_17 : Operation 102 [38/52] (1.49ns)   --->   "%sdiv_ln1148 = sdiv i48 %t_V, %sext_ln1148" [fishery/C++/src/guidedfilter.cpp:53]   --->   Operation 102 'sdiv' 'sdiv_ln1148' <Predicate = (!icmp_ln887)> <Delay = 1.49> <Core = "DivnS">   --->   Core 23 'DivnS' <Latency = 51> <II = 1> <Delay = 1.49> <FuncUnit> <Opcode : 'sdiv' 'srem' 'udiv' 'urem'> <InPorts = 2> <OutPorts = 1>
ST_17 : Operation 103 [38/52] (1.49ns)   --->   "%sdiv_ln1148_3 = sdiv i48 %t_V_3, %sext_ln1148" [fishery/C++/src/guidedfilter.cpp:54]   --->   Operation 103 'sdiv' 'sdiv_ln1148_3' <Predicate = (!icmp_ln887)> <Delay = 1.49> <Core = "DivnS">   --->   Core 23 'DivnS' <Latency = 51> <II = 1> <Delay = 1.49> <FuncUnit> <Opcode : 'sdiv' 'srem' 'udiv' 'urem'> <InPorts = 2> <OutPorts = 1>

State 18 <SV = 17> <Delay = 1.49>
ST_18 : Operation 104 [37/52] (1.49ns)   --->   "%sdiv_ln1148 = sdiv i48 %t_V, %sext_ln1148" [fishery/C++/src/guidedfilter.cpp:53]   --->   Operation 104 'sdiv' 'sdiv_ln1148' <Predicate = (!icmp_ln887)> <Delay = 1.49> <Core = "DivnS">   --->   Core 23 'DivnS' <Latency = 51> <II = 1> <Delay = 1.49> <FuncUnit> <Opcode : 'sdiv' 'srem' 'udiv' 'urem'> <InPorts = 2> <OutPorts = 1>
ST_18 : Operation 105 [37/52] (1.49ns)   --->   "%sdiv_ln1148_3 = sdiv i48 %t_V_3, %sext_ln1148" [fishery/C++/src/guidedfilter.cpp:54]   --->   Operation 105 'sdiv' 'sdiv_ln1148_3' <Predicate = (!icmp_ln887)> <Delay = 1.49> <Core = "DivnS">   --->   Core 23 'DivnS' <Latency = 51> <II = 1> <Delay = 1.49> <FuncUnit> <Opcode : 'sdiv' 'srem' 'udiv' 'urem'> <InPorts = 2> <OutPorts = 1>

State 19 <SV = 18> <Delay = 1.49>
ST_19 : Operation 106 [36/52] (1.49ns)   --->   "%sdiv_ln1148 = sdiv i48 %t_V, %sext_ln1148" [fishery/C++/src/guidedfilter.cpp:53]   --->   Operation 106 'sdiv' 'sdiv_ln1148' <Predicate = (!icmp_ln887)> <Delay = 1.49> <Core = "DivnS">   --->   Core 23 'DivnS' <Latency = 51> <II = 1> <Delay = 1.49> <FuncUnit> <Opcode : 'sdiv' 'srem' 'udiv' 'urem'> <InPorts = 2> <OutPorts = 1>
ST_19 : Operation 107 [36/52] (1.49ns)   --->   "%sdiv_ln1148_3 = sdiv i48 %t_V_3, %sext_ln1148" [fishery/C++/src/guidedfilter.cpp:54]   --->   Operation 107 'sdiv' 'sdiv_ln1148_3' <Predicate = (!icmp_ln887)> <Delay = 1.49> <Core = "DivnS">   --->   Core 23 'DivnS' <Latency = 51> <II = 1> <Delay = 1.49> <FuncUnit> <Opcode : 'sdiv' 'srem' 'udiv' 'urem'> <InPorts = 2> <OutPorts = 1>

State 20 <SV = 19> <Delay = 1.49>
ST_20 : Operation 108 [35/52] (1.49ns)   --->   "%sdiv_ln1148 = sdiv i48 %t_V, %sext_ln1148" [fishery/C++/src/guidedfilter.cpp:53]   --->   Operation 108 'sdiv' 'sdiv_ln1148' <Predicate = (!icmp_ln887)> <Delay = 1.49> <Core = "DivnS">   --->   Core 23 'DivnS' <Latency = 51> <II = 1> <Delay = 1.49> <FuncUnit> <Opcode : 'sdiv' 'srem' 'udiv' 'urem'> <InPorts = 2> <OutPorts = 1>
ST_20 : Operation 109 [35/52] (1.49ns)   --->   "%sdiv_ln1148_3 = sdiv i48 %t_V_3, %sext_ln1148" [fishery/C++/src/guidedfilter.cpp:54]   --->   Operation 109 'sdiv' 'sdiv_ln1148_3' <Predicate = (!icmp_ln887)> <Delay = 1.49> <Core = "DivnS">   --->   Core 23 'DivnS' <Latency = 51> <II = 1> <Delay = 1.49> <FuncUnit> <Opcode : 'sdiv' 'srem' 'udiv' 'urem'> <InPorts = 2> <OutPorts = 1>

State 21 <SV = 20> <Delay = 1.49>
ST_21 : Operation 110 [34/52] (1.49ns)   --->   "%sdiv_ln1148 = sdiv i48 %t_V, %sext_ln1148" [fishery/C++/src/guidedfilter.cpp:53]   --->   Operation 110 'sdiv' 'sdiv_ln1148' <Predicate = (!icmp_ln887)> <Delay = 1.49> <Core = "DivnS">   --->   Core 23 'DivnS' <Latency = 51> <II = 1> <Delay = 1.49> <FuncUnit> <Opcode : 'sdiv' 'srem' 'udiv' 'urem'> <InPorts = 2> <OutPorts = 1>
ST_21 : Operation 111 [34/52] (1.49ns)   --->   "%sdiv_ln1148_3 = sdiv i48 %t_V_3, %sext_ln1148" [fishery/C++/src/guidedfilter.cpp:54]   --->   Operation 111 'sdiv' 'sdiv_ln1148_3' <Predicate = (!icmp_ln887)> <Delay = 1.49> <Core = "DivnS">   --->   Core 23 'DivnS' <Latency = 51> <II = 1> <Delay = 1.49> <FuncUnit> <Opcode : 'sdiv' 'srem' 'udiv' 'urem'> <InPorts = 2> <OutPorts = 1>

State 22 <SV = 21> <Delay = 1.49>
ST_22 : Operation 112 [33/52] (1.49ns)   --->   "%sdiv_ln1148 = sdiv i48 %t_V, %sext_ln1148" [fishery/C++/src/guidedfilter.cpp:53]   --->   Operation 112 'sdiv' 'sdiv_ln1148' <Predicate = (!icmp_ln887)> <Delay = 1.49> <Core = "DivnS">   --->   Core 23 'DivnS' <Latency = 51> <II = 1> <Delay = 1.49> <FuncUnit> <Opcode : 'sdiv' 'srem' 'udiv' 'urem'> <InPorts = 2> <OutPorts = 1>
ST_22 : Operation 113 [33/52] (1.49ns)   --->   "%sdiv_ln1148_3 = sdiv i48 %t_V_3, %sext_ln1148" [fishery/C++/src/guidedfilter.cpp:54]   --->   Operation 113 'sdiv' 'sdiv_ln1148_3' <Predicate = (!icmp_ln887)> <Delay = 1.49> <Core = "DivnS">   --->   Core 23 'DivnS' <Latency = 51> <II = 1> <Delay = 1.49> <FuncUnit> <Opcode : 'sdiv' 'srem' 'udiv' 'urem'> <InPorts = 2> <OutPorts = 1>

State 23 <SV = 22> <Delay = 1.49>
ST_23 : Operation 114 [32/52] (1.49ns)   --->   "%sdiv_ln1148 = sdiv i48 %t_V, %sext_ln1148" [fishery/C++/src/guidedfilter.cpp:53]   --->   Operation 114 'sdiv' 'sdiv_ln1148' <Predicate = (!icmp_ln887)> <Delay = 1.49> <Core = "DivnS">   --->   Core 23 'DivnS' <Latency = 51> <II = 1> <Delay = 1.49> <FuncUnit> <Opcode : 'sdiv' 'srem' 'udiv' 'urem'> <InPorts = 2> <OutPorts = 1>
ST_23 : Operation 115 [32/52] (1.49ns)   --->   "%sdiv_ln1148_3 = sdiv i48 %t_V_3, %sext_ln1148" [fishery/C++/src/guidedfilter.cpp:54]   --->   Operation 115 'sdiv' 'sdiv_ln1148_3' <Predicate = (!icmp_ln887)> <Delay = 1.49> <Core = "DivnS">   --->   Core 23 'DivnS' <Latency = 51> <II = 1> <Delay = 1.49> <FuncUnit> <Opcode : 'sdiv' 'srem' 'udiv' 'urem'> <InPorts = 2> <OutPorts = 1>

State 24 <SV = 23> <Delay = 1.49>
ST_24 : Operation 116 [31/52] (1.49ns)   --->   "%sdiv_ln1148 = sdiv i48 %t_V, %sext_ln1148" [fishery/C++/src/guidedfilter.cpp:53]   --->   Operation 116 'sdiv' 'sdiv_ln1148' <Predicate = (!icmp_ln887)> <Delay = 1.49> <Core = "DivnS">   --->   Core 23 'DivnS' <Latency = 51> <II = 1> <Delay = 1.49> <FuncUnit> <Opcode : 'sdiv' 'srem' 'udiv' 'urem'> <InPorts = 2> <OutPorts = 1>
ST_24 : Operation 117 [31/52] (1.49ns)   --->   "%sdiv_ln1148_3 = sdiv i48 %t_V_3, %sext_ln1148" [fishery/C++/src/guidedfilter.cpp:54]   --->   Operation 117 'sdiv' 'sdiv_ln1148_3' <Predicate = (!icmp_ln887)> <Delay = 1.49> <Core = "DivnS">   --->   Core 23 'DivnS' <Latency = 51> <II = 1> <Delay = 1.49> <FuncUnit> <Opcode : 'sdiv' 'srem' 'udiv' 'urem'> <InPorts = 2> <OutPorts = 1>

State 25 <SV = 24> <Delay = 1.49>
ST_25 : Operation 118 [30/52] (1.49ns)   --->   "%sdiv_ln1148 = sdiv i48 %t_V, %sext_ln1148" [fishery/C++/src/guidedfilter.cpp:53]   --->   Operation 118 'sdiv' 'sdiv_ln1148' <Predicate = (!icmp_ln887)> <Delay = 1.49> <Core = "DivnS">   --->   Core 23 'DivnS' <Latency = 51> <II = 1> <Delay = 1.49> <FuncUnit> <Opcode : 'sdiv' 'srem' 'udiv' 'urem'> <InPorts = 2> <OutPorts = 1>
ST_25 : Operation 119 [30/52] (1.49ns)   --->   "%sdiv_ln1148_3 = sdiv i48 %t_V_3, %sext_ln1148" [fishery/C++/src/guidedfilter.cpp:54]   --->   Operation 119 'sdiv' 'sdiv_ln1148_3' <Predicate = (!icmp_ln887)> <Delay = 1.49> <Core = "DivnS">   --->   Core 23 'DivnS' <Latency = 51> <II = 1> <Delay = 1.49> <FuncUnit> <Opcode : 'sdiv' 'srem' 'udiv' 'urem'> <InPorts = 2> <OutPorts = 1>

State 26 <SV = 25> <Delay = 1.49>
ST_26 : Operation 120 [29/52] (1.49ns)   --->   "%sdiv_ln1148 = sdiv i48 %t_V, %sext_ln1148" [fishery/C++/src/guidedfilter.cpp:53]   --->   Operation 120 'sdiv' 'sdiv_ln1148' <Predicate = (!icmp_ln887)> <Delay = 1.49> <Core = "DivnS">   --->   Core 23 'DivnS' <Latency = 51> <II = 1> <Delay = 1.49> <FuncUnit> <Opcode : 'sdiv' 'srem' 'udiv' 'urem'> <InPorts = 2> <OutPorts = 1>
ST_26 : Operation 121 [29/52] (1.49ns)   --->   "%sdiv_ln1148_3 = sdiv i48 %t_V_3, %sext_ln1148" [fishery/C++/src/guidedfilter.cpp:54]   --->   Operation 121 'sdiv' 'sdiv_ln1148_3' <Predicate = (!icmp_ln887)> <Delay = 1.49> <Core = "DivnS">   --->   Core 23 'DivnS' <Latency = 51> <II = 1> <Delay = 1.49> <FuncUnit> <Opcode : 'sdiv' 'srem' 'udiv' 'urem'> <InPorts = 2> <OutPorts = 1>

State 27 <SV = 26> <Delay = 1.49>
ST_27 : Operation 122 [28/52] (1.49ns)   --->   "%sdiv_ln1148 = sdiv i48 %t_V, %sext_ln1148" [fishery/C++/src/guidedfilter.cpp:53]   --->   Operation 122 'sdiv' 'sdiv_ln1148' <Predicate = (!icmp_ln887)> <Delay = 1.49> <Core = "DivnS">   --->   Core 23 'DivnS' <Latency = 51> <II = 1> <Delay = 1.49> <FuncUnit> <Opcode : 'sdiv' 'srem' 'udiv' 'urem'> <InPorts = 2> <OutPorts = 1>
ST_27 : Operation 123 [28/52] (1.49ns)   --->   "%sdiv_ln1148_3 = sdiv i48 %t_V_3, %sext_ln1148" [fishery/C++/src/guidedfilter.cpp:54]   --->   Operation 123 'sdiv' 'sdiv_ln1148_3' <Predicate = (!icmp_ln887)> <Delay = 1.49> <Core = "DivnS">   --->   Core 23 'DivnS' <Latency = 51> <II = 1> <Delay = 1.49> <FuncUnit> <Opcode : 'sdiv' 'srem' 'udiv' 'urem'> <InPorts = 2> <OutPorts = 1>

State 28 <SV = 27> <Delay = 1.49>
ST_28 : Operation 124 [27/52] (1.49ns)   --->   "%sdiv_ln1148 = sdiv i48 %t_V, %sext_ln1148" [fishery/C++/src/guidedfilter.cpp:53]   --->   Operation 124 'sdiv' 'sdiv_ln1148' <Predicate = (!icmp_ln887)> <Delay = 1.49> <Core = "DivnS">   --->   Core 23 'DivnS' <Latency = 51> <II = 1> <Delay = 1.49> <FuncUnit> <Opcode : 'sdiv' 'srem' 'udiv' 'urem'> <InPorts = 2> <OutPorts = 1>
ST_28 : Operation 125 [27/52] (1.49ns)   --->   "%sdiv_ln1148_3 = sdiv i48 %t_V_3, %sext_ln1148" [fishery/C++/src/guidedfilter.cpp:54]   --->   Operation 125 'sdiv' 'sdiv_ln1148_3' <Predicate = (!icmp_ln887)> <Delay = 1.49> <Core = "DivnS">   --->   Core 23 'DivnS' <Latency = 51> <II = 1> <Delay = 1.49> <FuncUnit> <Opcode : 'sdiv' 'srem' 'udiv' 'urem'> <InPorts = 2> <OutPorts = 1>

State 29 <SV = 28> <Delay = 1.49>
ST_29 : Operation 126 [26/52] (1.49ns)   --->   "%sdiv_ln1148 = sdiv i48 %t_V, %sext_ln1148" [fishery/C++/src/guidedfilter.cpp:53]   --->   Operation 126 'sdiv' 'sdiv_ln1148' <Predicate = (!icmp_ln887)> <Delay = 1.49> <Core = "DivnS">   --->   Core 23 'DivnS' <Latency = 51> <II = 1> <Delay = 1.49> <FuncUnit> <Opcode : 'sdiv' 'srem' 'udiv' 'urem'> <InPorts = 2> <OutPorts = 1>
ST_29 : Operation 127 [26/52] (1.49ns)   --->   "%sdiv_ln1148_3 = sdiv i48 %t_V_3, %sext_ln1148" [fishery/C++/src/guidedfilter.cpp:54]   --->   Operation 127 'sdiv' 'sdiv_ln1148_3' <Predicate = (!icmp_ln887)> <Delay = 1.49> <Core = "DivnS">   --->   Core 23 'DivnS' <Latency = 51> <II = 1> <Delay = 1.49> <FuncUnit> <Opcode : 'sdiv' 'srem' 'udiv' 'urem'> <InPorts = 2> <OutPorts = 1>

State 30 <SV = 29> <Delay = 1.49>
ST_30 : Operation 128 [25/52] (1.49ns)   --->   "%sdiv_ln1148 = sdiv i48 %t_V, %sext_ln1148" [fishery/C++/src/guidedfilter.cpp:53]   --->   Operation 128 'sdiv' 'sdiv_ln1148' <Predicate = (!icmp_ln887)> <Delay = 1.49> <Core = "DivnS">   --->   Core 23 'DivnS' <Latency = 51> <II = 1> <Delay = 1.49> <FuncUnit> <Opcode : 'sdiv' 'srem' 'udiv' 'urem'> <InPorts = 2> <OutPorts = 1>
ST_30 : Operation 129 [25/52] (1.49ns)   --->   "%sdiv_ln1148_3 = sdiv i48 %t_V_3, %sext_ln1148" [fishery/C++/src/guidedfilter.cpp:54]   --->   Operation 129 'sdiv' 'sdiv_ln1148_3' <Predicate = (!icmp_ln887)> <Delay = 1.49> <Core = "DivnS">   --->   Core 23 'DivnS' <Latency = 51> <II = 1> <Delay = 1.49> <FuncUnit> <Opcode : 'sdiv' 'srem' 'udiv' 'urem'> <InPorts = 2> <OutPorts = 1>

State 31 <SV = 30> <Delay = 1.49>
ST_31 : Operation 130 [24/52] (1.49ns)   --->   "%sdiv_ln1148 = sdiv i48 %t_V, %sext_ln1148" [fishery/C++/src/guidedfilter.cpp:53]   --->   Operation 130 'sdiv' 'sdiv_ln1148' <Predicate = (!icmp_ln887)> <Delay = 1.49> <Core = "DivnS">   --->   Core 23 'DivnS' <Latency = 51> <II = 1> <Delay = 1.49> <FuncUnit> <Opcode : 'sdiv' 'srem' 'udiv' 'urem'> <InPorts = 2> <OutPorts = 1>
ST_31 : Operation 131 [24/52] (1.49ns)   --->   "%sdiv_ln1148_3 = sdiv i48 %t_V_3, %sext_ln1148" [fishery/C++/src/guidedfilter.cpp:54]   --->   Operation 131 'sdiv' 'sdiv_ln1148_3' <Predicate = (!icmp_ln887)> <Delay = 1.49> <Core = "DivnS">   --->   Core 23 'DivnS' <Latency = 51> <II = 1> <Delay = 1.49> <FuncUnit> <Opcode : 'sdiv' 'srem' 'udiv' 'urem'> <InPorts = 2> <OutPorts = 1>

State 32 <SV = 31> <Delay = 1.49>
ST_32 : Operation 132 [23/52] (1.49ns)   --->   "%sdiv_ln1148 = sdiv i48 %t_V, %sext_ln1148" [fishery/C++/src/guidedfilter.cpp:53]   --->   Operation 132 'sdiv' 'sdiv_ln1148' <Predicate = (!icmp_ln887)> <Delay = 1.49> <Core = "DivnS">   --->   Core 23 'DivnS' <Latency = 51> <II = 1> <Delay = 1.49> <FuncUnit> <Opcode : 'sdiv' 'srem' 'udiv' 'urem'> <InPorts = 2> <OutPorts = 1>
ST_32 : Operation 133 [23/52] (1.49ns)   --->   "%sdiv_ln1148_3 = sdiv i48 %t_V_3, %sext_ln1148" [fishery/C++/src/guidedfilter.cpp:54]   --->   Operation 133 'sdiv' 'sdiv_ln1148_3' <Predicate = (!icmp_ln887)> <Delay = 1.49> <Core = "DivnS">   --->   Core 23 'DivnS' <Latency = 51> <II = 1> <Delay = 1.49> <FuncUnit> <Opcode : 'sdiv' 'srem' 'udiv' 'urem'> <InPorts = 2> <OutPorts = 1>

State 33 <SV = 32> <Delay = 1.49>
ST_33 : Operation 134 [22/52] (1.49ns)   --->   "%sdiv_ln1148 = sdiv i48 %t_V, %sext_ln1148" [fishery/C++/src/guidedfilter.cpp:53]   --->   Operation 134 'sdiv' 'sdiv_ln1148' <Predicate = (!icmp_ln887)> <Delay = 1.49> <Core = "DivnS">   --->   Core 23 'DivnS' <Latency = 51> <II = 1> <Delay = 1.49> <FuncUnit> <Opcode : 'sdiv' 'srem' 'udiv' 'urem'> <InPorts = 2> <OutPorts = 1>
ST_33 : Operation 135 [22/52] (1.49ns)   --->   "%sdiv_ln1148_3 = sdiv i48 %t_V_3, %sext_ln1148" [fishery/C++/src/guidedfilter.cpp:54]   --->   Operation 135 'sdiv' 'sdiv_ln1148_3' <Predicate = (!icmp_ln887)> <Delay = 1.49> <Core = "DivnS">   --->   Core 23 'DivnS' <Latency = 51> <II = 1> <Delay = 1.49> <FuncUnit> <Opcode : 'sdiv' 'srem' 'udiv' 'urem'> <InPorts = 2> <OutPorts = 1>

State 34 <SV = 33> <Delay = 1.49>
ST_34 : Operation 136 [21/52] (1.49ns)   --->   "%sdiv_ln1148 = sdiv i48 %t_V, %sext_ln1148" [fishery/C++/src/guidedfilter.cpp:53]   --->   Operation 136 'sdiv' 'sdiv_ln1148' <Predicate = (!icmp_ln887)> <Delay = 1.49> <Core = "DivnS">   --->   Core 23 'DivnS' <Latency = 51> <II = 1> <Delay = 1.49> <FuncUnit> <Opcode : 'sdiv' 'srem' 'udiv' 'urem'> <InPorts = 2> <OutPorts = 1>
ST_34 : Operation 137 [21/52] (1.49ns)   --->   "%sdiv_ln1148_3 = sdiv i48 %t_V_3, %sext_ln1148" [fishery/C++/src/guidedfilter.cpp:54]   --->   Operation 137 'sdiv' 'sdiv_ln1148_3' <Predicate = (!icmp_ln887)> <Delay = 1.49> <Core = "DivnS">   --->   Core 23 'DivnS' <Latency = 51> <II = 1> <Delay = 1.49> <FuncUnit> <Opcode : 'sdiv' 'srem' 'udiv' 'urem'> <InPorts = 2> <OutPorts = 1>

State 35 <SV = 34> <Delay = 1.49>
ST_35 : Operation 138 [20/52] (1.49ns)   --->   "%sdiv_ln1148 = sdiv i48 %t_V, %sext_ln1148" [fishery/C++/src/guidedfilter.cpp:53]   --->   Operation 138 'sdiv' 'sdiv_ln1148' <Predicate = (!icmp_ln887)> <Delay = 1.49> <Core = "DivnS">   --->   Core 23 'DivnS' <Latency = 51> <II = 1> <Delay = 1.49> <FuncUnit> <Opcode : 'sdiv' 'srem' 'udiv' 'urem'> <InPorts = 2> <OutPorts = 1>
ST_35 : Operation 139 [20/52] (1.49ns)   --->   "%sdiv_ln1148_3 = sdiv i48 %t_V_3, %sext_ln1148" [fishery/C++/src/guidedfilter.cpp:54]   --->   Operation 139 'sdiv' 'sdiv_ln1148_3' <Predicate = (!icmp_ln887)> <Delay = 1.49> <Core = "DivnS">   --->   Core 23 'DivnS' <Latency = 51> <II = 1> <Delay = 1.49> <FuncUnit> <Opcode : 'sdiv' 'srem' 'udiv' 'urem'> <InPorts = 2> <OutPorts = 1>

State 36 <SV = 35> <Delay = 1.49>
ST_36 : Operation 140 [19/52] (1.49ns)   --->   "%sdiv_ln1148 = sdiv i48 %t_V, %sext_ln1148" [fishery/C++/src/guidedfilter.cpp:53]   --->   Operation 140 'sdiv' 'sdiv_ln1148' <Predicate = (!icmp_ln887)> <Delay = 1.49> <Core = "DivnS">   --->   Core 23 'DivnS' <Latency = 51> <II = 1> <Delay = 1.49> <FuncUnit> <Opcode : 'sdiv' 'srem' 'udiv' 'urem'> <InPorts = 2> <OutPorts = 1>
ST_36 : Operation 141 [19/52] (1.49ns)   --->   "%sdiv_ln1148_3 = sdiv i48 %t_V_3, %sext_ln1148" [fishery/C++/src/guidedfilter.cpp:54]   --->   Operation 141 'sdiv' 'sdiv_ln1148_3' <Predicate = (!icmp_ln887)> <Delay = 1.49> <Core = "DivnS">   --->   Core 23 'DivnS' <Latency = 51> <II = 1> <Delay = 1.49> <FuncUnit> <Opcode : 'sdiv' 'srem' 'udiv' 'urem'> <InPorts = 2> <OutPorts = 1>

State 37 <SV = 36> <Delay = 1.49>
ST_37 : Operation 142 [18/52] (1.49ns)   --->   "%sdiv_ln1148 = sdiv i48 %t_V, %sext_ln1148" [fishery/C++/src/guidedfilter.cpp:53]   --->   Operation 142 'sdiv' 'sdiv_ln1148' <Predicate = (!icmp_ln887)> <Delay = 1.49> <Core = "DivnS">   --->   Core 23 'DivnS' <Latency = 51> <II = 1> <Delay = 1.49> <FuncUnit> <Opcode : 'sdiv' 'srem' 'udiv' 'urem'> <InPorts = 2> <OutPorts = 1>
ST_37 : Operation 143 [18/52] (1.49ns)   --->   "%sdiv_ln1148_3 = sdiv i48 %t_V_3, %sext_ln1148" [fishery/C++/src/guidedfilter.cpp:54]   --->   Operation 143 'sdiv' 'sdiv_ln1148_3' <Predicate = (!icmp_ln887)> <Delay = 1.49> <Core = "DivnS">   --->   Core 23 'DivnS' <Latency = 51> <II = 1> <Delay = 1.49> <FuncUnit> <Opcode : 'sdiv' 'srem' 'udiv' 'urem'> <InPorts = 2> <OutPorts = 1>

State 38 <SV = 37> <Delay = 1.49>
ST_38 : Operation 144 [17/52] (1.49ns)   --->   "%sdiv_ln1148 = sdiv i48 %t_V, %sext_ln1148" [fishery/C++/src/guidedfilter.cpp:53]   --->   Operation 144 'sdiv' 'sdiv_ln1148' <Predicate = (!icmp_ln887)> <Delay = 1.49> <Core = "DivnS">   --->   Core 23 'DivnS' <Latency = 51> <II = 1> <Delay = 1.49> <FuncUnit> <Opcode : 'sdiv' 'srem' 'udiv' 'urem'> <InPorts = 2> <OutPorts = 1>
ST_38 : Operation 145 [17/52] (1.49ns)   --->   "%sdiv_ln1148_3 = sdiv i48 %t_V_3, %sext_ln1148" [fishery/C++/src/guidedfilter.cpp:54]   --->   Operation 145 'sdiv' 'sdiv_ln1148_3' <Predicate = (!icmp_ln887)> <Delay = 1.49> <Core = "DivnS">   --->   Core 23 'DivnS' <Latency = 51> <II = 1> <Delay = 1.49> <FuncUnit> <Opcode : 'sdiv' 'srem' 'udiv' 'urem'> <InPorts = 2> <OutPorts = 1>

State 39 <SV = 38> <Delay = 1.49>
ST_39 : Operation 146 [16/52] (1.49ns)   --->   "%sdiv_ln1148 = sdiv i48 %t_V, %sext_ln1148" [fishery/C++/src/guidedfilter.cpp:53]   --->   Operation 146 'sdiv' 'sdiv_ln1148' <Predicate = (!icmp_ln887)> <Delay = 1.49> <Core = "DivnS">   --->   Core 23 'DivnS' <Latency = 51> <II = 1> <Delay = 1.49> <FuncUnit> <Opcode : 'sdiv' 'srem' 'udiv' 'urem'> <InPorts = 2> <OutPorts = 1>
ST_39 : Operation 147 [16/52] (1.49ns)   --->   "%sdiv_ln1148_3 = sdiv i48 %t_V_3, %sext_ln1148" [fishery/C++/src/guidedfilter.cpp:54]   --->   Operation 147 'sdiv' 'sdiv_ln1148_3' <Predicate = (!icmp_ln887)> <Delay = 1.49> <Core = "DivnS">   --->   Core 23 'DivnS' <Latency = 51> <II = 1> <Delay = 1.49> <FuncUnit> <Opcode : 'sdiv' 'srem' 'udiv' 'urem'> <InPorts = 2> <OutPorts = 1>

State 40 <SV = 39> <Delay = 1.49>
ST_40 : Operation 148 [15/52] (1.49ns)   --->   "%sdiv_ln1148 = sdiv i48 %t_V, %sext_ln1148" [fishery/C++/src/guidedfilter.cpp:53]   --->   Operation 148 'sdiv' 'sdiv_ln1148' <Predicate = (!icmp_ln887)> <Delay = 1.49> <Core = "DivnS">   --->   Core 23 'DivnS' <Latency = 51> <II = 1> <Delay = 1.49> <FuncUnit> <Opcode : 'sdiv' 'srem' 'udiv' 'urem'> <InPorts = 2> <OutPorts = 1>
ST_40 : Operation 149 [15/52] (1.49ns)   --->   "%sdiv_ln1148_3 = sdiv i48 %t_V_3, %sext_ln1148" [fishery/C++/src/guidedfilter.cpp:54]   --->   Operation 149 'sdiv' 'sdiv_ln1148_3' <Predicate = (!icmp_ln887)> <Delay = 1.49> <Core = "DivnS">   --->   Core 23 'DivnS' <Latency = 51> <II = 1> <Delay = 1.49> <FuncUnit> <Opcode : 'sdiv' 'srem' 'udiv' 'urem'> <InPorts = 2> <OutPorts = 1>

State 41 <SV = 40> <Delay = 1.49>
ST_41 : Operation 150 [14/52] (1.49ns)   --->   "%sdiv_ln1148 = sdiv i48 %t_V, %sext_ln1148" [fishery/C++/src/guidedfilter.cpp:53]   --->   Operation 150 'sdiv' 'sdiv_ln1148' <Predicate = (!icmp_ln887)> <Delay = 1.49> <Core = "DivnS">   --->   Core 23 'DivnS' <Latency = 51> <II = 1> <Delay = 1.49> <FuncUnit> <Opcode : 'sdiv' 'srem' 'udiv' 'urem'> <InPorts = 2> <OutPorts = 1>
ST_41 : Operation 151 [14/52] (1.49ns)   --->   "%sdiv_ln1148_3 = sdiv i48 %t_V_3, %sext_ln1148" [fishery/C++/src/guidedfilter.cpp:54]   --->   Operation 151 'sdiv' 'sdiv_ln1148_3' <Predicate = (!icmp_ln887)> <Delay = 1.49> <Core = "DivnS">   --->   Core 23 'DivnS' <Latency = 51> <II = 1> <Delay = 1.49> <FuncUnit> <Opcode : 'sdiv' 'srem' 'udiv' 'urem'> <InPorts = 2> <OutPorts = 1>

State 42 <SV = 41> <Delay = 1.49>
ST_42 : Operation 152 [13/52] (1.49ns)   --->   "%sdiv_ln1148 = sdiv i48 %t_V, %sext_ln1148" [fishery/C++/src/guidedfilter.cpp:53]   --->   Operation 152 'sdiv' 'sdiv_ln1148' <Predicate = (!icmp_ln887)> <Delay = 1.49> <Core = "DivnS">   --->   Core 23 'DivnS' <Latency = 51> <II = 1> <Delay = 1.49> <FuncUnit> <Opcode : 'sdiv' 'srem' 'udiv' 'urem'> <InPorts = 2> <OutPorts = 1>
ST_42 : Operation 153 [13/52] (1.49ns)   --->   "%sdiv_ln1148_3 = sdiv i48 %t_V_3, %sext_ln1148" [fishery/C++/src/guidedfilter.cpp:54]   --->   Operation 153 'sdiv' 'sdiv_ln1148_3' <Predicate = (!icmp_ln887)> <Delay = 1.49> <Core = "DivnS">   --->   Core 23 'DivnS' <Latency = 51> <II = 1> <Delay = 1.49> <FuncUnit> <Opcode : 'sdiv' 'srem' 'udiv' 'urem'> <InPorts = 2> <OutPorts = 1>

State 43 <SV = 42> <Delay = 1.49>
ST_43 : Operation 154 [12/52] (1.49ns)   --->   "%sdiv_ln1148 = sdiv i48 %t_V, %sext_ln1148" [fishery/C++/src/guidedfilter.cpp:53]   --->   Operation 154 'sdiv' 'sdiv_ln1148' <Predicate = (!icmp_ln887)> <Delay = 1.49> <Core = "DivnS">   --->   Core 23 'DivnS' <Latency = 51> <II = 1> <Delay = 1.49> <FuncUnit> <Opcode : 'sdiv' 'srem' 'udiv' 'urem'> <InPorts = 2> <OutPorts = 1>
ST_43 : Operation 155 [12/52] (1.49ns)   --->   "%sdiv_ln1148_3 = sdiv i48 %t_V_3, %sext_ln1148" [fishery/C++/src/guidedfilter.cpp:54]   --->   Operation 155 'sdiv' 'sdiv_ln1148_3' <Predicate = (!icmp_ln887)> <Delay = 1.49> <Core = "DivnS">   --->   Core 23 'DivnS' <Latency = 51> <II = 1> <Delay = 1.49> <FuncUnit> <Opcode : 'sdiv' 'srem' 'udiv' 'urem'> <InPorts = 2> <OutPorts = 1>

State 44 <SV = 43> <Delay = 1.49>
ST_44 : Operation 156 [11/52] (1.49ns)   --->   "%sdiv_ln1148 = sdiv i48 %t_V, %sext_ln1148" [fishery/C++/src/guidedfilter.cpp:53]   --->   Operation 156 'sdiv' 'sdiv_ln1148' <Predicate = (!icmp_ln887)> <Delay = 1.49> <Core = "DivnS">   --->   Core 23 'DivnS' <Latency = 51> <II = 1> <Delay = 1.49> <FuncUnit> <Opcode : 'sdiv' 'srem' 'udiv' 'urem'> <InPorts = 2> <OutPorts = 1>
ST_44 : Operation 157 [11/52] (1.49ns)   --->   "%sdiv_ln1148_3 = sdiv i48 %t_V_3, %sext_ln1148" [fishery/C++/src/guidedfilter.cpp:54]   --->   Operation 157 'sdiv' 'sdiv_ln1148_3' <Predicate = (!icmp_ln887)> <Delay = 1.49> <Core = "DivnS">   --->   Core 23 'DivnS' <Latency = 51> <II = 1> <Delay = 1.49> <FuncUnit> <Opcode : 'sdiv' 'srem' 'udiv' 'urem'> <InPorts = 2> <OutPorts = 1>

State 45 <SV = 44> <Delay = 1.49>
ST_45 : Operation 158 [10/52] (1.49ns)   --->   "%sdiv_ln1148 = sdiv i48 %t_V, %sext_ln1148" [fishery/C++/src/guidedfilter.cpp:53]   --->   Operation 158 'sdiv' 'sdiv_ln1148' <Predicate = (!icmp_ln887)> <Delay = 1.49> <Core = "DivnS">   --->   Core 23 'DivnS' <Latency = 51> <II = 1> <Delay = 1.49> <FuncUnit> <Opcode : 'sdiv' 'srem' 'udiv' 'urem'> <InPorts = 2> <OutPorts = 1>
ST_45 : Operation 159 [10/52] (1.49ns)   --->   "%sdiv_ln1148_3 = sdiv i48 %t_V_3, %sext_ln1148" [fishery/C++/src/guidedfilter.cpp:54]   --->   Operation 159 'sdiv' 'sdiv_ln1148_3' <Predicate = (!icmp_ln887)> <Delay = 1.49> <Core = "DivnS">   --->   Core 23 'DivnS' <Latency = 51> <II = 1> <Delay = 1.49> <FuncUnit> <Opcode : 'sdiv' 'srem' 'udiv' 'urem'> <InPorts = 2> <OutPorts = 1>

State 46 <SV = 45> <Delay = 1.49>
ST_46 : Operation 160 [9/52] (1.49ns)   --->   "%sdiv_ln1148 = sdiv i48 %t_V, %sext_ln1148" [fishery/C++/src/guidedfilter.cpp:53]   --->   Operation 160 'sdiv' 'sdiv_ln1148' <Predicate = (!icmp_ln887)> <Delay = 1.49> <Core = "DivnS">   --->   Core 23 'DivnS' <Latency = 51> <II = 1> <Delay = 1.49> <FuncUnit> <Opcode : 'sdiv' 'srem' 'udiv' 'urem'> <InPorts = 2> <OutPorts = 1>
ST_46 : Operation 161 [9/52] (1.49ns)   --->   "%sdiv_ln1148_3 = sdiv i48 %t_V_3, %sext_ln1148" [fishery/C++/src/guidedfilter.cpp:54]   --->   Operation 161 'sdiv' 'sdiv_ln1148_3' <Predicate = (!icmp_ln887)> <Delay = 1.49> <Core = "DivnS">   --->   Core 23 'DivnS' <Latency = 51> <II = 1> <Delay = 1.49> <FuncUnit> <Opcode : 'sdiv' 'srem' 'udiv' 'urem'> <InPorts = 2> <OutPorts = 1>

State 47 <SV = 46> <Delay = 1.49>
ST_47 : Operation 162 [8/52] (1.49ns)   --->   "%sdiv_ln1148 = sdiv i48 %t_V, %sext_ln1148" [fishery/C++/src/guidedfilter.cpp:53]   --->   Operation 162 'sdiv' 'sdiv_ln1148' <Predicate = (!icmp_ln887)> <Delay = 1.49> <Core = "DivnS">   --->   Core 23 'DivnS' <Latency = 51> <II = 1> <Delay = 1.49> <FuncUnit> <Opcode : 'sdiv' 'srem' 'udiv' 'urem'> <InPorts = 2> <OutPorts = 1>
ST_47 : Operation 163 [8/52] (1.49ns)   --->   "%sdiv_ln1148_3 = sdiv i48 %t_V_3, %sext_ln1148" [fishery/C++/src/guidedfilter.cpp:54]   --->   Operation 163 'sdiv' 'sdiv_ln1148_3' <Predicate = (!icmp_ln887)> <Delay = 1.49> <Core = "DivnS">   --->   Core 23 'DivnS' <Latency = 51> <II = 1> <Delay = 1.49> <FuncUnit> <Opcode : 'sdiv' 'srem' 'udiv' 'urem'> <InPorts = 2> <OutPorts = 1>

State 48 <SV = 47> <Delay = 1.49>
ST_48 : Operation 164 [7/52] (1.49ns)   --->   "%sdiv_ln1148 = sdiv i48 %t_V, %sext_ln1148" [fishery/C++/src/guidedfilter.cpp:53]   --->   Operation 164 'sdiv' 'sdiv_ln1148' <Predicate = (!icmp_ln887)> <Delay = 1.49> <Core = "DivnS">   --->   Core 23 'DivnS' <Latency = 51> <II = 1> <Delay = 1.49> <FuncUnit> <Opcode : 'sdiv' 'srem' 'udiv' 'urem'> <InPorts = 2> <OutPorts = 1>
ST_48 : Operation 165 [7/52] (1.49ns)   --->   "%sdiv_ln1148_3 = sdiv i48 %t_V_3, %sext_ln1148" [fishery/C++/src/guidedfilter.cpp:54]   --->   Operation 165 'sdiv' 'sdiv_ln1148_3' <Predicate = (!icmp_ln887)> <Delay = 1.49> <Core = "DivnS">   --->   Core 23 'DivnS' <Latency = 51> <II = 1> <Delay = 1.49> <FuncUnit> <Opcode : 'sdiv' 'srem' 'udiv' 'urem'> <InPorts = 2> <OutPorts = 1>

State 49 <SV = 48> <Delay = 1.49>
ST_49 : Operation 166 [6/52] (1.49ns)   --->   "%sdiv_ln1148 = sdiv i48 %t_V, %sext_ln1148" [fishery/C++/src/guidedfilter.cpp:53]   --->   Operation 166 'sdiv' 'sdiv_ln1148' <Predicate = (!icmp_ln887)> <Delay = 1.49> <Core = "DivnS">   --->   Core 23 'DivnS' <Latency = 51> <II = 1> <Delay = 1.49> <FuncUnit> <Opcode : 'sdiv' 'srem' 'udiv' 'urem'> <InPorts = 2> <OutPorts = 1>
ST_49 : Operation 167 [6/52] (1.49ns)   --->   "%sdiv_ln1148_3 = sdiv i48 %t_V_3, %sext_ln1148" [fishery/C++/src/guidedfilter.cpp:54]   --->   Operation 167 'sdiv' 'sdiv_ln1148_3' <Predicate = (!icmp_ln887)> <Delay = 1.49> <Core = "DivnS">   --->   Core 23 'DivnS' <Latency = 51> <II = 1> <Delay = 1.49> <FuncUnit> <Opcode : 'sdiv' 'srem' 'udiv' 'urem'> <InPorts = 2> <OutPorts = 1>

State 50 <SV = 49> <Delay = 1.49>
ST_50 : Operation 168 [5/52] (1.49ns)   --->   "%sdiv_ln1148 = sdiv i48 %t_V, %sext_ln1148" [fishery/C++/src/guidedfilter.cpp:53]   --->   Operation 168 'sdiv' 'sdiv_ln1148' <Predicate = (!icmp_ln887)> <Delay = 1.49> <Core = "DivnS">   --->   Core 23 'DivnS' <Latency = 51> <II = 1> <Delay = 1.49> <FuncUnit> <Opcode : 'sdiv' 'srem' 'udiv' 'urem'> <InPorts = 2> <OutPorts = 1>
ST_50 : Operation 169 [5/52] (1.49ns)   --->   "%sdiv_ln1148_3 = sdiv i48 %t_V_3, %sext_ln1148" [fishery/C++/src/guidedfilter.cpp:54]   --->   Operation 169 'sdiv' 'sdiv_ln1148_3' <Predicate = (!icmp_ln887)> <Delay = 1.49> <Core = "DivnS">   --->   Core 23 'DivnS' <Latency = 51> <II = 1> <Delay = 1.49> <FuncUnit> <Opcode : 'sdiv' 'srem' 'udiv' 'urem'> <InPorts = 2> <OutPorts = 1>

State 51 <SV = 50> <Delay = 1.49>
ST_51 : Operation 170 [4/52] (1.49ns)   --->   "%sdiv_ln1148 = sdiv i48 %t_V, %sext_ln1148" [fishery/C++/src/guidedfilter.cpp:53]   --->   Operation 170 'sdiv' 'sdiv_ln1148' <Predicate = (!icmp_ln887)> <Delay = 1.49> <Core = "DivnS">   --->   Core 23 'DivnS' <Latency = 51> <II = 1> <Delay = 1.49> <FuncUnit> <Opcode : 'sdiv' 'srem' 'udiv' 'urem'> <InPorts = 2> <OutPorts = 1>
ST_51 : Operation 171 [4/52] (1.49ns)   --->   "%sdiv_ln1148_3 = sdiv i48 %t_V_3, %sext_ln1148" [fishery/C++/src/guidedfilter.cpp:54]   --->   Operation 171 'sdiv' 'sdiv_ln1148_3' <Predicate = (!icmp_ln887)> <Delay = 1.49> <Core = "DivnS">   --->   Core 23 'DivnS' <Latency = 51> <II = 1> <Delay = 1.49> <FuncUnit> <Opcode : 'sdiv' 'srem' 'udiv' 'urem'> <InPorts = 2> <OutPorts = 1>

State 52 <SV = 51> <Delay = 1.49>
ST_52 : Operation 172 [3/52] (1.49ns)   --->   "%sdiv_ln1148 = sdiv i48 %t_V, %sext_ln1148" [fishery/C++/src/guidedfilter.cpp:53]   --->   Operation 172 'sdiv' 'sdiv_ln1148' <Predicate = (!icmp_ln887)> <Delay = 1.49> <Core = "DivnS">   --->   Core 23 'DivnS' <Latency = 51> <II = 1> <Delay = 1.49> <FuncUnit> <Opcode : 'sdiv' 'srem' 'udiv' 'urem'> <InPorts = 2> <OutPorts = 1>
ST_52 : Operation 173 [3/52] (1.49ns)   --->   "%sdiv_ln1148_3 = sdiv i48 %t_V_3, %sext_ln1148" [fishery/C++/src/guidedfilter.cpp:54]   --->   Operation 173 'sdiv' 'sdiv_ln1148_3' <Predicate = (!icmp_ln887)> <Delay = 1.49> <Core = "DivnS">   --->   Core 23 'DivnS' <Latency = 51> <II = 1> <Delay = 1.49> <FuncUnit> <Opcode : 'sdiv' 'srem' 'udiv' 'urem'> <InPorts = 2> <OutPorts = 1>

State 53 <SV = 52> <Delay = 1.49>
ST_53 : Operation 174 [2/52] (1.49ns)   --->   "%sdiv_ln1148 = sdiv i48 %t_V, %sext_ln1148" [fishery/C++/src/guidedfilter.cpp:53]   --->   Operation 174 'sdiv' 'sdiv_ln1148' <Predicate = (!icmp_ln887)> <Delay = 1.49> <Core = "DivnS">   --->   Core 23 'DivnS' <Latency = 51> <II = 1> <Delay = 1.49> <FuncUnit> <Opcode : 'sdiv' 'srem' 'udiv' 'urem'> <InPorts = 2> <OutPorts = 1>
ST_53 : Operation 175 [2/52] (1.49ns)   --->   "%sdiv_ln1148_3 = sdiv i48 %t_V_3, %sext_ln1148" [fishery/C++/src/guidedfilter.cpp:54]   --->   Operation 175 'sdiv' 'sdiv_ln1148_3' <Predicate = (!icmp_ln887)> <Delay = 1.49> <Core = "DivnS">   --->   Core 23 'DivnS' <Latency = 51> <II = 1> <Delay = 1.49> <FuncUnit> <Opcode : 'sdiv' 'srem' 'udiv' 'urem'> <InPorts = 2> <OutPorts = 1>

State 54 <SV = 53> <Delay = 7.01>
ST_54 : Operation 176 [1/52] (1.49ns)   --->   "%sdiv_ln1148 = sdiv i48 %t_V, %sext_ln1148" [fishery/C++/src/guidedfilter.cpp:53]   --->   Operation 176 'sdiv' 'sdiv_ln1148' <Predicate = (!icmp_ln887)> <Delay = 1.49> <Core = "DivnS">   --->   Core 23 'DivnS' <Latency = 51> <II = 1> <Delay = 1.49> <FuncUnit> <Opcode : 'sdiv' 'srem' 'udiv' 'urem'> <InPorts = 2> <OutPorts = 1>
ST_54 : Operation 177 [1/1] (0.00ns)   --->   "%mean_a_V = trunc i48 %sdiv_ln1148 to i32" [fishery/C++/src/guidedfilter.cpp:53]   --->   Operation 177 'trunc' 'mean_a_V' <Predicate = (!icmp_ln887)> <Delay = 0.00>
ST_54 : Operation 178 [1/52] (1.49ns)   --->   "%sdiv_ln1148_3 = sdiv i48 %t_V_3, %sext_ln1148" [fishery/C++/src/guidedfilter.cpp:54]   --->   Operation 178 'sdiv' 'sdiv_ln1148_3' <Predicate = (!icmp_ln887)> <Delay = 1.49> <Core = "DivnS">   --->   Core 23 'DivnS' <Latency = 51> <II = 1> <Delay = 1.49> <FuncUnit> <Opcode : 'sdiv' 'srem' 'udiv' 'urem'> <InPorts = 2> <OutPorts = 1>
ST_54 : Operation 179 [1/1] (0.00ns)   --->   "%r_V = sext i32 %mean_a_V to i64" [fishery/C++/src/guidedfilter.cpp:56]   --->   Operation 179 'sext' 'r_V' <Predicate = (!icmp_ln887)> <Delay = 0.00>
ST_54 : Operation 180 [1/1] (0.00ns)   --->   "%sext_ln1118 = sext i32 %tmp_V_214 to i64" [fishery/C++/src/guidedfilter.cpp:56]   --->   Operation 180 'sext' 'sext_ln1118' <Predicate = (!icmp_ln887)> <Delay = 0.00>
ST_54 : Operation 181 [1/1] (3.42ns)   --->   "%r_V_8 = mul nsw i64 %sext_ln1118, %r_V" [fishery/C++/src/guidedfilter.cpp:56]   --->   Operation 181 'mul' 'r_V_8' <Predicate = (!icmp_ln887)> <Delay = 3.42> <Core = "Mul">   --->   Core 16 'Mul' <Latency = 0> <II = 1> <Delay = 3.42> <FuncUnit> <Opcode : 'mul'> <InPorts = 2> <OutPorts = 1>
ST_54 : Operation 182 [1/1] (0.00ns) (grouped into LUT with out node ret_V_15)   --->   "%trunc_ln700 = trunc i64 %r_V_8 to i48" [fishery/C++/src/guidedfilter.cpp:56]   --->   Operation 182 'trunc' 'trunc_ln700' <Predicate = (!icmp_ln887)> <Delay = 0.00>
ST_54 : Operation 183 [1/1] (0.00ns) (grouped into LUT with out node ret_V_15)   --->   "%rhs_V = shl i48 %sdiv_ln1148_3, 16" [fishery/C++/src/guidedfilter.cpp:56]   --->   Operation 183 'shl' 'rhs_V' <Predicate = (!icmp_ln887)> <Delay = 0.00>
ST_54 : Operation 184 [1/1] (1.09ns) (out node of the LUT)   --->   "%ret_V_15 = add i48 %rhs_V, %trunc_ln700" [fishery/C++/src/guidedfilter.cpp:56]   --->   Operation 184 'add' 'ret_V_15' <Predicate = (!icmp_ln887)> <Delay = 1.09> <Core = "AddSub">   --->   Core 14 'AddSub' <Latency = 0> <II = 1> <Delay = 0.85> <FuncUnit> <Opcode : 'add' 'sub'> <InPorts = 2> <OutPorts = 1>
ST_54 : Operation 185 [1/1] (0.00ns) (grouped into LUT with out node p_Val2_33)   --->   "%p_Val2_30 = call i32 @_ssdm_op_PartSelect.i32.i48.i32.i32(i48 %ret_V_15, i32 16, i32 47)" [fishery/C++/src/guidedfilter.cpp:56]   --->   Operation 185 'partselect' 'p_Val2_30' <Predicate = (!icmp_ln887)> <Delay = 0.00>
ST_54 : Operation 186 [1/1] (0.00ns) (grouped into LUT with out node p_Val2_33)   --->   "%tmp = call i1 @_ssdm_op_BitSelect.i1.i48.i32(i48 %ret_V_15, i32 16)" [fishery/C++/src/guidedfilter.cpp:56]   --->   Operation 186 'bitselect' 'tmp' <Predicate = (!icmp_ln887)> <Delay = 0.00>
ST_54 : Operation 187 [1/1] (0.00ns)   --->   "%trunc_ln718 = trunc i64 %r_V_8 to i15" [fishery/C++/src/guidedfilter.cpp:56]   --->   Operation 187 'trunc' 'trunc_ln718' <Predicate = (!icmp_ln887)> <Delay = 0.00>
ST_54 : Operation 188 [1/1] (1.07ns)   --->   "%r = icmp ne i15 %trunc_ln718, 0" [fishery/C++/src/guidedfilter.cpp:56]   --->   Operation 188 'icmp' 'r' <Predicate = (!icmp_ln887)> <Delay = 1.07> <Core = "Cmp">   --->   Core 25 'Cmp' <Latency = 0> <II = 1> <Delay = 1.10> <FuncUnit> <Opcode : 'icmp'> <InPorts = 2> <OutPorts = 1>
ST_54 : Operation 189 [1/1] (0.00ns) (grouped into LUT with out node p_Val2_33)   --->   "%or_ln412 = or i1 %r, %tmp" [fishery/C++/src/guidedfilter.cpp:56]   --->   Operation 189 'or' 'or_ln412' <Predicate = (!icmp_ln887)> <Delay = 0.00> <Core = "LogicGate">   --->   Core 27 'LogicGate' <Latency = 0> <II = 1> <Delay = 0.28> <FuncUnit> <Opcode : 'and' 'or' 'xor'> <InPorts = 2> <OutPorts = 1>
ST_54 : Operation 190 [1/1] (0.00ns) (grouped into LUT with out node p_Val2_33)   --->   "%tmp_28 = call i1 @_ssdm_op_BitSelect.i1.i64.i32(i64 %r_V_8, i32 15)" [fishery/C++/src/guidedfilter.cpp:56]   --->   Operation 190 'bitselect' 'tmp_28' <Predicate = (!icmp_ln887)> <Delay = 0.00>
ST_54 : Operation 191 [1/1] (0.00ns) (grouped into LUT with out node p_Val2_33)   --->   "%and_ln412 = and i1 %or_ln412, %tmp_28" [fishery/C++/src/guidedfilter.cpp:56]   --->   Operation 191 'and' 'and_ln412' <Predicate = (!icmp_ln887)> <Delay = 0.00> <Core = "LogicGate">   --->   Core 27 'LogicGate' <Latency = 0> <II = 1> <Delay = 0.28> <FuncUnit> <Opcode : 'and' 'or' 'xor'> <InPorts = 2> <OutPorts = 1>
ST_54 : Operation 192 [1/1] (0.00ns) (grouped into LUT with out node p_Val2_33)   --->   "%zext_ln412 = zext i1 %and_ln412 to i32" [fishery/C++/src/guidedfilter.cpp:56]   --->   Operation 192 'zext' 'zext_ln412' <Predicate = (!icmp_ln887)> <Delay = 0.00>
ST_54 : Operation 193 [1/1] (1.01ns) (out node of the LUT)   --->   "%p_Val2_33 = add nsw i32 %p_Val2_30, %zext_ln412" [fishery/C++/src/guidedfilter.cpp:56]   --->   Operation 193 'add' 'p_Val2_33' <Predicate = (!icmp_ln887)> <Delay = 1.01> <Core = "AddSub">   --->   Core 14 'AddSub' <Latency = 0> <II = 1> <Delay = 0.85> <FuncUnit> <Opcode : 'add' 'sub'> <InPorts = 2> <OutPorts = 1>

State 55 <SV = 54> <Delay = 5.77>
ST_55 : Operation 194 [1/1] (0.00ns)   --->   "call void (...)* @_ssdm_op_SpecLoopTripCount(i64 129600, i64 129600, i64 129600)"   --->   Operation 194 'speclooptripcount' <Predicate = (!icmp_ln887)> <Delay = 0.00>
ST_55 : Operation 195 [1/1] (0.00ns)   --->   "%tmp_80_i = call i32 (...)* @_ssdm_op_SpecRegionBegin([12 x i8]* @p_str2)" [fishery/C++/src/guidedfilter.cpp:47]   --->   Operation 195 'specregionbegin' 'tmp_80_i' <Predicate = (!icmp_ln887)> <Delay = 0.00>
ST_55 : Operation 196 [1/1] (0.00ns)   --->   "call void (...)* @_ssdm_op_SpecPipeline(i32 -1, i32 1, i32 1, i32 0, [1 x i8]* @p_str) nounwind" [fishery/C++/src/guidedfilter.cpp:48]   --->   Operation 196 'specpipeline' <Predicate = (!icmp_ln887)> <Delay = 0.00>
ST_55 : Operation 197 [1/1] (1.01ns)   --->   "%sub_ln703 = sub i32 %tmp_V_214, %p_Val2_33" [fishery/C++/src/guidedfilter.cpp:57]   --->   Operation 197 'sub' 'sub_ln703' <Predicate = (!icmp_ln887)> <Delay = 1.01> <Core = "AddSub">   --->   Core 14 'AddSub' <Latency = 0> <II = 1> <Delay = 0.85> <FuncUnit> <Opcode : 'add' 'sub'> <InPorts = 2> <OutPorts = 1>
ST_55 : Operation 198 [1/1] (0.00ns)   --->   "%shl_ln703 = shl i32 %sub_ln703, 3" [fishery/C++/src/guidedfilter.cpp:57]   --->   Operation 198 'shl' 'shl_ln703' <Predicate = (!icmp_ln887)> <Delay = 0.00>
ST_55 : Operation 199 [1/1] (0.00ns)   --->   "%shl_ln703_1 = shl i32 %sub_ln703, 1" [fishery/C++/src/guidedfilter.cpp:57]   --->   Operation 199 'shl' 'shl_ln703_1' <Predicate = (!icmp_ln887)> <Delay = 0.00>
ST_55 : Operation 200 [1/1] (0.00ns) (grouped into LUT with out node sub_ln703_1)   --->   "%shl_ln703_2 = shl i32 %p_Val2_33, 2" [fishery/C++/src/guidedfilter.cpp:57]   --->   Operation 200 'shl' 'shl_ln703_2' <Predicate = (!icmp_ln887)> <Delay = 0.00>
ST_55 : Operation 201 [1/1] (1.01ns) (out node of the LUT)   --->   "%sub_ln703_1 = sub i32 %shl_ln703_2, %p_Val2_33" [fishery/C++/src/guidedfilter.cpp:57]   --->   Operation 201 'sub' 'sub_ln703_1' <Predicate = (!icmp_ln887)> <Delay = 1.01> <Core = "AddSub">   --->   Core 14 'AddSub' <Latency = 0> <II = 1> <Delay = 0.85> <FuncUnit> <Opcode : 'add' 'sub'> <InPorts = 2> <OutPorts = 1>
ST_55 : Operation 202 [1/1] (0.00ns) (grouped into TernaryAdder)   --->   "%add_ln703 = add i32 %shl_ln703_1, %sub_ln703_1" [fishery/C++/src/guidedfilter.cpp:57]   --->   Operation 202 'add' 'add_ln703' <Predicate = (!icmp_ln887)> <Delay = 0.00> <Core = "TAddSub">   --->   Core 83 'TAddSub' <Latency = 0> <II = 1> <Delay = 0.36> <IPBlock> <Opcode : 'add' 'sub'> <InPorts = 3> <OutPorts = 1> <Sync> <CReg>
ST_55 : Operation 203 [1/1] (0.73ns) (root node of TernaryAdder)   --->   "%q_V = add i32 %add_ln703, %shl_ln703" [fishery/C++/src/guidedfilter.cpp:57]   --->   Operation 203 'add' 'q_V' <Predicate = (!icmp_ln887)> <Delay = 0.73> <Core = "TAddSub">   --->   Core 83 'TAddSub' <Latency = 0> <II = 1> <Delay = 0.36> <IPBlock> <Opcode : 'add' 'sub'> <InPorts = 3> <OutPorts = 1> <Sync> <CReg>
ST_55 : Operation 204 [1/1] (0.00ns)   --->   "%shl_ln703_3 = shl i32 %q_V, 3" [fishery/C++/src/guidedfilter.cpp:64]   --->   Operation 204 'shl' 'shl_ln703_3' <Predicate = (!icmp_ln887)> <Delay = 0.00>
ST_55 : Operation 205 [1/1] (0.00ns)   --->   "%shl_ln703_4 = shl i32 %q_V, 1" [fishery/C++/src/guidedfilter.cpp:64]   --->   Operation 205 'shl' 'shl_ln703_4' <Predicate = (!icmp_ln887)> <Delay = 0.00>
ST_55 : Operation 206 [1/1] (0.00ns) (grouped into TernaryAdder)   --->   "%add_ln703_2 = add i32 1966080, %shl_ln703_4" [fishery/C++/src/guidedfilter.cpp:64]   --->   Operation 206 'add' 'add_ln703_2' <Predicate = (!icmp_ln887)> <Delay = 0.00> <Core = "TAddSub">   --->   Core 83 'TAddSub' <Latency = 0> <II = 1> <Delay = 0.36> <IPBlock> <Opcode : 'add' 'sub'> <InPorts = 3> <OutPorts = 1> <Sync> <CReg>
ST_55 : Operation 207 [1/1] (0.73ns) (root node of TernaryAdder)   --->   "%q_V_2 = add i32 %add_ln703_2, %shl_ln703_3" [fishery/C++/src/guidedfilter.cpp:64]   --->   Operation 207 'add' 'q_V_2' <Predicate = (!icmp_ln887)> <Delay = 0.73> <Core = "TAddSub">   --->   Core 83 'TAddSub' <Latency = 0> <II = 1> <Delay = 0.36> <IPBlock> <Opcode : 'add' 'sub'> <InPorts = 3> <OutPorts = 1> <Sync> <CReg>
ST_55 : Operation 208 [1/1] (0.00ns)   --->   "%ret_V = call i16 @_ssdm_op_PartSelect.i16.i32.i32.i32(i32 %q_V_2, i32 16, i32 31)" [fishery/C++/src/guidedfilter.cpp:66]   --->   Operation 208 'partselect' 'ret_V' <Predicate = (!icmp_ln887)> <Delay = 0.00>
ST_55 : Operation 209 [1/1] (0.00ns) (grouped into LUT with out node tmp_30)   --->   "%p_Result_s = call i1 @_ssdm_op_BitSelect.i1.i32.i32(i32 %q_V_2, i32 31)" [fishery/C++/src/guidedfilter.cpp:66]   --->   Operation 209 'bitselect' 'p_Result_s' <Predicate = (!icmp_ln887)> <Delay = 0.00>
ST_55 : Operation 210 [1/1] (0.00ns)   --->   "%trunc_ln851 = trunc i32 %q_V_2 to i16" [fishery/C++/src/guidedfilter.cpp:66]   --->   Operation 210 'trunc' 'trunc_ln851' <Predicate = (!icmp_ln887)> <Delay = 0.00>
ST_55 : Operation 211 [1/1] (1.10ns)   --->   "%icmp_ln851 = icmp eq i16 %trunc_ln851, 0" [fishery/C++/src/guidedfilter.cpp:66]   --->   Operation 211 'icmp' 'icmp_ln851' <Predicate = (!icmp_ln887)> <Delay = 1.10> <Core = "Cmp">   --->   Core 25 'Cmp' <Latency = 0> <II = 1> <Delay = 1.10> <FuncUnit> <Opcode : 'icmp'> <InPorts = 2> <OutPorts = 1>
ST_55 : Operation 212 [1/1] (0.85ns)   --->   "%ret_V_14 = add i16 1, %ret_V" [fishery/C++/src/guidedfilter.cpp:66]   --->   Operation 212 'add' 'ret_V_14' <Predicate = (!icmp_ln887)> <Delay = 0.85> <Core = "AddSub">   --->   Core 14 'AddSub' <Latency = 0> <II = 1> <Delay = 0.85> <FuncUnit> <Opcode : 'add' 'sub'> <InPorts = 2> <OutPorts = 1>
ST_55 : Operation 213 [1/1] (0.00ns) (grouped into LUT with out node tmp_30)   --->   "%select_ln851 = select i1 %icmp_ln851, i16 %ret_V, i16 %ret_V_14" [fishery/C++/src/guidedfilter.cpp:66]   --->   Operation 213 'select' 'select_ln851' <Predicate = (!icmp_ln887)> <Delay = 0.00> <Core = "Sel">   --->   Core 26 'Sel' <Latency = 0> <II = 1> <Delay = 0.35> <FuncUnit> <Opcode : 'select'> <InPorts = 3> <OutPorts = 1>
ST_55 : Operation 214 [1/1] (0.35ns) (out node of the LUT)   --->   "%tmp_30 = select i1 %p_Result_s, i16 %select_ln851, i16 %ret_V" [fishery/C++/src/guidedfilter.cpp:66]   --->   Operation 214 'select' 'tmp_30' <Predicate = (!icmp_ln887)> <Delay = 0.35> <Core = "Sel">   --->   Core 26 'Sel' <Latency = 0> <II = 1> <Delay = 0.35> <FuncUnit> <Opcode : 'select'> <InPorts = 3> <OutPorts = 1>
ST_55 : Operation 215 [1/1] (0.00ns)   --->   "%tmp_81_i = call i32 (...)* @_ssdm_op_SpecRegionBegin([12 x i8]* @p_str6)" [C:/Xilinx/Vivado/2019.2/common/technology/autopilot/hls/hls_video_core.h:696->C:/Xilinx/Vivado/2019.2/common/technology/autopilot/hls/hls_video_core.h:717->fishery/C++/src/guidedfilter.cpp:67]   --->   Operation 215 'specregionbegin' 'tmp_81_i' <Predicate = (!icmp_ln887)> <Delay = 0.00>
ST_55 : Operation 216 [1/1] (0.00ns)   --->   "call void (...)* @_ssdm_op_SpecProtocol(i32 0, [1 x i8]* @p_str) nounwind" [C:/Xilinx/Vivado/2019.2/common/technology/autopilot/hls/hls_video_core.h:700->C:/Xilinx/Vivado/2019.2/common/technology/autopilot/hls/hls_video_core.h:717->fishery/C++/src/guidedfilter.cpp:67]   --->   Operation 216 'specprotocol' <Predicate = (!icmp_ln887)> <Delay = 0.00>
ST_55 : Operation 217 [1/1] (1.83ns)   --->   "call void @_ssdm_op_Write.ap_fifo.volatile.i16P(i16* %I_enhanced_data_stream_V, i16 %tmp_30)" [C:/Xilinx/Vivado/2019.2/common/technology/autopilot/hls/hls_video_core.h:703->C:/Xilinx/Vivado/2019.2/common/technology/autopilot/hls/hls_video_core.h:717->fishery/C++/src/guidedfilter.cpp:67]   --->   Operation 217 'write' <Predicate = (!icmp_ln887)> <Delay = 1.83> <Core = "FIFO">   --->   Core 32 'FIFO' <Latency = 0> <II = 1> <Delay = 1.83> <Storage> <Opcode : 'read' 'write' 'nbread' 'nbwrite'> <Ports = 0> <Width = 16> <Depth = 2> <FIFO>
ST_55 : Operation 218 [1/1] (0.00ns)   --->   "%empty = call i32 (...)* @_ssdm_op_SpecRegionEnd([12 x i8]* @p_str6, i32 %tmp_81_i)" [C:/Xilinx/Vivado/2019.2/common/technology/autopilot/hls/hls_video_core.h:705->C:/Xilinx/Vivado/2019.2/common/technology/autopilot/hls/hls_video_core.h:717->fishery/C++/src/guidedfilter.cpp:67]   --->   Operation 218 'specregionend' 'empty' <Predicate = (!icmp_ln887)> <Delay = 0.00>
ST_55 : Operation 219 [1/1] (0.00ns)   --->   "%empty_282 = call i32 (...)* @_ssdm_op_SpecRegionEnd([12 x i8]* @p_str2, i32 %tmp_80_i)" [fishery/C++/src/guidedfilter.cpp:68]   --->   Operation 219 'specregionend' 'empty_282' <Predicate = (!icmp_ln887)> <Delay = 0.00>
ST_55 : Operation 220 [1/1] (0.00ns)   --->   "br label %.preheader.i" [fishery/C++/src/guidedfilter.cpp:46]   --->   Operation 220 'br' <Predicate = (!icmp_ln887)> <Delay = 0.00>

State 56 <SV = 2> <Delay = 0.00>
ST_56 : Operation 221 [1/1] (0.00ns)   --->   "ret void"   --->   Operation 221 'ret' <Predicate = true> <Delay = 0.00>


============================================================
+ Verbose Summary: Timing violations
============================================================
Target clock period: 10ns, clock uncertainty: 1.25ns.

 <State 1>: 0.656ns
The critical path consists of the following:
	multiplexor before 'phi' operation ('indvar_flatten', fishery/C++/src/guidedfilter.cpp:45) with incoming values : ('add_ln887', fishery/C++/src/guidedfilter.cpp:45) [14]  (0.656 ns)

 <State 2>: 1.1ns
The critical path consists of the following:
	'phi' operation ('indvar_flatten', fishery/C++/src/guidedfilter.cpp:45) with incoming values : ('add_ln887', fishery/C++/src/guidedfilter.cpp:45) [14]  (0 ns)
	'icmp' operation ('icmp_ln887', fishery/C++/src/guidedfilter.cpp:45) [15]  (1.1 ns)

 <State 3>: 3.33ns
The critical path consists of the following:
	fifo read on port 'mean_A_V_V' (fishery/C++/src/guidedfilter.cpp:49) [22]  (1.84 ns)
	'sdiv' operation ('sdiv_ln1148', fishery/C++/src/guidedfilter.cpp:53) [28]  (1.49 ns)

 <State 4>: 1.49ns
The critical path consists of the following:
	'sdiv' operation ('sdiv_ln1148', fishery/C++/src/guidedfilter.cpp:53) [28]  (1.49 ns)

 <State 5>: 1.49ns
The critical path consists of the following:
	'sdiv' operation ('sdiv_ln1148', fishery/C++/src/guidedfilter.cpp:53) [28]  (1.49 ns)

 <State 6>: 1.49ns
The critical path consists of the following:
	'sdiv' operation ('sdiv_ln1148', fishery/C++/src/guidedfilter.cpp:53) [28]  (1.49 ns)

 <State 7>: 1.49ns
The critical path consists of the following:
	'sdiv' operation ('sdiv_ln1148', fishery/C++/src/guidedfilter.cpp:53) [28]  (1.49 ns)

 <State 8>: 1.49ns
The critical path consists of the following:
	'sdiv' operation ('sdiv_ln1148', fishery/C++/src/guidedfilter.cpp:53) [28]  (1.49 ns)

 <State 9>: 1.49ns
The critical path consists of the following:
	'sdiv' operation ('sdiv_ln1148', fishery/C++/src/guidedfilter.cpp:53) [28]  (1.49 ns)

 <State 10>: 1.49ns
The critical path consists of the following:
	'sdiv' operation ('sdiv_ln1148', fishery/C++/src/guidedfilter.cpp:53) [28]  (1.49 ns)

 <State 11>: 1.49ns
The critical path consists of the following:
	'sdiv' operation ('sdiv_ln1148', fishery/C++/src/guidedfilter.cpp:53) [28]  (1.49 ns)

 <State 12>: 1.49ns
The critical path consists of the following:
	'sdiv' operation ('sdiv_ln1148', fishery/C++/src/guidedfilter.cpp:53) [28]  (1.49 ns)

 <State 13>: 1.49ns
The critical path consists of the following:
	'sdiv' operation ('sdiv_ln1148', fishery/C++/src/guidedfilter.cpp:53) [28]  (1.49 ns)

 <State 14>: 1.49ns
The critical path consists of the following:
	'sdiv' operation ('sdiv_ln1148', fishery/C++/src/guidedfilter.cpp:53) [28]  (1.49 ns)

 <State 15>: 1.49ns
The critical path consists of the following:
	'sdiv' operation ('sdiv_ln1148', fishery/C++/src/guidedfilter.cpp:53) [28]  (1.49 ns)

 <State 16>: 1.49ns
The critical path consists of the following:
	'sdiv' operation ('sdiv_ln1148', fishery/C++/src/guidedfilter.cpp:53) [28]  (1.49 ns)

 <State 17>: 1.49ns
The critical path consists of the following:
	'sdiv' operation ('sdiv_ln1148', fishery/C++/src/guidedfilter.cpp:53) [28]  (1.49 ns)

 <State 18>: 1.49ns
The critical path consists of the following:
	'sdiv' operation ('sdiv_ln1148', fishery/C++/src/guidedfilter.cpp:53) [28]  (1.49 ns)

 <State 19>: 1.49ns
The critical path consists of the following:
	'sdiv' operation ('sdiv_ln1148', fishery/C++/src/guidedfilter.cpp:53) [28]  (1.49 ns)

 <State 20>: 1.49ns
The critical path consists of the following:
	'sdiv' operation ('sdiv_ln1148', fishery/C++/src/guidedfilter.cpp:53) [28]  (1.49 ns)

 <State 21>: 1.49ns
The critical path consists of the following:
	'sdiv' operation ('sdiv_ln1148', fishery/C++/src/guidedfilter.cpp:53) [28]  (1.49 ns)

 <State 22>: 1.49ns
The critical path consists of the following:
	'sdiv' operation ('sdiv_ln1148', fishery/C++/src/guidedfilter.cpp:53) [28]  (1.49 ns)

 <State 23>: 1.49ns
The critical path consists of the following:
	'sdiv' operation ('sdiv_ln1148', fishery/C++/src/guidedfilter.cpp:53) [28]  (1.49 ns)

 <State 24>: 1.49ns
The critical path consists of the following:
	'sdiv' operation ('sdiv_ln1148', fishery/C++/src/guidedfilter.cpp:53) [28]  (1.49 ns)

 <State 25>: 1.49ns
The critical path consists of the following:
	'sdiv' operation ('sdiv_ln1148', fishery/C++/src/guidedfilter.cpp:53) [28]  (1.49 ns)

 <State 26>: 1.49ns
The critical path consists of the following:
	'sdiv' operation ('sdiv_ln1148', fishery/C++/src/guidedfilter.cpp:53) [28]  (1.49 ns)

 <State 27>: 1.49ns
The critical path consists of the following:
	'sdiv' operation ('sdiv_ln1148', fishery/C++/src/guidedfilter.cpp:53) [28]  (1.49 ns)

 <State 28>: 1.49ns
The critical path consists of the following:
	'sdiv' operation ('sdiv_ln1148', fishery/C++/src/guidedfilter.cpp:53) [28]  (1.49 ns)

 <State 29>: 1.49ns
The critical path consists of the following:
	'sdiv' operation ('sdiv_ln1148', fishery/C++/src/guidedfilter.cpp:53) [28]  (1.49 ns)

 <State 30>: 1.49ns
The critical path consists of the following:
	'sdiv' operation ('sdiv_ln1148', fishery/C++/src/guidedfilter.cpp:53) [28]  (1.49 ns)

 <State 31>: 1.49ns
The critical path consists of the following:
	'sdiv' operation ('sdiv_ln1148', fishery/C++/src/guidedfilter.cpp:53) [28]  (1.49 ns)

 <State 32>: 1.49ns
The critical path consists of the following:
	'sdiv' operation ('sdiv_ln1148', fishery/C++/src/guidedfilter.cpp:53) [28]  (1.49 ns)

 <State 33>: 1.49ns
The critical path consists of the following:
	'sdiv' operation ('sdiv_ln1148', fishery/C++/src/guidedfilter.cpp:53) [28]  (1.49 ns)

 <State 34>: 1.49ns
The critical path consists of the following:
	'sdiv' operation ('sdiv_ln1148', fishery/C++/src/guidedfilter.cpp:53) [28]  (1.49 ns)

 <State 35>: 1.49ns
The critical path consists of the following:
	'sdiv' operation ('sdiv_ln1148', fishery/C++/src/guidedfilter.cpp:53) [28]  (1.49 ns)

 <State 36>: 1.49ns
The critical path consists of the following:
	'sdiv' operation ('sdiv_ln1148', fishery/C++/src/guidedfilter.cpp:53) [28]  (1.49 ns)

 <State 37>: 1.49ns
The critical path consists of the following:
	'sdiv' operation ('sdiv_ln1148', fishery/C++/src/guidedfilter.cpp:53) [28]  (1.49 ns)

 <State 38>: 1.49ns
The critical path consists of the following:
	'sdiv' operation ('sdiv_ln1148', fishery/C++/src/guidedfilter.cpp:53) [28]  (1.49 ns)

 <State 39>: 1.49ns
The critical path consists of the following:
	'sdiv' operation ('sdiv_ln1148', fishery/C++/src/guidedfilter.cpp:53) [28]  (1.49 ns)

 <State 40>: 1.49ns
The critical path consists of the following:
	'sdiv' operation ('sdiv_ln1148', fishery/C++/src/guidedfilter.cpp:53) [28]  (1.49 ns)

 <State 41>: 1.49ns
The critical path consists of the following:
	'sdiv' operation ('sdiv_ln1148', fishery/C++/src/guidedfilter.cpp:53) [28]  (1.49 ns)

 <State 42>: 1.49ns
The critical path consists of the following:
	'sdiv' operation ('sdiv_ln1148', fishery/C++/src/guidedfilter.cpp:53) [28]  (1.49 ns)

 <State 43>: 1.49ns
The critical path consists of the following:
	'sdiv' operation ('sdiv_ln1148', fishery/C++/src/guidedfilter.cpp:53) [28]  (1.49 ns)

 <State 44>: 1.49ns
The critical path consists of the following:
	'sdiv' operation ('sdiv_ln1148', fishery/C++/src/guidedfilter.cpp:53) [28]  (1.49 ns)

 <State 45>: 1.49ns
The critical path consists of the following:
	'sdiv' operation ('sdiv_ln1148', fishery/C++/src/guidedfilter.cpp:53) [28]  (1.49 ns)

 <State 46>: 1.49ns
The critical path consists of the following:
	'sdiv' operation ('sdiv_ln1148', fishery/C++/src/guidedfilter.cpp:53) [28]  (1.49 ns)

 <State 47>: 1.49ns
The critical path consists of the following:
	'sdiv' operation ('sdiv_ln1148', fishery/C++/src/guidedfilter.cpp:53) [28]  (1.49 ns)

 <State 48>: 1.49ns
The critical path consists of the following:
	'sdiv' operation ('sdiv_ln1148', fishery/C++/src/guidedfilter.cpp:53) [28]  (1.49 ns)

 <State 49>: 1.49ns
The critical path consists of the following:
	'sdiv' operation ('sdiv_ln1148', fishery/C++/src/guidedfilter.cpp:53) [28]  (1.49 ns)

 <State 50>: 1.49ns
The critical path consists of the following:
	'sdiv' operation ('sdiv_ln1148', fishery/C++/src/guidedfilter.cpp:53) [28]  (1.49 ns)

 <State 51>: 1.49ns
The critical path consists of the following:
	'sdiv' operation ('sdiv_ln1148', fishery/C++/src/guidedfilter.cpp:53) [28]  (1.49 ns)

 <State 52>: 1.49ns
The critical path consists of the following:
	'sdiv' operation ('sdiv_ln1148', fishery/C++/src/guidedfilter.cpp:53) [28]  (1.49 ns)

 <State 53>: 1.49ns
The critical path consists of the following:
	'sdiv' operation ('sdiv_ln1148', fishery/C++/src/guidedfilter.cpp:53) [28]  (1.49 ns)

 <State 54>: 7.02ns
The critical path consists of the following:
	'sdiv' operation ('sdiv_ln1148', fishery/C++/src/guidedfilter.cpp:53) [28]  (1.49 ns)
	'mul' operation ('r.V', fishery/C++/src/guidedfilter.cpp:56) [34]  (3.42 ns)
	'add' operation ('ret.V', fishery/C++/src/guidedfilter.cpp:56) [37]  (1.09 ns)
	'or' operation ('r', fishery/C++/src/guidedfilter.cpp:56) [42]  (0 ns)
	'and' operation ('and_ln412', fishery/C++/src/guidedfilter.cpp:56) [44]  (0 ns)
	'add' operation ('__Val2__', fishery/C++/src/guidedfilter.cpp:56) [46]  (1.02 ns)

 <State 55>: 5.78ns
The critical path consists of the following:
	'sub' operation ('sub_ln703', fishery/C++/src/guidedfilter.cpp:57) [47]  (1.02 ns)
	'shl' operation ('shl_ln703', fishery/C++/src/guidedfilter.cpp:57) [48]  (0 ns)
	'add' operation ('q.V', fishery/C++/src/guidedfilter.cpp:57) [53]  (0.731 ns)
	'shl' operation ('shl_ln703_3', fishery/C++/src/guidedfilter.cpp:64) [54]  (0 ns)
	'add' operation ('q.V', fishery/C++/src/guidedfilter.cpp:64) [57]  (0.731 ns)
	'icmp' operation ('icmp_ln851', fishery/C++/src/guidedfilter.cpp:66) [61]  (1.1 ns)
	'select' operation ('select_ln851', fishery/C++/src/guidedfilter.cpp:66) [63]  (0 ns)
	'select' operation ('tmp', fishery/C++/src/guidedfilter.cpp:66) [64]  (0.357 ns)
	fifo write on port 'I_enhanced_data_stream_V' (C:/Xilinx/Vivado/2019.2/common/technology/autopilot/hls/hls_video_core.h:703->C:/Xilinx/Vivado/2019.2/common/technology/autopilot/hls/hls_video_core.h:717->fishery/C++/src/guidedfilter.cpp:67) [67]  (1.84 ns)

 <State 56>: 0ns
The critical path consists of the following:


============================================================
+ Verbose Summary: Binding
============================================================
N/A
* FSMD analyzer results:
  - Output states:
 - Input state : 
  - Chain level:
	State 1
	State 2
	State 3
	State 4
	State 5
	State 6
	State 7
	State 8
	State 9
	State 10
	State 11
	State 12
	State 13
	State 14
	State 15
	State 16
	State 17
	State 18
	State 19
	State 20
	State 21
	State 22
	State 23
	State 24
	State 25
	State 26
	State 27
	State 28
	State 29
	State 30
	State 31
	State 32
	State 33
	State 34
	State 35
	State 36
	State 37
	State 38
	State 39
	State 40
	State 41
	State 42
	State 43
	State 44
	State 45
	State 46
	State 47
	State 48
	State 49
	State 50
	State 51
	State 52
	State 53
	State 54
	State 55
	State 56


============================================================
+ Verbose Summary: Datapath Resource usage 
============================================================
N/A
