

================================================================
== Vivado HLS Report for 'ex_enhancement'
================================================================
* Date:           Sun Mar 14 17:33:07 2021

* Version:        2019.2 (Build 2704478 on Wed Nov 06 22:10:23 MST 2019)
* Project:        fishery
* Solution:       solution1
* Product family: zynquplus
* Target device:  xczu9eg-ffvb1156-2-e


================================================================
== Performance Estimates
================================================================
+ Timing: 
    * Summary: 
    +--------+----------+----------+------------+
    |  Clock |  Target  | Estimated| Uncertainty|
    +--------+----------+----------+------------+
    |ap_clk  | 10.00 ns | 8.084 ns |   1.25 ns  |
    +--------+----------+----------+------------+

+ Latency: 
    * Summary: 
    +---------+---------+----------+----------+--------+--------+----------+
    |  Latency (cycles) |  Latency (absolute) |     Interval    | Pipeline |
    |   min   |   max   |    min   |    max   |   min  |   max  |   Type   |
    +---------+---------+----------+----------+--------+--------+----------+
    |   137445|   137445| 1.374 ms | 1.374 ms |  137284|  137284| dataflow |
    +---------+---------+----------+----------+--------+--------+----------+

    + Detail: 
        * Instance: 
        +---------------------------+-----------------+---------+---------+----------+----------+--------+--------+----------+
        |                           |                 |  Latency (cycles) |  Latency (absolute) |     Interval    | Pipeline |
        |          Instance         |      Module     |   min   |   max   |    min   |    max   |   min  |   max  |   Type   |
        +---------------------------+-----------------+---------+---------+----------+----------+--------+--------+----------+
        |grp_guidedfilter204_fu_66  |guidedfilter204  |   137443|   137443| 1.374 ms | 1.374 ms |  137284|  137284| dataflow |
        |grp_read_data1_fu_96       |read_data1       |   129603|   129603| 1.296 ms | 1.296 ms |  129603|  129603|   none   |
        +---------------------------+-----------------+---------+---------+----------+----------+--------+--------+----------+

        * Loop: 
        N/A

============================================================
+ Verbose Summary: Synthesis Manager
============================================================
InlineROM: 1
ExposeGlobal: 0
============================================================
+ Verbose Summary: CDFG Model
============================================================
IsTopModel: 0
ResetActiveHigh: 1
IsCombinational: 2
IsDatapathOnly: 0
HasWiredReturn: 1
HasMFsm: 0
HasVarLatency: 1
IsPipeline: 0
IsRtlPipelined: 0
IsInstanceOverlapped: 0
IsDontTouch: 0
HasImplIP: 0
IsGatedGlobalClock: 0


============================================================
+ Verbose Summary: Schedule
============================================================
* Number of FSM states : 4
* Pipeline : 0
* Dataflow Pipeline: 1
  DF-Pipeline-0: Size = 4, States = { 1 2 3 4 }

* FSM state transitions: 
1 --> 2 
2 --> 3 
3 --> 4 
4 --> 

* FSM state operations: 

State 1 <SV = 0> <Delay = 0.00>
ST_1 : Operation 5 [2/2] (0.00ns)   --->   "call fastcc void @read_data1(i8* %inputImage_data_stream_0_V, i8* %inputImage_data_stream_1_V, i8* %inputImage_data_stream_2_V)" [fishery/C++/src/ex_enhancement.cpp:10]   --->   Operation 5 'call' <Predicate = true> <Delay = 0.00> <CoreType = "Generic">   --->   Core 0 '' <Latency = 0> <II = 1> <Delay = 1.00> <Generic> <Opcode : >

State 2 <SV = 1> <Delay = 0.00>
ST_2 : Operation 6 [1/2] (0.00ns)   --->   "call fastcc void @read_data1(i8* %inputImage_data_stream_0_V, i8* %inputImage_data_stream_1_V, i8* %inputImage_data_stream_2_V)" [fishery/C++/src/ex_enhancement.cpp:10]   --->   Operation 6 'call' <Predicate = true> <Delay = 0.00> <CoreType = "Generic">   --->   Core 0 '' <Latency = 0> <II = 1> <Delay = 1.00> <Generic> <Opcode : >

State 3 <SV = 2> <Delay = 0.00>
ST_3 : Operation 7 [2/2] (0.00ns)   --->   "call fastcc void @guidedfilter204(i16* %I_enhanced_data_stream_V)" [fishery/C++/src/ex_enhancement.cpp:11]   --->   Operation 7 'call' <Predicate = true> <Delay = 0.00> <CoreType = "Generic">   --->   Core 0 '' <Latency = 0> <II = 1> <Delay = 1.00> <Generic> <Opcode : >

State 4 <SV = 3> <Delay = 0.00>
ST_4 : Operation 8 [1/1] (0.00ns)   --->   "call void (...)* @_ssdm_op_SpecInterface(i32* @ONES_V_V, [8 x i8]* @ap_fifo_str, i32 0, i32 0, [1 x i8]* @p_str, i32 0, i32 0, [1 x i8]* @p_str, [1 x i8]* @p_str, [1 x i8]* @p_str, i32 2, i32 2, i32 16, i32 16, [1 x i8]* @p_str, [1 x i8]* @p_str)"   --->   Operation 8 'specinterface' <Predicate = true> <Delay = 0.00>
ST_4 : Operation 9 [1/1] (0.00ns)   --->   "call void (...)* @_ssdm_op_SpecInterface(i32* @I_COPY_V_V, [8 x i8]* @ap_fifo_str, i32 0, i32 0, [1 x i8]* @p_str, i32 0, i32 0, [1 x i8]* @p_str, [1 x i8]* @p_str, [1 x i8]* @p_str, i32 2, i32 2, i32 16, i32 16, [1 x i8]* @p_str, [1 x i8]* @p_str)"   --->   Operation 9 'specinterface' <Predicate = true> <Delay = 0.00>
ST_4 : Operation 10 [1/1] (0.00ns)   --->   "call void (...)* @_ssdm_op_SpecInterface(i32* @I_2_V_V, [8 x i8]* @ap_fifo_str, i32 0, i32 0, [1 x i8]* @p_str, i32 0, i32 0, [1 x i8]* @p_str, [1 x i8]* @p_str, [1 x i8]* @p_str, i32 2, i32 2, i32 16, i32 16, [1 x i8]* @p_str, [1 x i8]* @p_str)"   --->   Operation 10 'specinterface' <Predicate = true> <Delay = 0.00>
ST_4 : Operation 11 [1/1] (0.00ns)   --->   "call void (...)* @_ssdm_op_SpecInterface(i32* @I_V_V, [8 x i8]* @ap_fifo_str, i32 0, i32 0, [1 x i8]* @p_str, i32 0, i32 0, [1 x i8]* @p_str, [1 x i8]* @p_str, [1 x i8]* @p_str, i32 2, i32 2, i32 16, i32 16, [1 x i8]* @p_str, [1 x i8]* @p_str)"   --->   Operation 11 'specinterface' <Predicate = true> <Delay = 0.00>
ST_4 : Operation 12 [1/1] (0.00ns)   --->   "call void (...)* @_ssdm_op_SpecInterface(i16* %I_enhanced_data_stream_V, [8 x i8]* @ap_fifo_str, i32 0, i32 0, [1 x i8]* @p_str, i32 0, i32 0, [1 x i8]* @p_str, [1 x i8]* @p_str, [1 x i8]* @p_str, i32 2, i32 2, i32 16, i32 16, [1 x i8]* @p_str, [1 x i8]* @p_str)"   --->   Operation 12 'specinterface' <Predicate = true> <Delay = 0.00>
ST_4 : Operation 13 [1/1] (0.00ns)   --->   "call void (...)* @_ssdm_op_SpecInterface(i8* %inputImage_data_stream_2_V, [8 x i8]* @ap_fifo_str, i32 0, i32 0, [1 x i8]* @p_str, i32 0, i32 0, [1 x i8]* @p_str, [1 x i8]* @p_str, [1 x i8]* @p_str, i32 2, i32 2, i32 16, i32 16, [1 x i8]* @p_str, [1 x i8]* @p_str)"   --->   Operation 13 'specinterface' <Predicate = true> <Delay = 0.00>
ST_4 : Operation 14 [1/1] (0.00ns)   --->   "call void (...)* @_ssdm_op_SpecInterface(i8* %inputImage_data_stream_1_V, [8 x i8]* @ap_fifo_str, i32 0, i32 0, [1 x i8]* @p_str, i32 0, i32 0, [1 x i8]* @p_str, [1 x i8]* @p_str, [1 x i8]* @p_str, i32 2, i32 2, i32 16, i32 16, [1 x i8]* @p_str, [1 x i8]* @p_str)"   --->   Operation 14 'specinterface' <Predicate = true> <Delay = 0.00>
ST_4 : Operation 15 [1/1] (0.00ns)   --->   "call void (...)* @_ssdm_op_SpecInterface(i8* %inputImage_data_stream_0_V, [8 x i8]* @ap_fifo_str, i32 0, i32 0, [1 x i8]* @p_str, i32 0, i32 0, [1 x i8]* @p_str, [1 x i8]* @p_str, [1 x i8]* @p_str, i32 2, i32 2, i32 16, i32 16, [1 x i8]* @p_str, [1 x i8]* @p_str)"   --->   Operation 15 'specinterface' <Predicate = true> <Delay = 0.00>
ST_4 : Operation 16 [1/1] (0.00ns)   --->   "call void (...)* @_ssdm_op_SpecDataflowPipeline(i32 -1, i32 0, [1 x i8]* @p_str44) nounwind" [fishery/C++/src/ex_enhancement.cpp:9]   --->   Operation 16 'specdataflowpipeline' <Predicate = true> <Delay = 0.00>
ST_4 : Operation 17 [1/2] (0.00ns)   --->   "call fastcc void @guidedfilter204(i16* %I_enhanced_data_stream_V)" [fishery/C++/src/ex_enhancement.cpp:11]   --->   Operation 17 'call' <Predicate = true> <Delay = 0.00> <CoreType = "Generic">   --->   Core 0 '' <Latency = 0> <II = 1> <Delay = 1.00> <Generic> <Opcode : >
ST_4 : Operation 18 [1/1] (0.00ns)   --->   "%empty = call i32 (...)* @_ssdm_op_SpecChannel([6 x i8]* @I_OC_V_OC_V_str, i32 1, [1 x i8]* @p_str, [1 x i8]* @p_str, i32 2, i32 2, i32* @I_V_V, i32* @I_V_V)"   --->   Operation 18 'specchannel' 'empty' <Predicate = true> <Delay = 0.00>
ST_4 : Operation 19 [1/1] (0.00ns)   --->   "%empty_279 = call i32 (...)* @_ssdm_op_SpecChannel([8 x i8]* @I_2_OC_V_OC_V_str, i32 1, [1 x i8]* @p_str, [1 x i8]* @p_str, i32 2, i32 2, i32* @I_2_V_V, i32* @I_2_V_V)"   --->   Operation 19 'specchannel' 'empty_279' <Predicate = true> <Delay = 0.00>
ST_4 : Operation 20 [1/1] (0.00ns)   --->   "%empty_280 = call i32 (...)* @_ssdm_op_SpecChannel([11 x i8]* @I_COPY_OC_V_OC_V_str, i32 1, [1 x i8]* @p_str, [1 x i8]* @p_str, i32 2, i32 2, i32* @I_COPY_V_V, i32* @I_COPY_V_V)"   --->   Operation 20 'specchannel' 'empty_280' <Predicate = true> <Delay = 0.00>
ST_4 : Operation 21 [1/1] (0.00ns)   --->   "%empty_281 = call i32 (...)* @_ssdm_op_SpecChannel([9 x i8]* @ONES_OC_V_OC_V_str, i32 1, [1 x i8]* @p_str, [1 x i8]* @p_str, i32 2, i32 2, i32* @ONES_V_V, i32* @ONES_V_V)"   --->   Operation 21 'specchannel' 'empty_281' <Predicate = true> <Delay = 0.00>
ST_4 : Operation 22 [1/1] (0.00ns)   --->   "ret void" [fishery/C++/src/ex_enhancement.cpp:12]   --->   Operation 22 'ret' <Predicate = true> <Delay = 0.00>


============================================================
+ Verbose Summary: Binding
============================================================
STG Binding: 
---------------- STG Properties BEGIN ----------------
- Is combinational: 0
- Is one-state seq: 0
- Is datapath-only: 0
- Is pipelined: 0
- Is top level: 0
Port [ Return ] is wired: 1; IO mode=ap_ctrl_hs:ce=0
Port [ inputImage_data_stream_0_V]:  wired=1; compound=1; hidden=0; nouse=0; global=0; static=0; extern=0; dir=0; type=3; pingpong=0; private_global=0; IO mode=ap_fifo:ce=0
Port [ inputImage_data_stream_1_V]:  wired=1; compound=1; hidden=0; nouse=0; global=0; static=0; extern=0; dir=0; type=3; pingpong=0; private_global=0; IO mode=ap_fifo:ce=0
Port [ inputImage_data_stream_2_V]:  wired=1; compound=1; hidden=0; nouse=0; global=0; static=0; extern=0; dir=0; type=3; pingpong=0; private_global=0; IO mode=ap_fifo:ce=0
Port [ I_enhanced_data_stream_V]:  wired=1; compound=1; hidden=0; nouse=0; global=0; static=0; extern=0; dir=1; type=3; pingpong=0; private_global=0; IO mode=ap_fifo:ce=0
Port [ I_V_V]:  wired=0; compound=1; hidden=1; nouse=0; global=1; static=1; extern=0; dir=2; type=3; pingpong=0; private_global=0; linkage=7; visibility=0; IO mode=ap_fifo:ce=0
Port [ I_COPY_V_V]:  wired=0; compound=1; hidden=1; nouse=0; global=1; static=1; extern=0; dir=2; type=3; pingpong=0; private_global=0; linkage=7; visibility=0; IO mode=ap_fifo:ce=0
Port [ I_2_V_V]:  wired=0; compound=1; hidden=1; nouse=0; global=1; static=1; extern=0; dir=2; type=3; pingpong=0; private_global=0; linkage=7; visibility=0; IO mode=ap_fifo:ce=0
Port [ ONES_V_V]:  wired=0; compound=1; hidden=1; nouse=0; global=1; static=1; extern=0; dir=2; type=3; pingpong=0; private_global=0; linkage=7; visibility=0; IO mode=ap_fifo:ce=0
Port [ N_V_V]:  wired=0; compound=1; hidden=1; nouse=1; global=1; static=1; extern=0; dir=2; type=3; pingpong=0; private_global=0; linkage=7; visibility=0; IO mode=ap_fifo_stream_channel:ce=0
Port [ mean_I_V_V]:  wired=0; compound=1; hidden=1; nouse=1; global=1; static=1; extern=0; dir=2; type=3; pingpong=0; private_global=0; linkage=7; visibility=0; IO mode=ap_fifo_stream_channel:ce=0
Port [ mean_II_V_V]:  wired=0; compound=1; hidden=1; nouse=1; global=1; static=1; extern=0; dir=2; type=3; pingpong=0; private_global=0; linkage=7; visibility=0; IO mode=ap_fifo_stream_channel:ce=0
Port [ N_COPY_V_V]:  wired=0; compound=1; hidden=1; nouse=1; global=1; static=1; extern=0; dir=2; type=3; pingpong=0; private_global=0; linkage=7; visibility=0; IO mode=ap_fifo_stream_channel:ce=0
Port [ a_V_V]:  wired=0; compound=1; hidden=1; nouse=1; global=1; static=1; extern=0; dir=2; type=3; pingpong=0; private_global=0; linkage=7; visibility=0; IO mode=ap_fifo_stream_channel:ce=0
Port [ b_V_V]:  wired=0; compound=1; hidden=1; nouse=1; global=1; static=1; extern=0; dir=2; type=3; pingpong=0; private_global=0; linkage=7; visibility=0; IO mode=ap_fifo_stream_channel:ce=0
Port [ mean_A_V_V]:  wired=0; compound=1; hidden=1; nouse=1; global=1; static=1; extern=0; dir=2; type=3; pingpong=0; private_global=0; linkage=7; visibility=0; IO mode=ap_fifo_stream_channel:ce=0
Port [ mean_B_V_V]:  wired=0; compound=1; hidden=1; nouse=1; global=1; static=1; extern=0; dir=2; type=3; pingpong=0; private_global=0; linkage=7; visibility=0; IO mode=ap_fifo_stream_channel:ce=0
---------------- STG Properties END ------------------

---------------- Datapath Model BEGIN ----------------

<LifeTime>
<method=bitvector/>
call_ln10                (call                ) [ 00000]
specinterface_ln0        (specinterface       ) [ 00000]
specinterface_ln0        (specinterface       ) [ 00000]
specinterface_ln0        (specinterface       ) [ 00000]
specinterface_ln0        (specinterface       ) [ 00000]
specinterface_ln0        (specinterface       ) [ 00000]
specinterface_ln0        (specinterface       ) [ 00000]
specinterface_ln0        (specinterface       ) [ 00000]
specinterface_ln0        (specinterface       ) [ 00000]
specdataflowpipeline_ln9 (specdataflowpipeline) [ 00000]
call_ln11                (call                ) [ 00000]
empty                    (specchannel         ) [ 00000]
empty_279                (specchannel         ) [ 00000]
empty_280                (specchannel         ) [ 00000]
empty_281                (specchannel         ) [ 00000]
ret_ln12                 (ret                 ) [ 00000]
</LifeTime>

<model>

<comp_list>
<comp id="0" class="1000" name="inputImage_data_stream_0_V">
<pin_list>
<pin id="1" dir="1" index="0" bw="1" slack="0"/>
</pin_list>
<bind>
<StgValue><ssdm name="inputImage_data_stream_0_V"/></StgValue>
</bind>
</comp>

<comp id="2" class="1000" name="inputImage_data_stream_1_V">
<pin_list>
<pin id="3" dir="1" index="0" bw="1" slack="0"/>
</pin_list>
<bind>
<StgValue><ssdm name="inputImage_data_stream_1_V"/></StgValue>
</bind>
</comp>

<comp id="4" class="1000" name="inputImage_data_stream_2_V">
<pin_list>
<pin id="5" dir="1" index="0" bw="1" slack="0"/>
</pin_list>
<bind>
<StgValue><ssdm name="inputImage_data_stream_2_V"/></StgValue>
</bind>
</comp>

<comp id="6" class="1000" name="I_enhanced_data_stream_V">
<pin_list>
<pin id="7" dir="1" index="0" bw="1" slack="0"/>
</pin_list>
<bind>
<StgValue><ssdm name="I_enhanced_data_stream_V"/></StgValue>
</bind>
</comp>

<comp id="8" class="1000" name="I_V_V">
<pin_list>
<pin id="9" dir="1" index="0" bw="1" slack="0"/>
</pin_list>
<bind>
<StgValue><ssdm name="I_V_V"/></StgValue>
</bind>
</comp>

<comp id="10" class="1000" name="I_COPY_V_V">
<pin_list>
<pin id="11" dir="1" index="0" bw="1" slack="0"/>
</pin_list>
<bind>
<StgValue><ssdm name="I_COPY_V_V"/></StgValue>
</bind>
</comp>

<comp id="12" class="1000" name="I_2_V_V">
<pin_list>
<pin id="13" dir="1" index="0" bw="1" slack="0"/>
</pin_list>
<bind>
<StgValue><ssdm name="I_2_V_V"/></StgValue>
</bind>
</comp>

<comp id="14" class="1000" name="ONES_V_V">
<pin_list>
<pin id="15" dir="1" index="0" bw="1" slack="0"/>
</pin_list>
<bind>
<StgValue><ssdm name="ONES_V_V"/></StgValue>
</bind>
</comp>

<comp id="16" class="1000" name="N_V_V">
<pin_list>
<pin id="17" dir="1" index="0" bw="1" slack="0"/>
</pin_list>
<bind>
<StgValue><ssdm name="N_V_V"/></StgValue>
</bind>
</comp>

<comp id="18" class="1000" name="mean_I_V_V">
<pin_list>
<pin id="19" dir="1" index="0" bw="1" slack="0"/>
</pin_list>
<bind>
<StgValue><ssdm name="mean_I_V_V"/></StgValue>
</bind>
</comp>

<comp id="20" class="1000" name="mean_II_V_V">
<pin_list>
<pin id="21" dir="1" index="0" bw="1" slack="0"/>
</pin_list>
<bind>
<StgValue><ssdm name="mean_II_V_V"/></StgValue>
</bind>
</comp>

<comp id="22" class="1000" name="N_COPY_V_V">
<pin_list>
<pin id="23" dir="1" index="0" bw="1" slack="0"/>
</pin_list>
<bind>
<StgValue><ssdm name="N_COPY_V_V"/></StgValue>
</bind>
</comp>

<comp id="24" class="1000" name="a_V_V">
<pin_list>
<pin id="25" dir="1" index="0" bw="1" slack="0"/>
</pin_list>
<bind>
<StgValue><ssdm name="a_V_V"/></StgValue>
</bind>
</comp>

<comp id="26" class="1000" name="b_V_V">
<pin_list>
<pin id="27" dir="1" index="0" bw="1" slack="0"/>
</pin_list>
<bind>
<StgValue><ssdm name="b_V_V"/></StgValue>
</bind>
</comp>

<comp id="28" class="1000" name="mean_A_V_V">
<pin_list>
<pin id="29" dir="1" index="0" bw="1" slack="0"/>
</pin_list>
<bind>
<StgValue><ssdm name="mean_A_V_V"/></StgValue>
</bind>
</comp>

<comp id="30" class="1000" name="mean_B_V_V">
<pin_list>
<pin id="31" dir="1" index="0" bw="1" slack="0"/>
</pin_list>
<bind>
<StgValue><ssdm name="mean_B_V_V"/></StgValue>
</bind>
</comp>

<comp id="32" class="1001" name="const_32">
<pin_list>
<pin id="33" dir="1" index="0" bw="1" slack="0"/>
</pin_list>
<bind>
<StgValue><ssdm name="read_data1"/></StgValue>
</bind>
</comp>

<comp id="34" class="1001" name="const_34">
<pin_list>
<pin id="35" dir="1" index="0" bw="1" slack="0"/>
</pin_list>
<bind>
<StgValue><ssdm name="guidedfilter204"/></StgValue>
</bind>
</comp>

<comp id="36" class="1001" name="const_36">
<pin_list>
<pin id="37" dir="1" index="0" bw="1" slack="2147483647"/>
</pin_list>
<bind>
<StgValue><ssdm name="_ssdm_op_SpecInterface"/></StgValue>
</bind>
</comp>

<comp id="38" class="1001" name="const_38">
<pin_list>
<pin id="39" dir="1" index="0" bw="1" slack="2147483647"/>
</pin_list>
<bind>
<StgValue><ssdm name="ap_fifo_str"/></StgValue>
</bind>
</comp>

<comp id="40" class="1001" name="const_40">
<pin_list>
<pin id="41" dir="1" index="0" bw="1" slack="2147483647"/>
</pin_list>
<bind>
<StgValue><ssdm name=""/></StgValue>
</bind>
</comp>

<comp id="42" class="1001" name="const_42">
<pin_list>
<pin id="43" dir="1" index="0" bw="1" slack="2147483647"/>
</pin_list>
<bind>
<StgValue><ssdm name="p_str"/></StgValue>
</bind>
</comp>

<comp id="44" class="1001" name="const_44">
<pin_list>
<pin id="45" dir="1" index="0" bw="1" slack="2147483647"/>
</pin_list>
<bind>
<StgValue><ssdm name=""/></StgValue>
</bind>
</comp>

<comp id="46" class="1001" name="const_46">
<pin_list>
<pin id="47" dir="1" index="0" bw="1" slack="2147483647"/>
</pin_list>
<bind>
<StgValue><ssdm name=""/></StgValue>
</bind>
</comp>

<comp id="48" class="1001" name="const_48">
<pin_list>
<pin id="49" dir="1" index="0" bw="1" slack="2147483647"/>
</pin_list>
<bind>
<StgValue><ssdm name="_ssdm_op_SpecDataflowPipeline"/></StgValue>
</bind>
</comp>

<comp id="50" class="1001" name="const_50">
<pin_list>
<pin id="51" dir="1" index="0" bw="1" slack="2147483647"/>
</pin_list>
<bind>
<StgValue><ssdm name=""/></StgValue>
</bind>
</comp>

<comp id="52" class="1001" name="const_52">
<pin_list>
<pin id="53" dir="1" index="0" bw="1" slack="2147483647"/>
</pin_list>
<bind>
<StgValue><ssdm name="p_str44"/></StgValue>
</bind>
</comp>

<comp id="54" class="1001" name="const_54">
<pin_list>
<pin id="55" dir="1" index="0" bw="1" slack="2147483647"/>
</pin_list>
<bind>
<StgValue><ssdm name="_ssdm_op_SpecChannel"/></StgValue>
</bind>
</comp>

<comp id="56" class="1001" name="const_56">
<pin_list>
<pin id="57" dir="1" index="0" bw="1" slack="2147483647"/>
</pin_list>
<bind>
<StgValue><ssdm name="I_OC_V_OC_V_str"/></StgValue>
</bind>
</comp>

<comp id="58" class="1001" name="const_58">
<pin_list>
<pin id="59" dir="1" index="0" bw="1" slack="2147483647"/>
</pin_list>
<bind>
<StgValue><ssdm name=""/></StgValue>
</bind>
</comp>

<comp id="60" class="1001" name="const_60">
<pin_list>
<pin id="61" dir="1" index="0" bw="1" slack="2147483647"/>
</pin_list>
<bind>
<StgValue><ssdm name="I_2_OC_V_OC_V_str"/></StgValue>
</bind>
</comp>

<comp id="62" class="1001" name="const_62">
<pin_list>
<pin id="63" dir="1" index="0" bw="1" slack="2147483647"/>
</pin_list>
<bind>
<StgValue><ssdm name="I_COPY_OC_V_OC_V_str"/></StgValue>
</bind>
</comp>

<comp id="64" class="1001" name="const_64">
<pin_list>
<pin id="65" dir="1" index="0" bw="1" slack="2147483647"/>
</pin_list>
<bind>
<StgValue><ssdm name="ONES_OC_V_OC_V_str"/></StgValue>
</bind>
</comp>

<comp id="66" class="1004" name="grp_guidedfilter204_fu_66">
<pin_list>
<pin id="67" dir="0" index="0" bw="0" slack="0"/>
<pin id="68" dir="0" index="1" bw="16" slack="0"/>
<pin id="69" dir="0" index="2" bw="32" slack="0"/>
<pin id="70" dir="0" index="3" bw="32" slack="0"/>
<pin id="71" dir="0" index="4" bw="32" slack="0"/>
<pin id="72" dir="0" index="5" bw="32" slack="0"/>
<pin id="73" dir="0" index="6" bw="32" slack="0"/>
<pin id="74" dir="0" index="7" bw="32" slack="0"/>
<pin id="75" dir="0" index="8" bw="32" slack="0"/>
<pin id="76" dir="0" index="9" bw="32" slack="0"/>
<pin id="77" dir="0" index="10" bw="32" slack="0"/>
<pin id="78" dir="0" index="11" bw="32" slack="0"/>
<pin id="79" dir="0" index="12" bw="32" slack="0"/>
<pin id="80" dir="0" index="13" bw="32" slack="0"/>
<pin id="81" dir="1" index="14" bw="0" slack="2147483647"/>
</pin_list>
<bind>
<opcode="call(48) " fcode="call"/>
<opset="call_ln11/3 "/>
</bind>
</comp>

<comp id="96" class="1004" name="grp_read_data1_fu_96">
<pin_list>
<pin id="97" dir="0" index="0" bw="0" slack="0"/>
<pin id="98" dir="0" index="1" bw="8" slack="0"/>
<pin id="99" dir="0" index="2" bw="8" slack="0"/>
<pin id="100" dir="0" index="3" bw="8" slack="0"/>
<pin id="101" dir="0" index="4" bw="32" slack="0"/>
<pin id="102" dir="0" index="5" bw="32" slack="0"/>
<pin id="103" dir="0" index="6" bw="32" slack="0"/>
<pin id="104" dir="0" index="7" bw="32" slack="0"/>
<pin id="105" dir="1" index="8" bw="0" slack="2147483647"/>
</pin_list>
<bind>
<opcode="call(48) " fcode="call"/>
<opset="call_ln10/1 "/>
</bind>
</comp>

</comp_list>

<net_list>
<net id="82"><net_src comp="34" pin="0"/><net_sink comp="66" pin=0"/></net>

<net id="83"><net_src comp="6" pin="0"/><net_sink comp="66" pin=1"/></net>

<net id="84"><net_src comp="14" pin="0"/><net_sink comp="66" pin=2"/></net>

<net id="85"><net_src comp="16" pin="0"/><net_sink comp="66" pin=3"/></net>

<net id="86"><net_src comp="8" pin="0"/><net_sink comp="66" pin=4"/></net>

<net id="87"><net_src comp="18" pin="0"/><net_sink comp="66" pin=5"/></net>

<net id="88"><net_src comp="12" pin="0"/><net_sink comp="66" pin=6"/></net>

<net id="89"><net_src comp="20" pin="0"/><net_sink comp="66" pin=7"/></net>

<net id="90"><net_src comp="22" pin="0"/><net_sink comp="66" pin=8"/></net>

<net id="91"><net_src comp="24" pin="0"/><net_sink comp="66" pin=9"/></net>

<net id="92"><net_src comp="26" pin="0"/><net_sink comp="66" pin=10"/></net>

<net id="93"><net_src comp="28" pin="0"/><net_sink comp="66" pin=11"/></net>

<net id="94"><net_src comp="30" pin="0"/><net_sink comp="66" pin=12"/></net>

<net id="95"><net_src comp="10" pin="0"/><net_sink comp="66" pin=13"/></net>

<net id="106"><net_src comp="32" pin="0"/><net_sink comp="96" pin=0"/></net>

<net id="107"><net_src comp="0" pin="0"/><net_sink comp="96" pin=1"/></net>

<net id="108"><net_src comp="2" pin="0"/><net_sink comp="96" pin=2"/></net>

<net id="109"><net_src comp="4" pin="0"/><net_sink comp="96" pin=3"/></net>

<net id="110"><net_src comp="8" pin="0"/><net_sink comp="96" pin=4"/></net>

<net id="111"><net_src comp="10" pin="0"/><net_sink comp="96" pin=5"/></net>

<net id="112"><net_src comp="12" pin="0"/><net_sink comp="96" pin=6"/></net>

<net id="113"><net_src comp="14" pin="0"/><net_sink comp="96" pin=7"/></net>

</net_list>

</model> 
---------------- Datapath Model END ------------------

* FSMD analyzer results:
  - Output states:
	Port: I_enhanced_data_stream_V | {3 4 }
	Port: I_V_V | {1 2 }
	Port: I_COPY_V_V | {1 2 }
	Port: I_2_V_V | {1 2 }
	Port: ONES_V_V | {1 2 }
	Port: N_V_V | {3 4 }
	Port: mean_I_V_V | {3 4 }
	Port: mean_II_V_V | {3 4 }
	Port: N_COPY_V_V | {3 4 }
	Port: a_V_V | {3 4 }
	Port: b_V_V | {3 4 }
	Port: mean_A_V_V | {3 4 }
	Port: mean_B_V_V | {3 4 }
 - Input state : 
	Port: ex_enhancement : inputImage_data_stream_0_V | {1 2 }
	Port: ex_enhancement : inputImage_data_stream_1_V | {1 2 }
	Port: ex_enhancement : inputImage_data_stream_2_V | {1 2 }
	Port: ex_enhancement : I_V_V | {3 4 }
	Port: ex_enhancement : I_COPY_V_V | {3 4 }
	Port: ex_enhancement : I_2_V_V | {3 4 }
	Port: ex_enhancement : ONES_V_V | {3 4 }
	Port: ex_enhancement : N_V_V | {3 4 }
	Port: ex_enhancement : mean_I_V_V | {3 4 }
	Port: ex_enhancement : mean_II_V_V | {3 4 }
	Port: ex_enhancement : N_COPY_V_V | {3 4 }
	Port: ex_enhancement : a_V_V | {3 4 }
	Port: ex_enhancement : b_V_V | {3 4 }
	Port: ex_enhancement : mean_A_V_V | {3 4 }
	Port: ex_enhancement : mean_B_V_V | {3 4 }
  - Chain level:
	State 1
	State 2
	State 3
	State 4


============================================================
+ Verbose Summary: Datapath Resource usage 
============================================================

* Functional unit list:
|----------|---------------------------|---------|---------|---------|---------|---------|---------|
| Operation|      Functional Unit      |   BRAM  |  DSP48E |  Delay  |    FF   |   LUT   |   URAM  |
|----------|---------------------------|---------|---------|---------|---------|---------|---------|
|   call   | grp_guidedfilter204_fu_66 |   165   |    12   | 124.734 |  28448  |  26476  |    0    |
|          |    grp_read_data1_fu_96   |    0    |    4    |    0    |    53   |   176   |    0    |
|----------|---------------------------|---------|---------|---------|---------|---------|---------|
|   Total  |                           |   165   |    16   | 124.734 |  28501  |  26652  |    0    |
|----------|---------------------------|---------|---------|---------|---------|---------|---------|

Memories:
N/A

* Register list:
N/A

* Multiplexer (MUX) list: 
|--------|------|------|------|--------|
|  Comp  |  Pin | Size |  BW  | S x BW |
|--------|------|------|------|--------|
|  Total |      |      |      |    0   |
|--------|------|------|------|--------|



* Summary:
+-----------+--------+--------+--------+--------+--------+--------+
|           |  BRAM  | DSP48E |  Delay |   FF   |   LUT  |  URAM  |
+-----------+--------+--------+--------+--------+--------+--------+
|  Function |   165  |   16   |   124  |  28501 |  26652 |    0   |
|   Memory  |    -   |    -   |    -   |    -   |    -   |    -   |
|Multiplexer|    -   |    -   |    -   |    -   |    -   |    -   |
|  Register |    -   |    -   |    -   |    -   |    -   |    -   |
+-----------+--------+--------+--------+--------+--------+--------+
|   Total   |   165  |   16   |   124  |  28501 |  26652 |    0   |
+-----------+--------+--------+--------+--------+--------+--------+
